[1000] tvsec: 4936689232633851
[1000] tvsec: 4936689232670198
[10000] tvsec: 4936689232802140
[10000] tvsec: 4936689232836315
[100000] tvsec: 4936689232958784
[100000] tvsec: 4936689233117597
[1000000] tvsec: 4936689233548452
[1000000] tvsec: 4936689235039462
[10000000] tvsec: 4936689236934440
[10000000] tvsec: 4936689240261732
[1000] tvsec: 4936690319348618
[1000] tvsec: 4936690319391315
[10000] tvsec: 4936690319518225
[10000] tvsec: 4936690319552181
[100000] tvsec: 4936690319672044
[100000] tvsec: 4936690319833668
[1000000] tvsec: 4936690320307544
[1000000] tvsec: 4936690321805260
[10000000] tvsec: 4936690323840975
[10000000] tvsec: 4936690327201077
[1000] tvsec: 4936691160408657
[1000] tvsec: 4936691160451196
[10000] tvsec: 4936691160581437
[10000] tvsec: 4936691160615715
[100000] tvsec: 4936691160739427
[100000] tvsec: 4936691160899978
[1000000] tvsec: 4936691161328686
[1000000] tvsec: 4936691162825989
[10000000] tvsec: 4936691164849314
[10000000] tvsec: 4936691168179622
[1000] tvsec: 4936691975159685
[1000] tvsec: 4936691975194620
[10000] tvsec: 4936691975320804
[10000] tvsec: 4936691975353959
[100000] tvsec: 4936691975470071
[100000] tvsec: 4936691975628897
[1000000] tvsec: 4936691976082696
[1000000] tvsec: 4936691977579075
[10000000] tvsec: 4936691979772989
[10000000] tvsec: 4936691983088730
[1000] tvsec: 4936692704417397
[1000] tvsec: 4936692704459169
[10000] tvsec: 4936692704586513
[10000] tvsec: 4936692704620969
[100000] tvsec: 4936692704738919
[100000] tvsec: 4936692704899524
[1000000] tvsec: 4936692705327872
[1000000] tvsec: 4936692706828764
[10000000] tvsec: 4936692708863006
[10000000] tvsec: 4936692712203069
[1000] tvsec: 4936693352956113
[1000] tvsec: 4936693352983519
[10000] tvsec: 4936693353087255
[10000] tvsec: 4936693353114729
[100000] tvsec: 4936693353232260
[100000] tvsec: 4936693353367861
[1000000] tvsec: 4936693353716606
[1000000] tvsec: 4936693354862003
[10000000] tvsec: 4936693357596426
[10000000] tvsec: 4936693360853926
[1000] tvsec: 4936693847327894
[1000] tvsec: 4936693847363195
[10000] tvsec: 4936693847503465
[10000] tvsec: 4936693847539402
[100000] tvsec: 4936693847669420
[100000] tvsec: 4936693847843743
[1000000] tvsec: 4936693848324184
[1000000] tvsec: 4936693849818934
[10000000] tvsec: 4936693851820478
[10000000] tvsec: 4936693855094522
[1000] tvsec: 4936694290194321
[1000] tvsec: 4936694290237003
[10000] tvsec: 4936694290695599
[10000] tvsec: 4936694290739810
[100000] tvsec: 4936694290852636
[100000] tvsec: 4936694291021438
[1000000] tvsec: 4936694291448319
[1000000] tvsec: 4936694292974170
[10000000] tvsec: 4936694296247009
[10000000] tvsec: 4936694299620691
[1000] tvsec: 4936694705271843
[1000] tvsec: 4936694705306614
[10000] tvsec: 4936694705435895
[10000] tvsec: 4936694705469634
[100000] tvsec: 4936694705591938
[100000] tvsec: 4936694705751326
[1000000] tvsec: 4936694706167938
[1000000] tvsec: 4936694707653767
[10000000] tvsec: 4936694709805691
[10000000] tvsec: 4936694713073482
[1000] tvsec: 4936695157348320
[1000] tvsec: 4936695157377000
[10000] tvsec: 4936695157505703
[10000] tvsec: 4936695157539179
[100000] tvsec: 4936695157658268
[100000] tvsec: 4936695157817922
[1000000] tvsec: 4936695158241751
[1000000] tvsec: 4936695159749273
[10000000] tvsec: 4936695161812430
[10000000] tvsec: 4936695165167037
