[1000] tvsec: 1605689099360989000
[1000] tvsec: 1605689099361031000
[10000] tvsec: 1605689099361187000
[10000] tvsec: 1605689099361249000
[100000] tvsec: 1605689099361375000
[100000] tvsec: 1605689099362118000
[1000000] tvsec: 1605689099362315000
[1000000] tvsec: 1605689099367003000
[10000000] tvsec: 1605689099367935000
[10000000] tvsec: 1605689099416350000
[1000] tvsec: 1605689101238706000
[1000] tvsec: 1605689101238752000
[10000] tvsec: 1605689101238915000
[10000] tvsec: 1605689101238994000
[100000] tvsec: 1605689101239131000
[100000] tvsec: 1605689101239931000
[1000000] tvsec: 1605689101240143000
[1000000] tvsec: 1605689101245168000
[10000000] tvsec: 1605689101246164000
[10000000] tvsec: 1605689101297511000
[1000] tvsec: 1605689103110859000
[1000] tvsec: 1605689103110903000
[10000] tvsec: 1605689103111044000
[10000] tvsec: 1605689103111107000
[100000] tvsec: 1605689103111246000
[100000] tvsec: 1605689103111581000
[1000000] tvsec: 1605689103111776000
[1000000] tvsec: 1605689103116815000
[10000000] tvsec: 1605689103117705000
[10000000] tvsec: 1605689103164856000
[1000] tvsec: 1605689104960004000
[1000] tvsec: 1605689104960045000
[10000] tvsec: 1605689104960203000
[10000] tvsec: 1605689104960279000
[100000] tvsec: 1605689104960406000
[100000] tvsec: 1605689104961135000
[1000000] tvsec: 1605689104961330000
[1000000] tvsec: 1605689104966068000
[10000000] tvsec: 1605689104967004000
[10000000] tvsec: 1605689105014929000
[1000] tvsec: 1605689106839547000
[1000] tvsec: 1605689106839587000
[10000] tvsec: 1605689106839743000
[10000] tvsec: 1605689106839819000
[100000] tvsec: 1605689106839954000
[100000] tvsec: 1605689106840680000
[1000000] tvsec: 1605689106840876000
[1000000] tvsec: 1605689106845502000
[10000000] tvsec: 1605689106846440000
[10000000] tvsec: 1605689106894015000
[1000] tvsec: 1605689108711746000
[1000] tvsec: 1605689108711787000
[10000] tvsec: 1605689108711941000
[10000] tvsec: 1605689108712010000
[100000] tvsec: 1605689108712133000
[100000] tvsec: 1605689108712865000
[1000000] tvsec: 1605689108713057000
[1000000] tvsec: 1605689108717648000
[10000000] tvsec: 1605689108718531000
[10000000] tvsec: 1605689108765637000
[1000] tvsec: 1605689110582934000
[1000] tvsec: 1605689110582981000
[10000] tvsec: 1605689110583159000
[10000] tvsec: 1605689110583227000
[100000] tvsec: 1605689110583365000
[100000] tvsec: 1605689110583700000
[1000000] tvsec: 1605689110583895000
[1000000] tvsec: 1605689110589001000
[10000000] tvsec: 1605689110589897000
[10000000] tvsec: 1605689110636740000
[1000] tvsec: 1605689112425228000
[1000] tvsec: 1605689112425267000
[10000] tvsec: 1605689112425422000
[10000] tvsec: 1605689112425494000
[100000] tvsec: 1605689112425620000
[100000] tvsec: 1605689112426351000
[1000000] tvsec: 1605689112426546000
[1000000] tvsec: 1605689112431360000
[10000000] tvsec: 1605689112432309000
[10000000] tvsec: 1605689112480656000
[1000] tvsec: 1605689114261510000
[1000] tvsec: 1605689114261552000
[10000] tvsec: 1605689114261684000
[10000] tvsec: 1605689114261746000
[100000] tvsec: 1605689114261873000
[100000] tvsec: 1605689114262607000
[1000000] tvsec: 1605689114262810000
[1000000] tvsec: 1605689114267607000
[10000000] tvsec: 1605689114268556000
[10000000] tvsec: 1605689114316201000
[1000] tvsec: 1605689116122944000
[1000] tvsec: 1605689116122987000
[10000] tvsec: 1605689116123140000
[10000] tvsec: 1605689116123218000
[100000] tvsec: 1605689116123348000
[100000] tvsec: 1605689116123690000
[1000000] tvsec: 1605689116123888000
[1000000] tvsec: 1605689116128950000
[10000000] tvsec: 1605689116129849000
[10000000] tvsec: 1605689116177342000
