[1000] tvsec: 4935590204077841
[1000] tvsec: 4935590204107196
[10000] tvsec: 4935590204147953
[10000] tvsec: 4935590204161804
[100000] tvsec: 4935590204198094
[100000] tvsec: 4935590204267799
[1000000] tvsec: 4935590204411426
[1000000] tvsec: 4935590204771349
[10000000] tvsec: 4935590205693352
[10000000] tvsec: 4935590209258779
[1000] tvsec: 4935605006711267
[1000] tvsec: 4935605006723008
[10000] tvsec: 4935605006761604
[10000] tvsec: 4935605006775562
[100000] tvsec: 4935605006811749
[100000] tvsec: 4935605006882080
[1000000] tvsec: 4935605007024996
[1000000] tvsec: 4935605007385067
[10000000] tvsec: 4935605008298752
[10000000] tvsec: 4935605011857221
[1000] tvsec: 4935611655839691
[1000] tvsec: 4935611655853580
[10000] tvsec: 4935611655897613
[10000] tvsec: 4935611655912385
[100000] tvsec: 4935611655950578
[100000] tvsec: 4935611655997881
[1000000] tvsec: 4935611656210098
[1000000] tvsec: 4935611656564289
[10000000] tvsec: 4935611657449192
[10000000] tvsec: 4935611661137861
[1000] tvsec: 4935612249786323
[1000] tvsec: 4935612249798332
[10000] tvsec: 4935612249839389
[10000] tvsec: 4935612249853716
[100000] tvsec: 4935612249890320
[100000] tvsec: 4935612249960950
[1000000] tvsec: 4935612250116857
[1000000] tvsec: 4935612250474536
[10000000] tvsec: 4935612251303410
[10000000] tvsec: 4935612254819247
[1000] tvsec: 4935612855704822
[1000] tvsec: 4935612855716702
[10000] tvsec: 4935612855784607
[10000] tvsec: 4935612855798727
[100000] tvsec: 4935612855847718
[100000] tvsec: 4935612855890055
[1000000] tvsec: 4935612856005101
[1000000] tvsec: 4935612856427356
[10000000] tvsec: 4935612857201982
[10000000] tvsec: 4935612860638730
[1000] tvsec: 4935613418818772
[1000] tvsec: 4935613418830739
[10000] tvsec: 4935613418869847
[10000] tvsec: 4935613418883897
[100000] tvsec: 4935613418921328
[100000] tvsec: 4935613418992129
[1000000] tvsec: 4935613419136686
[1000000] tvsec: 4935613419500807
[10000000] tvsec: 4935613420368944
[10000000] tvsec: 4935613424158110
[1000] tvsec: 4935613955686903
[1000] tvsec: 4935613955698735
[10000] tvsec: 4935613955738040
[10000] tvsec: 4935613955751776
[100000] tvsec: 4935613955787749
[100000] tvsec: 4935613955861833
[1000000] tvsec: 4935613956009116
[1000000] tvsec: 4935613956420772
[10000000] tvsec: 4935613957205340
[10000000] tvsec: 4935613960649511
[1000] tvsec: 4935614464720226
[1000] tvsec: 4935614464731834
[10000] tvsec: 4935614464769787
[10000] tvsec: 4935614464783979
[100000] tvsec: 4935614464821640
[100000] tvsec: 4935614464891864
[1000000] tvsec: 4935614465033186
[1000000] tvsec: 4935614465403635
[10000000] tvsec: 4935614466237752
[10000000] tvsec: 4935614469785175
[1000] tvsec: 4935614953884234
[1000] tvsec: 4935614953896353
[10000] tvsec: 4935614953934550
[10000] tvsec: 4935614953948568
[100000] tvsec: 4935614953984218
[100000] tvsec: 4935614954054244
[1000000] tvsec: 4935614954195666
[1000000] tvsec: 4935614954558675
[10000000] tvsec: 4935614955374916
[10000000] tvsec: 4935614958927380
[1000] tvsec: 4935615470738161
[1000] tvsec: 4935615470749710
[10000] tvsec: 4935615470786969
[10000] tvsec: 4935615470800740
[100000] tvsec: 4935615470836053
[100000] tvsec: 4935615470906418
[1000000] tvsec: 4935615471049359
[1000000] tvsec: 4935615471410135
[10000000] tvsec: 4935615472241908
[10000000] tvsec: 4935615475639221
