[11] tvsec: 4949160911504412
[11] tvsec: 4949160911537087
[12] tvsec: 4949160911545780
[12] tvsec: 4949160911571443
[13] tvsec: 4949160911580133
[13] tvsec: 4949160911656517
[14] tvsec: 4949160911664165
[14] tvsec: 4949160912506682
[15] tvsec: 4949160912515523
[15] tvsec: 4949160920101766
[21] tvsec: 4949160920111889
[21] tvsec: 4949160920117438
[22] tvsec: 4949160920125119
[22] tvsec: 4949160920133006
[23] tvsec: 4949160920140773
[23] tvsec: 4949160920202327
[24] tvsec: 4949160920210076
[24] tvsec: 4949160920814232
[25] tvsec: 4949160920822521
[25] tvsec: 4949160926814297
[11] tvsec: 4949163041645639
[11] tvsec: 4949163041662413
[12] tvsec: 4949163041670825
[12] tvsec: 4949163041696315
[13] tvsec: 4949163041704467
[13] tvsec: 4949163041779363
[14] tvsec: 4949163041787176
[14] tvsec: 4949163042545470
[15] tvsec: 4949163042553966
[15] tvsec: 4949163049925501
[21] tvsec: 4949163049936306
[21] tvsec: 4949163049941776
[22] tvsec: 4949163049949502
[22] tvsec: 4949163049957377
[23] tvsec: 4949163049965026
[23] tvsec: 4949163050026012
[24] tvsec: 4949163050033608
[24] tvsec: 4949163050658020
[25] tvsec: 4949163050666257
[25] tvsec: 4949163056569112
[11] tvsec: 4949165172858642
[11] tvsec: 4949165172876153
[12] tvsec: 4949165172884492
[12] tvsec: 4949165172910507
[13] tvsec: 4949165172918777
[13] tvsec: 4949165173023183
[14] tvsec: 4949165173030999
[14] tvsec: 4949165173786363
[15] tvsec: 4949165173794960
[15] tvsec: 4949165181394701
[21] tvsec: 4949165181404990
[21] tvsec: 4949165181410376
[22] tvsec: 4949165181418182
[22] tvsec: 4949165181425906
[23] tvsec: 4949165181433599
[23] tvsec: 4949165181495247
[24] tvsec: 4949165181503057
[24] tvsec: 4949165182096327
[25] tvsec: 4949165182104648
[25] tvsec: 4949165187973617
[11] tvsec: 4949167321412437
[11] tvsec: 4949167321428246
[12] tvsec: 4949167321436806
[12] tvsec: 4949167321460595
[13] tvsec: 4949167321468840
[13] tvsec: 4949167321543016
[14] tvsec: 4949167321550887
[14] tvsec: 4949167322283135
[15] tvsec: 4949167322291583
[15] tvsec: 4949167329717496
[21] tvsec: 4949167329727855
[21] tvsec: 4949167329733463
[22] tvsec: 4949167329741112
[22] tvsec: 4949167329748921
[23] tvsec: 4949167329756511
[23] tvsec: 4949167329817036
[24] tvsec: 4949167329824677
[24] tvsec: 4949167330421016
[25] tvsec: 4949167330429275
[25] tvsec: 4949167336386252
[11] tvsec: 4949169460971103
[11] tvsec: 4949169460987481
[12] tvsec: 4949169460995888
[12] tvsec: 4949169461019626
[13] tvsec: 4949169461027888
[13] tvsec: 4949169461102178
[14] tvsec: 4949169461109991
[14] tvsec: 4949169461843467
[15] tvsec: 4949169461851939
[15] tvsec: 4949169469283547
[21] tvsec: 4949169469294033
[21] tvsec: 4949169469299292
[22] tvsec: 4949169469307101
[22] tvsec: 4949169469314995
[23] tvsec: 4949169469322697
[23] tvsec: 4949169469383047
[24] tvsec: 4949169469390816
[24] tvsec: 4949169469985940
[25] tvsec: 4949169469994296
[25] tvsec: 4949169475862471
[11] tvsec: 4949171635291787
[11] tvsec: 4949171635308272
[12] tvsec: 4949171635317272
[12] tvsec: 4949171635341891
[13] tvsec: 4949171635350514
[13] tvsec: 4949171635426923
[14] tvsec: 4949171635434973
[14] tvsec: 4949171636224677
[15] tvsec: 4949171636233631
[15] tvsec: 4949171643737395
[21] tvsec: 4949171643747208
[21] tvsec: 4949171643752656
[22] tvsec: 4949171643760415
[22] tvsec: 4949171643768393
[23] tvsec: 4949171643776247
[23] tvsec: 4949171643837584
[24] tvsec: 4949171643845430
[24] tvsec: 4949171644488981
[25] tvsec: 4949171644497676
[25] tvsec: 4949171650494145
[11] tvsec: 4949173773699003
[11] tvsec: 4949173773715386
[12] tvsec: 4949173773724030
[12] tvsec: 4949173773748950
[13] tvsec: 4949173773757319
[13] tvsec: 4949173773833406
[14] tvsec: 4949173773841383
[14] tvsec: 4949173774592678
[15] tvsec: 4949173774601667
[15] tvsec: 4949173782117532
[21] tvsec: 4949173782127724
[21] tvsec: 4949173782133031
[22] tvsec: 4949173782140854
[22] tvsec: 4949173782148833
[23] tvsec: 4949173782156696
[23] tvsec: 4949173782218797
[24] tvsec: 4949173782226739
[24] tvsec: 4949173782835411
[25] tvsec: 4949173782843739
[25] tvsec: 4949173788883385
[11] tvsec: 4949175901711412
[11] tvsec: 4949175901728905
[12] tvsec: 4949175901753250
[12] tvsec: 4949175901792869
[13] tvsec: 4949175901801295
[13] tvsec: 4949175901877922
[14] tvsec: 4949175901885837
[14] tvsec: 4949175902635448
[15] tvsec: 4949175902644151
[15] tvsec: 4949175910164534
[21] tvsec: 4949175910175246
[21] tvsec: 4949175910180568
[22] tvsec: 4949175910188550
[22] tvsec: 4949175910196548
[23] tvsec: 4949175910204669
[23] tvsec: 4949175910266210
[24] tvsec: 4949175910274033
[24] tvsec: 4949175910881753
[25] tvsec: 4949175910890396
[25] tvsec: 4949175916975834
[11] tvsec: 4949178044276491
[11] tvsec: 4949178044292250
[12] tvsec: 4949178044300843
[12] tvsec: 4949178044325494
[13] tvsec: 4949178044333920
[13] tvsec: 4949178044410714
[14] tvsec: 4949178044418662
[14] tvsec: 4949178045169858
[15] tvsec: 4949178045178421
[15] tvsec: 4949178052717554
[21] tvsec: 4949178052728020
[21] tvsec: 4949178052733649
[22] tvsec: 4949178052741294
[22] tvsec: 4949178052749009
[23] tvsec: 4949178052756642
[23] tvsec: 4949178052817676
[24] tvsec: 4949178052825270
[24] tvsec: 4949178053417762
[25] tvsec: 4949178053426172
[25] tvsec: 4949178059300858
[11] tvsec: 4949180202338699
[11] tvsec: 4949180202354780
[12] tvsec: 4949180202378339
[12] tvsec: 4949180202416853
[13] tvsec: 4949180202425142
[13] tvsec: 4949180202499222
[14] tvsec: 4949180202507339
[14] tvsec: 4949180203235271
[15] tvsec: 4949180203243730
[15] tvsec: 4949180210565601
[21] tvsec: 4949180210575778
[21] tvsec: 4949180210580747
[22] tvsec: 4949180210588378
[22] tvsec: 4949180210596071
[23] tvsec: 4949180210603598
[23] tvsec: 4949180210664343
[24] tvsec: 4949180210671984
[24] tvsec: 4949180211262346
[25] tvsec: 4949180211270509
[25] tvsec: 4949180217206853