[11] tvsec: 4949022862087895
[11] tvsec: 4949022862106039
[12] tvsec: 4949022862114798
[12] tvsec: 4949022862147758
[13] tvsec: 4949022862156238
[13] tvsec: 4949022862452759
[14] tvsec: 4949022862460628
[14] tvsec: 4949022865444716
[15] tvsec: 4949022865453947
[15] tvsec: 4949022895480833
[21] tvsec: 4949022895491738
[21] tvsec: 4949022895497183
[22] tvsec: 4949022895504998
[22] tvsec: 4949022895531116
[23] tvsec: 4949022895538946
[23] tvsec: 4949022895787517
[24] tvsec: 4949022895795571
[24] tvsec: 4949022898332078
[25] tvsec: 4949022898340593
[25] tvsec: 4949022923338202
[11] tvsec: 4949025097085724
[11] tvsec: 4949025097102292
[12] tvsec: 4949025097110937
[12] tvsec: 4949025097142369
[13] tvsec: 4949025097150870
[13] tvsec: 4949025097475122
[14] tvsec: 4949025097483046
[14] tvsec: 4949025100528214
[15] tvsec: 4949025100537331
[15] tvsec: 4949025130585862
[21] tvsec: 4949025130596264
[21] tvsec: 4949025130601485
[22] tvsec: 4949025130609364
[22] tvsec: 4949025130636142
[23] tvsec: 4949025130644384
[23] tvsec: 4949025130894958
[24] tvsec: 4949025130903038
[24] tvsec: 4949025133483500
[25] tvsec: 4949025133492184
[25] tvsec: 4949025159072180
[11] tvsec: 4949027329702219
[11] tvsec: 4949027329718445
[12] tvsec: 4949027329727323
[12] tvsec: 4949027329759029
[13] tvsec: 4949027329767308
[13] tvsec: 4949027330063351
[14] tvsec: 4949027330071432
[14] tvsec: 4949027333058696
[15] tvsec: 4949027333067711
[15] tvsec: 4949027362603835
[21] tvsec: 4949027362613599
[21] tvsec: 4949027362618770
[22] tvsec: 4949027362626457
[22] tvsec: 4949027362652446
[23] tvsec: 4949027362660145
[23] tvsec: 4949027362906351
[24] tvsec: 4949027362914047
[24] tvsec: 4949027365405968
[25] tvsec: 4949027365414483
[25] tvsec: 4949027390358009
[11] tvsec: 4949029537060840
[11] tvsec: 4949029537076438
[12] tvsec: 4949029537084812
[12] tvsec: 4949029537115524
[13] tvsec: 4949029537123543
[13] tvsec: 4949029537410203
[14] tvsec: 4949029537417857
[14] tvsec: 4949029540459602
[15] tvsec: 4949029540468576
[15] tvsec: 4949029569830011
[21] tvsec: 4949029569840482
[21] tvsec: 4949029569845489
[22] tvsec: 4949029569853167
[22] tvsec: 4949029569878660
[23] tvsec: 4949029569886310
[23] tvsec: 4949029570129104
[24] tvsec: 4949029570136653
[24] tvsec: 4949029572616702
[25] tvsec: 4949029572624950
[25] tvsec: 4949029596987228
[11] tvsec: 4949031745917025
[11] tvsec: 4949031745932668
[12] tvsec: 4949031745941277
[12] tvsec: 4949031745973091
[13] tvsec: 4949031745981333
[13] tvsec: 4949031746278322
[14] tvsec: 4949031746286450
[14] tvsec: 4949031749265376
[15] tvsec: 4949031749274254
[15] tvsec: 4949031778669440
[21] tvsec: 4949031778679584
[21] tvsec: 4949031778684824
[22] tvsec: 4949031778692552
[22] tvsec: 4949031778718468
[23] tvsec: 4949031778726112
[23] tvsec: 4949031778970730
[24] tvsec: 4949031778978647
[24] tvsec: 4949031781488099
[25] tvsec: 4949031781496305
[25] tvsec: 4949031806126575
[11] tvsec: 4949033946116891
[11] tvsec: 4949033946132222
[12] tvsec: 4949033946140849
[12] tvsec: 4949033946171476
[13] tvsec: 4949033946179546
[13] tvsec: 4949033946467184
[14] tvsec: 4949033946474920
[14] tvsec: 4949033949411131
[15] tvsec: 4949033949419823
[15] tvsec: 4949033978580037
[21] tvsec: 4949033978590091
[21] tvsec: 4949033978595102
[22] tvsec: 4949033978602565
[22] tvsec: 4949033978628484
[23] tvsec: 4949033978636049
[23] tvsec: 4949033978878908
[24] tvsec: 4949033978886548
[24] tvsec: 4949033981376928
[25] tvsec: 4949033981385754
[25] tvsec: 4949034006556818
[11] tvsec: 4949036142502378
[11] tvsec: 4949036142518969
[12] tvsec: 4949036142540063
[12] tvsec: 4949036142570608
[13] tvsec: 4949036142578571
[13] tvsec: 4949036142865206
[14] tvsec: 4949036142872827
[14] tvsec: 4949036145772153
[15] tvsec: 4949036145781173
[15] tvsec: 4949036174699346
[21] tvsec: 4949036174708859
[21] tvsec: 4949036174714344
[22] tvsec: 4949036174721942
[22] tvsec: 4949036174747861
[23] tvsec: 4949036174755513
[23] tvsec: 4949036174998310
[24] tvsec: 4949036175005898
[24] tvsec: 4949036177471736
[25] tvsec: 4949036177479780
[25] tvsec: 4949036202010761
[11] tvsec: 4949038348064915
[11] tvsec: 4949038348081091
[12] tvsec: 4949038348089770
[12] tvsec: 4949038348121162
[13] tvsec: 4949038348129438
[13] tvsec: 4949038348423790
[14] tvsec: 4949038348431699
[14] tvsec: 4949038351334333
[15] tvsec: 4949038351342733
[15] tvsec: 4949038396677399
[21] tvsec: 4949038396687551
[21] tvsec: 4949038396692968
[22] tvsec: 4949038396700440
[22] tvsec: 4949038396726075
[23] tvsec: 4949038396733800
[23] tvsec: 4949038396975876
[24] tvsec: 4949038396983823
[24] tvsec: 4949038399405107
[25] tvsec: 4949038399413082
[25] tvsec: 4949038424349028
[11] tvsec: 4949040560363072
[11] tvsec: 4949040560379230
[12] tvsec: 4949040560387404
[12] tvsec: 4949040560417833
[13] tvsec: 4949040560425870
[13] tvsec: 4949040560711665
[14] tvsec: 4949040560719423
[14] tvsec: 4949040563598207
[15] tvsec: 4949040563606774
[15] tvsec: 4949040592501676
[21] tvsec: 4949040592511883
[21] tvsec: 4949040592516852
[22] tvsec: 4949040592524388
[22] tvsec: 4949040592550064
[23] tvsec: 4949040592557569
[23] tvsec: 4949040592799143
[24] tvsec: 4949040592806815
[24] tvsec: 4949040595288031
[25] tvsec: 4949040595296388
[25] tvsec: 4949040619771708
[11] tvsec: 4949042790676116
[11] tvsec: 4949042790691384
[12] tvsec: 4949042790699851
[12] tvsec: 4949042790730494
[13] tvsec: 4949042790738369
[13] tvsec: 4949042791027528
[14] tvsec: 4949042791035334
[14] tvsec: 4949042793952144
[15] tvsec: 4949042793961261
[15] tvsec: 4949042823290182
[21] tvsec: 4949042823300219
[21] tvsec: 4949042823305141
[22] tvsec: 4949042823312564
[22] tvsec: 4949042823338662
[23] tvsec: 4949042823346570
[23] tvsec: 4949042823592409
[24] tvsec: 4949042823600012
[24] tvsec: 4949042826115661
[25] tvsec: 4949042826124085
[25] tvsec: 4949042850816715