[1000] tvsec: 4935947181953458
[1000] tvsec: 4935947181987228
[10000] tvsec: 4935947182029603
[10000] tvsec: 4935947182051864
[100000] tvsec: 4935947182088285
[100000] tvsec: 4935947182426958
[1000000] tvsec: 4935947182538746
[1000000] tvsec: 4935947189589162
[10000000] tvsec: 4935947190420405
[10000000] tvsec: 4935947241692438
[1000] tvsec: 4936054210375249
[1000] tvsec: 4936054210409480
[10000] tvsec: 4936054210453188
[10000] tvsec: 4936054210474711
[100000] tvsec: 4936054210508943
[100000] tvsec: 4936054210816749
[1000000] tvsec: 4936054210928034
[1000000] tvsec: 4936054218010675
[10000000] tvsec: 4936054218835567
[10000000] tvsec: 4936054268675150
[1000] tvsec: 4936064772376140
[1000] tvsec: 4936064772410496
[10000] tvsec: 4936064772453364
[10000] tvsec: 4936064772476055
[100000] tvsec: 4936064772512303
[100000] tvsec: 4936064774116689
[1000000] tvsec: 4936064774229205
[1000000] tvsec: 4936064781233941
[10000000] tvsec: 4936064782058259
[10000000] tvsec: 4936064831801822
[1000] tvsec: 4936067941324942
[1000] tvsec: 4936067941359193
[10000] tvsec: 4936067941401126
[10000] tvsec: 4936067941423258
[100000] tvsec: 4936067941458839
[100000] tvsec: 4936067941775499
[1000000] tvsec: 4936067941890615
[1000000] tvsec: 4936067948987287
[10000000] tvsec: 4936067949839275
[10000000] tvsec: 4936068009817738
[1000] tvsec: 4936071018450282
[1000] tvsec: 4936071018483810
[10000] tvsec: 4936071018524210
[10000] tvsec: 4936071018546084
[100000] tvsec: 4936071018580901
[100000] tvsec: 4936071018897901
[1000000] tvsec: 4936071019003978
[1000000] tvsec: 4936071026078027
[10000000] tvsec: 4936071026915666
[10000000] tvsec: 4936071076698772
[1000] tvsec: 4936073994811712
[1000] tvsec: 4936073994860392
[10000] tvsec: 4936073994903548
[10000] tvsec: 4936073994925612
[100000] tvsec: 4936073994960016
[100000] tvsec: 4936073996559278
[1000000] tvsec: 4936073996679397
[1000000] tvsec: 4936074003669119
[10000000] tvsec: 4936074004524874
[10000000] tvsec: 4936074054286270
[1000] tvsec: 4936077022002471
[1000] tvsec: 4936077022036832
[10000] tvsec: 4936077022080011
[10000] tvsec: 4936077022101898
[100000] tvsec: 4936077022138384
[100000] tvsec: 4936077022454837
[1000000] tvsec: 4936077022564052
[1000000] tvsec: 4936077029627669
[10000000] tvsec: 4936077030456764
[10000000] tvsec: 4936077080299547
[1000] tvsec: 4936080855790734
[1000] tvsec: 4936080855838810
[10000] tvsec: 4936080855883297
[10000] tvsec: 4936080855906402
[100000] tvsec: 4936080855943038
[100000] tvsec: 4936080857581785
[1000000] tvsec: 4936080857694863
[1000000] tvsec: 4936080864693389
[10000000] tvsec: 4936080865527553
[10000000] tvsec: 4936080922176130
[1000] tvsec: 4936083734120585
[1000] tvsec: 4936083734155243
[10000] tvsec: 4936083734196947
[10000] tvsec: 4936083734219826
[100000] tvsec: 4936083734256313
[100000] tvsec: 4936083734571728
[1000000] tvsec: 4936083734689311
[1000000] tvsec: 4936083741721145
[10000000] tvsec: 4936083742573841
[10000000] tvsec: 4936083792401784
[1000] tvsec: 4936086563043775
[1000] tvsec: 4936086563080779
[10000] tvsec: 4936086563125929
[10000] tvsec: 4936086563149094
[100000] tvsec: 4936086563183318
[100000] tvsec: 4936086564801518
[1000000] tvsec: 4936086564918099
[1000000] tvsec: 4936086571932562
[10000000] tvsec: 4936086572815118
[10000000] tvsec: 4936086622682051
