[1000] tvsec: 4937856288272730
[1000] tvsec: 4937856288281885
[10000] tvsec: 4937856288329550
[10000] tvsec: 4937856288337562
[100000] tvsec: 4937856288366897
[100000] tvsec: 4937856288407560
[1000000] tvsec: 4937856288533615
[1000000] tvsec: 4937856288880679
[10000000] tvsec: 4937856289762514
[10000000] tvsec: 4937856293219675
[1000] tvsec: 4937856294713905
[1000] tvsec: 4937856294720670
[10000] tvsec: 4937856294751749
[10000] tvsec: 4937856294759525
[100000] tvsec: 4937856294787098
[100000] tvsec: 4937856294822896
[1000000] tvsec: 4937856294962406
[1000000] tvsec: 4937856295295902
[10000000] tvsec: 4937856353581785
[10000000] tvsec: 4937856357176590
[1000] tvsec: 4937856358676802
[1000] tvsec: 4937856358683431
[10000] tvsec: 4937856358713675
[10000] tvsec: 4937856358721869
[100000] tvsec: 4937856358750094
[100000] tvsec: 4937856358785668
[1000000] tvsec: 4937856358909889
[1000000] tvsec: 4937856359261421
[10000000] tvsec: 4937856422282133
[10000000] tvsec: 4937856425810836
[1000] tvsec: 4937856427303784
[1000] tvsec: 4937856427312352
[10000] tvsec: 4937856427343112
[10000] tvsec: 4937856427350789
[100000] tvsec: 4937856427378784
[100000] tvsec: 4937856427414409
[1000000] tvsec: 4937856427525642
[1000000] tvsec: 4937856427866486
[10000000] tvsec: 4937856490301304
[10000000] tvsec: 4937856493846919
[1000] tvsec: 4937856495384024
[1000] tvsec: 4937856495390747
[10000] tvsec: 4937856495421506
[10000] tvsec: 4937856495429268
[100000] tvsec: 4937856495457602
[100000] tvsec: 4937856495493905
[1000000] tvsec: 4937856495604570
[1000000] tvsec: 4937856495939233
[10000000] tvsec: 4937856558989773
[10000000] tvsec: 4937856562483592
[1000] tvsec: 4937856563958842
[1000] tvsec: 4937856563967530
[10000] tvsec: 4937856563997441
[10000] tvsec: 4937856564034169
[100000] tvsec: 4937856564094895
[100000] tvsec: 4937856564131351
[1000000] tvsec: 4937856564237744
[1000000] tvsec: 4937856564576273
[10000000] tvsec: 4937856626971326
[10000000] tvsec: 4937856630472057
[1000] tvsec: 4937856631946656
[1000] tvsec: 4937856631956556
[10000] tvsec: 4937856631987506
[10000] tvsec: 4937856631995288
[100000] tvsec: 4937856632065907
[100000] tvsec: 4937856632115440
[1000000] tvsec: 4937856632223882
[1000000] tvsec: 4937856632562930
[10000000] tvsec: 4937856695693484
[10000000] tvsec: 4937856699145800
[1000] tvsec: 4937856700692425
[1000] tvsec: 4937856700700975
[10000] tvsec: 4937856700733009
[10000] tvsec: 4937856700741203
[100000] tvsec: 4937856700770374
[100000] tvsec: 4937856700806995
[1000000] tvsec: 4937856700924073
[1000000] tvsec: 4937856701264514
[10000000] tvsec: 4937856764387499
[10000000] tvsec: 4937856767967257
[1000] tvsec: 4937856769579034
[1000] tvsec: 4937856769585012
[10000] tvsec: 4937856769615685
[10000] tvsec: 4937856769637989
[100000] tvsec: 4937856769667956
[100000] tvsec: 4937856769704507
[1000000] tvsec: 4937856769827815
[1000000] tvsec: 4937856770154845
[10000000] tvsec: 4937856848619774
[10000000] tvsec: 4937856852171965
[1000] tvsec: 4937856853717968
[1000] tvsec: 4937856853726595
[10000] tvsec: 4937856853756107
[10000] tvsec: 4937856853763617
[100000] tvsec: 4937856853791466
[100000] tvsec: 4937856853827793
[1000000] tvsec: 4937856853967782
[1000000] tvsec: 4937856854302174
[10000000] tvsec: 4937856905706481
[10000000] tvsec: 4937856909227016
