[11] tvsec: 1605699757501496000
[11] tvsec: 1605699757501982000
[12] tvsec: 1605699757502038000
[12] tvsec: 1605699757502072000
[13] tvsec: 1605699757502121000
[13] tvsec: 1605699757502202000
[14] tvsec: 1605699757502248000
[14] tvsec: 1605699757502995000
[15] tvsec: 1605699757503043000
[15] tvsec: 1605699757510455000
[21] tvsec: 1605699757510481000
[21] tvsec: 1605699757510495000
[22] tvsec: 1605699757510517000
[22] tvsec: 1605699757510530000
[23] tvsec: 1605699757510552000
[23] tvsec: 1605699757510622000
[24] tvsec: 1605699757510645000
[24] tvsec: 1605699757511283000
[25] tvsec: 1605699757511307000
[25] tvsec: 1605699757517509000
[11] tvsec: 1605699759258456000
[11] tvsec: 1605699759258533000
[12] tvsec: 1605699759258591000
[12] tvsec: 1605699759258626000
[13] tvsec: 1605699759258677000
[13] tvsec: 1605699759258757000
[14] tvsec: 1605699759258804000
[14] tvsec: 1605699759259562000
[15] tvsec: 1605699759259611000
[15] tvsec: 1605699759266966000
[21] tvsec: 1605699759266994000
[21] tvsec: 1605699759267007000
[22] tvsec: 1605699759267029000
[22] tvsec: 1605699759267041000
[23] tvsec: 1605699759267063000
[23] tvsec: 1605699759267132000
[24] tvsec: 1605699759267155000
[24] tvsec: 1605699759267819000
[25] tvsec: 1605699759267842000
[25] tvsec: 1605699759273817000
[11] tvsec: 1605699760995398000
[11] tvsec: 1605699760996044000
[12] tvsec: 1605699760996102000
[12] tvsec: 1605699760996135000
[13] tvsec: 1605699760996184000
[13] tvsec: 1605699760996263000
[14] tvsec: 1605699760996310000
[14] tvsec: 1605699760997045000
[15] tvsec: 1605699760997093000
[15] tvsec: 1605699761004422000
[21] tvsec: 1605699761004448000
[21] tvsec: 1605699761004462000
[22] tvsec: 1605699761004484000
[22] tvsec: 1605699761004496000
[23] tvsec: 1605699761004518000
[23] tvsec: 1605699761004588000
[24] tvsec: 1605699761004611000
[24] tvsec: 1605699761005239000
[25] tvsec: 1605699761005262000
[25] tvsec: 1605699761011372000
[11] tvsec: 1605699762749418000
[11] tvsec: 1605699762749795000
[12] tvsec: 1605699762750135000
[12] tvsec: 1605699762750236000
[13] tvsec: 1605699762750285000
[13] tvsec: 1605699762750365000
[14] tvsec: 1605699762750412000
[14] tvsec: 1605699762751151000
[15] tvsec: 1605699762751198000
[15] tvsec: 1605699762758570000
[21] tvsec: 1605699762758596000
[21] tvsec: 1605699762758610000
[22] tvsec: 1605699762758632000
[22] tvsec: 1605699762758644000
[23] tvsec: 1605699762758666000
[23] tvsec: 1605699762758734000
[24] tvsec: 1605699762758756000
[24] tvsec: 1605699762759370000
[25] tvsec: 1605699762759393000
[25] tvsec: 1605699762765357000
[11] tvsec: 1605699764499050000
[11] tvsec: 1605699764499126000
[12] tvsec: 1605699764499189000
[12] tvsec: 1605699764499228000
[13] tvsec: 1605699764499283000
[13] tvsec: 1605699764499368000
[14] tvsec: 1605699764499418000
[14] tvsec: 1605699764500209000
[15] tvsec: 1605699764500261000
[15] tvsec: 1605699764508133000
[21] tvsec: 1605699764508161000
[21] tvsec: 1605699764508176000
[22] tvsec: 1605699764508200000
[22] tvsec: 1605699764508213000
[23] tvsec: 1605699764508237000
[23] tvsec: 1605699764508311000
[24] tvsec: 1605699764508336000
[24] tvsec: 1605699764509010000
[25] tvsec: 1605699764509036000
[25] tvsec: 1605699764515465000
[11] tvsec: 1605699766259258000
[11] tvsec: 1605699766259931000
[12] tvsec: 1605699766259988000
[12] tvsec: 1605699766260021000
[13] tvsec: 1605699766260070000
[13] tvsec: 1605699766260152000
[14] tvsec: 1605699766260197000
[14] tvsec: 1605699766260946000
[15] tvsec: 1605699766260995000
[15] tvsec: 1605699766268399000
[21] tvsec: 1605699766268425000
[21] tvsec: 1605699766268438000
[22] tvsec: 1605699766268461000
[22] tvsec: 1605699766268473000
[23] tvsec: 1605699766268495000
[23] tvsec: 1605699766268564000
[24] tvsec: 1605699766268586000
[24] tvsec: 1605699766269203000
[25] tvsec: 1605699766269226000
[25] tvsec: 1605699766275181000
[11] tvsec: 1605699768016613000
[11] tvsec: 1605699768016988000
[12] tvsec: 1605699768017337000
[12] tvsec: 1605699768017442000
[13] tvsec: 1605699768017491000
[13] tvsec: 1605699768017574000
[14] tvsec: 1605699768017620000
[14] tvsec: 1605699768018386000
[15] tvsec: 1605699768018433000
[15] tvsec: 1605699768026038000
[21] tvsec: 1605699768026066000
[21] tvsec: 1605699768026080000
[22] tvsec: 1605699768026102000
[22] tvsec: 1605699768026114000
[23] tvsec: 1605699768026137000
[23] tvsec: 1605699768026206000
[24] tvsec: 1605699768026229000
[24] tvsec: 1605699768026852000
[25] tvsec: 1605699768026875000
[25] tvsec: 1605699768032938000
[11] tvsec: 1605699769761590000
[11] tvsec: 1605699769761969000
[12] tvsec: 1605699769762264000
[12] tvsec: 1605699769762366000
[13] tvsec: 1605699769762414000
[13] tvsec: 1605699769762491000
[14] tvsec: 1605699769762536000
[14] tvsec: 1605699769763261000
[15] tvsec: 1605699769763308000
[15] tvsec: 1605699769770483000
[21] tvsec: 1605699769770508000
[21] tvsec: 1605699769770521000
[22] tvsec: 1605699769770543000
[22] tvsec: 1605699769770555000
[23] tvsec: 1605699769770576000
[23] tvsec: 1605699769770644000
[24] tvsec: 1605699769770666000
[24] tvsec: 1605699769771274000
[25] tvsec: 1605699769771297000
[25] tvsec: 1605699769777170000
[11] tvsec: 1605699771492722000
[11] tvsec: 1605699771492796000
[12] tvsec: 1605699771492855000
[12] tvsec: 1605699771492889000
[13] tvsec: 1605699771492939000
[13] tvsec: 1605699771493020000
[14] tvsec: 1605699771493067000
[14] tvsec: 1605699771493816000
[15] tvsec: 1605699771493864000
[15] tvsec: 1605699771501334000
[21] tvsec: 1605699771501361000
[21] tvsec: 1605699771501375000
[22] tvsec: 1605699771501397000
[22] tvsec: 1605699771501410000
[23] tvsec: 1605699771501432000
[23] tvsec: 1605699771501504000
[24] tvsec: 1605699771501527000
[24] tvsec: 1605699771502176000
[25] tvsec: 1605699771502200000
[25] tvsec: 1605699771508347000
[11] tvsec: 1605699773237839000
[11] tvsec: 1605699773238512000
[12] tvsec: 1605699773238569000
[12] tvsec: 1605699773238602000
[13] tvsec: 1605699773238651000
[13] tvsec: 1605699773238730000
[14] tvsec: 1605699773238777000
[14] tvsec: 1605699773239526000
[15] tvsec: 1605699773239575000
[15] tvsec: 1605699773246944000
[21] tvsec: 1605699773246971000
[21] tvsec: 1605699773246986000
[22] tvsec: 1605699773247008000
[22] tvsec: 1605699773247021000
[23] tvsec: 1605699773247043000
[23] tvsec: 1605699773247112000
[24] tvsec: 1605699773247134000
[24] tvsec: 1605699773247766000
[25] tvsec: 1605699773247790000
[25] tvsec: 1605699773253826000