[1000] tvsec: 1605689147773826000
[1000] tvsec: 1605689147773866000
[10000] tvsec: 1605689147773996000
[10000] tvsec: 1605689147774064000
[100000] tvsec: 1605689147774187000
[100000] tvsec: 1605689147774538000
[1000000] tvsec: 1605689147774734000
[1000000] tvsec: 1605689147779870000
[10000000] tvsec: 1605689147780773000
[10000000] tvsec: 1605689147828203000
[1000] tvsec: 1605689149654576000
[1000] tvsec: 1605689149654619000
[10000] tvsec: 1605689149654773000
[10000] tvsec: 1605689149654845000
[100000] tvsec: 1605689149654978000
[100000] tvsec: 1605689149655326000
[1000000] tvsec: 1605689149655520000
[1000000] tvsec: 1605689149660619000
[10000000] tvsec: 1605689149661510000
[10000000] tvsec: 1605689149708540000
[1000] tvsec: 1605689151518848000
[1000] tvsec: 1605689151518894000
[10000] tvsec: 1605689151519047000
[10000] tvsec: 1605689151519115000
[100000] tvsec: 1605689151519245000
[100000] tvsec: 1605689151519586000
[1000000] tvsec: 1605689151519782000
[1000000] tvsec: 1605689151524873000
[10000000] tvsec: 1605689151525772000
[10000000] tvsec: 1605689151573329000
[1000] tvsec: 1605689153386858000
[1000] tvsec: 1605689153386904000
[10000] tvsec: 1605689153387063000
[10000] tvsec: 1605689153387127000
[100000] tvsec: 1605689153387263000
[100000] tvsec: 1605689153387599000
[1000000] tvsec: 1605689153387795000
[1000000] tvsec: 1605689153392864000
[10000000] tvsec: 1605689153393754000
[10000000] tvsec: 1605689153440315000
[1000] tvsec: 1605689155225191000
[1000] tvsec: 1605689155225232000
[10000] tvsec: 1605689155225387000
[10000] tvsec: 1605689155225467000
[100000] tvsec: 1605689155225594000
[100000] tvsec: 1605689155226326000
[1000000] tvsec: 1605689155226525000
[1000000] tvsec: 1605689155231301000
[10000000] tvsec: 1605689155232252000
[10000000] tvsec: 1605689155280270000
[1000] tvsec: 1605689157098453000
[1000] tvsec: 1605689157098494000
[10000] tvsec: 1605689157098643000
[10000] tvsec: 1605689157098736000
[100000] tvsec: 1605689157098874000
[100000] tvsec: 1605689157099226000
[1000000] tvsec: 1605689157099419000
[1000000] tvsec: 1605689157104459000
[10000000] tvsec: 1605689157105330000
[10000000] tvsec: 1605689157153062000
[1000] tvsec: 1605689158959066000
[1000] tvsec: 1605689158959107000
[10000] tvsec: 1605689158959256000
[10000] tvsec: 1605689158959320000
[100000] tvsec: 1605689158959456000
[100000] tvsec: 1605689158960184000
[1000000] tvsec: 1605689158960379000
[1000000] tvsec: 1605689158965191000
[10000000] tvsec: 1605689158966140000
[10000000] tvsec: 1605689159014869000
[1000] tvsec: 1605689160814278000
[1000] tvsec: 1605689160814324000
[10000] tvsec: 1605689160814472000
[10000] tvsec: 1605689160814536000
[100000] tvsec: 1605689160814660000
[100000] tvsec: 1605689160814998000
[1000000] tvsec: 1605689160815191000
[1000000] tvsec: 1605689160820177000
[10000000] tvsec: 1605689160821058000
[10000000] tvsec: 1605689160867876000
[1000] tvsec: 1605689162671022000
[1000] tvsec: 1605689162671063000
[10000] tvsec: 1605689162671223000
[10000] tvsec: 1605689162671334000
[100000] tvsec: 1605689162671460000
[100000] tvsec: 1605689162672194000
[1000000] tvsec: 1605689162672393000
[1000000] tvsec: 1605689162677136000
[10000000] tvsec: 1605689162678034000
[10000000] tvsec: 1605689162725571000
[1000] tvsec: 1605689164540602000
[1000] tvsec: 1605689164540644000
[10000] tvsec: 1605689164540793000
[10000] tvsec: 1605689164540862000
[100000] tvsec: 1605689164540994000
[100000] tvsec: 1605689164541734000
[1000000] tvsec: 1605689164541930000
[1000000] tvsec: 1605689164546589000
[10000000] tvsec: 1605689164547481000
[10000000] tvsec: 1605689164595275000
