[11] tvsec: 1605699715620721000
[11] tvsec: 1605699715620798000
[12] tvsec: 1605699715620856000
[12] tvsec: 1605699715620919000
[13] tvsec: 1605699715620970000
[13] tvsec: 1605699715621535000
[14] tvsec: 1605699715621583000
[14] tvsec: 1605699715627149000
[15] tvsec: 1605699715627197000
[15] tvsec: 1605699715681741000
[21] tvsec: 1605699715681765000
[21] tvsec: 1605699715681778000
[22] tvsec: 1605699715681799000
[22] tvsec: 1605699715681854000
[23] tvsec: 1605699715681874000
[23] tvsec: 1605699715682370000
[24] tvsec: 1605699715682391000
[24] tvsec: 1605699715687347000
[25] tvsec: 1605699715687370000
[25] tvsec: 1605699715736869000
[11] tvsec: 1605699717462557000
[11] tvsec: 1605699717462997000
[12] tvsec: 1605699717463053000
[12] tvsec: 1605699717463115000
[13] tvsec: 1605699717463165000
[13] tvsec: 1605699717463722000
[14] tvsec: 1605699717463769000
[14] tvsec: 1605699717469251000
[15] tvsec: 1605699717469298000
[15] tvsec: 1605699717524147000
[21] tvsec: 1605699717524171000
[21] tvsec: 1605699717524184000
[22] tvsec: 1605699717524205000
[22] tvsec: 1605699717524261000
[23] tvsec: 1605699717524282000
[23] tvsec: 1605699717524790000
[24] tvsec: 1605699717524812000
[24] tvsec: 1605699717529856000
[25] tvsec: 1605699717529879000
[25] tvsec: 1605699717579911000
[11] tvsec: 1605699719288699000
[11] tvsec: 1605699719288775000
[12] tvsec: 1605699719288832000
[12] tvsec: 1605699719288895000
[13] tvsec: 1605699719288944000
[13] tvsec: 1605699719289507000
[14] tvsec: 1605699719289555000
[14] tvsec: 1605699719295163000
[15] tvsec: 1605699719295214000
[15] tvsec: 1605699719351160000
[21] tvsec: 1605699719351187000
[21] tvsec: 1605699719351205000
[22] tvsec: 1605699719351227000
[22] tvsec: 1605699719351285000
[23] tvsec: 1605699719351307000
[23] tvsec: 1605699719351826000
[24] tvsec: 1605699719351848000
[24] tvsec: 1605699719356993000
[25] tvsec: 1605699719357016000
[25] tvsec: 1605699719406764000
[11] tvsec: 1605699721140811000
[11] tvsec: 1605699721141468000
[12] tvsec: 1605699721141524000
[12] tvsec: 1605699721141588000
[13] tvsec: 1605699721141637000
[13] tvsec: 1605699721142205000
[14] tvsec: 1605699721142251000
[14] tvsec: 1605699721147902000
[15] tvsec: 1605699721147950000
[15] tvsec: 1605699721202391000
[21] tvsec: 1605699721202414000
[21] tvsec: 1605699721202426000
[22] tvsec: 1605699721202447000
[22] tvsec: 1605699721202502000
[23] tvsec: 1605699721202523000
[23] tvsec: 1605699721203021000
[24] tvsec: 1605699721203042000
[24] tvsec: 1605699721208050000
[25] tvsec: 1605699721208073000
[25] tvsec: 1605699721258008000
[11] tvsec: 1605699722980266000
[11] tvsec: 1605699722980344000
[12] tvsec: 1605699722980402000
[12] tvsec: 1605699722980466000
[13] tvsec: 1605699722980515000
[13] tvsec: 1605699722981086000
[14] tvsec: 1605699722981133000
[14] tvsec: 1605699722986790000
[15] tvsec: 1605699722986839000
[15] tvsec: 1605699723043435000
[21] tvsec: 1605699723043460000
[21] tvsec: 1605699723043473000
[22] tvsec: 1605699723043495000
[22] tvsec: 1605699723043553000
[23] tvsec: 1605699723043575000
[23] tvsec: 1605699723044100000
[24] tvsec: 1605699723044122000
[24] tvsec: 1605699723049322000
[25] tvsec: 1605699723049345000
[25] tvsec: 1605699723099426000
[11] tvsec: 1605699724850099000
[11] tvsec: 1605699724850481000
[12] tvsec: 1605699724850777000
[12] tvsec: 1605699724850842000
[13] tvsec: 1605699724850892000
[13] tvsec: 1605699724851470000
[14] tvsec: 1605699724851516000
[14] tvsec: 1605699724857188000
[15] tvsec: 1605699724857235000
[15] tvsec: 1605699724912673000
[21] tvsec: 1605699724912697000
[21] tvsec: 1605699724912710000
[22] tvsec: 1605699724912731000
[22] tvsec: 1605699724912788000
[23] tvsec: 1605699724912809000
[23] tvsec: 1605699724913320000
[24] tvsec: 1605699724913342000
[24] tvsec: 1605699724918409000
[25] tvsec: 1605699724918432000
[25] tvsec: 1605699724969145000
[11] tvsec: 1605699726697316000
[11] tvsec: 1605699726697395000
[12] tvsec: 1605699726697454000
[12] tvsec: 1605699726697519000
[13] tvsec: 1605699726697570000
[13] tvsec: 1605699726698151000
[14] tvsec: 1605699726698200000
[14] tvsec: 1605699726703980000
[15] tvsec: 1605699726704031000
[15] tvsec: 1605699726761587000
[21] tvsec: 1605699726761611000
[21] tvsec: 1605699726761624000
[22] tvsec: 1605699726761645000
[22] tvsec: 1605699726761699000
[23] tvsec: 1605699726761720000
[23] tvsec: 1605699726762214000
[24] tvsec: 1605699726762236000
[24] tvsec: 1605699726767171000
[25] tvsec: 1605699726767193000
[25] tvsec: 1605699726816598000
[11] tvsec: 1605699728524705000
[11] tvsec: 1605699728524778000
[12] tvsec: 1605699728524837000
[12] tvsec: 1605699728524901000
[13] tvsec: 1605699728524950000
[13] tvsec: 1605699728525518000
[14] tvsec: 1605699728525566000
[14] tvsec: 1605699728531216000
[15] tvsec: 1605699728531264000
[15] tvsec: 1605699728586966000
[21] tvsec: 1605699728586990000
[21] tvsec: 1605699728587003000
[22] tvsec: 1605699728587024000
[22] tvsec: 1605699728587081000
[23] tvsec: 1605699728587102000
[23] tvsec: 1605699728587620000
[24] tvsec: 1605699728587642000
[24] tvsec: 1605699728592711000
[25] tvsec: 1605699728592733000
[25] tvsec: 1605699728643396000
[11] tvsec: 1605699730360699000
[11] tvsec: 1605699730360776000
[12] tvsec: 1605699730360834000
[12] tvsec: 1605699730360897000
[13] tvsec: 1605699730360946000
[13] tvsec: 1605699730361513000
[14] tvsec: 1605699730361561000
[14] tvsec: 1605699730367208000
[15] tvsec: 1605699730367257000
[15] tvsec: 1605699730423790000
[21] tvsec: 1605699730423814000
[21] tvsec: 1605699730423828000
[22] tvsec: 1605699730423850000
[22] tvsec: 1605699730423908000
[23] tvsec: 1605699730423930000
[23] tvsec: 1605699730424451000
[24] tvsec: 1605699730424474000
[24] tvsec: 1605699730429651000
[25] tvsec: 1605699730429675000
[25] tvsec: 1605699730480484000
[11] tvsec: 1605699732229251000
[11] tvsec: 1605699732229909000
[12] tvsec: 1605699732229982000
[12] tvsec: 1605699732230201000
[13] tvsec: 1605699732230260000
[13] tvsec: 1605699732230830000
[14] tvsec: 1605699732230877000
[14] tvsec: 1605699732236598000
[15] tvsec: 1605699732236647000
[15] tvsec: 1605699732292906000
[21] tvsec: 1605699732292931000
[21] tvsec: 1605699732292945000
[22] tvsec: 1605699732292966000
[22] tvsec: 1605699732293023000
[23] tvsec: 1605699732293044000
[23] tvsec: 1605699732293554000
[24] tvsec: 1605699732293575000
[24] tvsec: 1605699732298725000
[25] tvsec: 1605699732298749000
[25] tvsec: 1605699732349905000