[11] tvsec: 4949068350773595
[11] tvsec: 4949068350793024
[12] tvsec: 4949068350803173
[12] tvsec: 4949068350812693
[13] tvsec: 4949068350820766
[13] tvsec: 4949068350849042
[14] tvsec: 4949068350856724
[14] tvsec: 4949068351093554
[15] tvsec: 4949068351102005
[15] tvsec: 4949068353575191
[21] tvsec: 4949068353588150
[21] tvsec: 4949068353595761
[22] tvsec: 4949068353603898
[22] tvsec: 4949068353613897
[23] tvsec: 4949068353622381
[23] tvsec: 4949068353643753
[24] tvsec: 4949068353652269
[24] tvsec: 4949068353820651
[25] tvsec: 4949068353830122
[25] tvsec: 4949068355236905
[11] tvsec: 4949068360856209
[11] tvsec: 4949068360870935
[12] tvsec: 4949068360880531
[12] tvsec: 4949068360889681
[13] tvsec: 4949068360897645
[13] tvsec: 4949068360925104
[14] tvsec: 4949068360932567
[14] tvsec: 4949068361163485
[15] tvsec: 4949068361171796
[15] tvsec: 4949068363561606
[21] tvsec: 4949068363574145
[21] tvsec: 4949068363581766
[22] tvsec: 4949068363589916
[22] tvsec: 4949068363600151
[23] tvsec: 4949068363608467
[23] tvsec: 4949068363629759
[24] tvsec: 4949068363638326
[24] tvsec: 4949068363800242
[25] tvsec: 4949068363809738
[25] tvsec: 4949068365195124
[11] tvsec: 4949068370798809
[11] tvsec: 4949068370812404
[12] tvsec: 4949068370822273
[12] tvsec: 4949068370830888
[13] tvsec: 4949068370838914
[13] tvsec: 4949068370866839
[14] tvsec: 4949068370874618
[14] tvsec: 4949068371106624
[15] tvsec: 4949068371115054
[15] tvsec: 4949068373447119
[21] tvsec: 4949068373458879
[21] tvsec: 4949068373466401
[22] tvsec: 4949068373473960
[22] tvsec: 4949068373483794
[23] tvsec: 4949068373491891
[23] tvsec: 4949068373512311
[24] tvsec: 4949068373520620
[24] tvsec: 4949068373672802
[25] tvsec: 4949068373681685
[25] tvsec: 4949068374975672
[11] tvsec: 4949068380430634
[11] tvsec: 4949068380445947
[12] tvsec: 4949068380456324
[12] tvsec: 4949068380465779
[13] tvsec: 4949068380474513
[13] tvsec: 4949068380503702
[14] tvsec: 4949068380511923
[14] tvsec: 4949068380757610
[15] tvsec: 4949068380766876
[15] tvsec: 4949068383331384
[21] tvsec: 4949068383343776
[21] tvsec: 4949068383351919
[22] tvsec: 4949068383360772
[22] tvsec: 4949068383371637
[23] tvsec: 4949068383380991
[23] tvsec: 4949068383403757
[24] tvsec: 4949068383413194
[24] tvsec: 4949068383584580
[25] tvsec: 4949068383595406
[25] tvsec: 4949068385109728
[11] tvsec: 4949068391326792
[11] tvsec: 4949068391344474
[12] tvsec: 4949068391356711
[12] tvsec: 4949068391367588
[13] tvsec: 4949068391378093
[13] tvsec: 4949068391413008
[14] tvsec: 4949068391422995
[14] tvsec: 4949068391713293
[15] tvsec: 4949068391724218
[15] tvsec: 4949068394567205
[21] tvsec: 4949068394582160
[21] tvsec: 4949068394591132
[22] tvsec: 4949068394601190
[22] tvsec: 4949068394613503
[23] tvsec: 4949068394624074
[23] tvsec: 4949068394648342
[24] tvsec: 4949068394659170
[24] tvsec: 4949068394843766
[25] tvsec: 4949068394855539
[25] tvsec: 4949068396481154
[11] tvsec: 4949068402814861
[11] tvsec: 4949068402828302
[12] tvsec: 4949068402837770
[12] tvsec: 4949068402846337
[13] tvsec: 4949068402854346
[13] tvsec: 4949068402881422
[14] tvsec: 4949068402889453
[14] tvsec: 4949068403115286
[15] tvsec: 4949068403123803
[15] tvsec: 4949068405414525
[21] tvsec: 4949068405426455
[21] tvsec: 4949068405433416
[22] tvsec: 4949068405440978
[22] tvsec: 4949068405451203
[23] tvsec: 4949068405459457
[23] tvsec: 4949068405478835
[24] tvsec: 4949068405486912
[24] tvsec: 4949068405638399
[25] tvsec: 4949068405647298
[25] tvsec: 4949068406929962
[11] tvsec: 4949068412244826
[11] tvsec: 4949068412258655
[12] tvsec: 4949068412268096
[12] tvsec: 4949068412276766
[13] tvsec: 4949068412284624
[13] tvsec: 4949068412311911
[14] tvsec: 4949068412319461
[14] tvsec: 4949068412545381
[15] tvsec: 4949068412553408
[15] tvsec: 4949068414815245
[21] tvsec: 4949068414825310
[21] tvsec: 4949068414832029
[22] tvsec: 4949068414839320
[22] tvsec: 4949068414848729
[23] tvsec: 4949068414856602
[23] tvsec: 4949068414876168
[24] tvsec: 4949068414884051
[24] tvsec: 4949068415035095
[25] tvsec: 4949068415044146
[25] tvsec: 4949068416421991
[11] tvsec: 4949068421846632
[11] tvsec: 4949068421862911
[12] tvsec: 4949068421879843
[12] tvsec: 4949068421889895
[13] tvsec: 4949068421898973
[13] tvsec: 4949068421930117
[14] tvsec: 4949068421938919
[14] tvsec: 4949068422199147
[15] tvsec: 4949068422208963
[15] tvsec: 4949068424805152
[21] tvsec: 4949068424820448
[21] tvsec: 4949068424828582
[22] tvsec: 4949068424837457
[22] tvsec: 4949068424848728
[23] tvsec: 4949068424857973
[23] tvsec: 4949068424880508
[24] tvsec: 4949068424889755
[24] tvsec: 4949068425058671
[25] tvsec: 4949068425069156
[25] tvsec: 4949068426543061
[11] tvsec: 4949068432853428
[11] tvsec: 4949068432872243
[12] tvsec: 4949068432885407
[12] tvsec: 4949068432897075
[13] tvsec: 4949068432908007
[13] tvsec: 4949068432945225
[14] tvsec: 4949068432955935
[14] tvsec: 4949068433259849
[15] tvsec: 4949068433271248
[15] tvsec: 4949068436300213
[21] tvsec: 4949068436315330
[21] tvsec: 4949068436324736
[22] tvsec: 4949068436335125
[22] tvsec: 4949068436348097
[23] tvsec: 4949068436359185
[23] tvsec: 4949068436384596
[24] tvsec: 4949068436395450
[24] tvsec: 4949068436590204
[25] tvsec: 4949068436602435
[25] tvsec: 4949068438489949
[11] tvsec: 4949068446539067
[11] tvsec: 4949068446563055
[12] tvsec: 4949068446579699
[12] tvsec: 4949068446594172
[13] tvsec: 4949068446608262
[13] tvsec: 4949068446654392
[14] tvsec: 4949068446668129
[14] tvsec: 4949068447048101
[15] tvsec: 4949068447062856
[15] tvsec: 4949068450793477
[21] tvsec: 4949068450812268
[21] tvsec: 4949068450824256
[22] tvsec: 4949068450837503
[22] tvsec: 4949068450853529
[23] tvsec: 4949068450867583
[23] tvsec: 4949068450898953
[24] tvsec: 4949068450913183
[24] tvsec: 4949068451148670
[25] tvsec: 4949068451164360
[25] tvsec: 4949068453253987