DEBUG MODE ENABLED (bypass acl)
[30869,2337970048:22:53:44.050371] BYPASSING ALL ACL CHECKS
[30869,2337970048:22:53:44.164799] Native Client module will be loaded at base address 0x000061ef00000000
[write_10000] tvsec: 1813
[read_10000] tvsec: 549
[write_1000] tvsec: 669
[read_1000] tvsec: 361
[write_100000] tvsec: 12517
[read_100000] tvsec: 3106
[write_1000000] tvsec: 41259
[read_1000000] tvsec: 11745
[write_4096] tvsec: 178
[read_4096] tvsec: 171
[write_16384] tvsec: 569
[read_16384] tvsec: 265
[write_65536] tvsec: 1837
[read_65536] tvsec: 603
[write_262144] tvsec: 7572
[read_262144] tvsec: 2809
[write_1048576] tvsec: 31606
[read_1048576] tvsec: 12355
[write_4194304] tvsec: 120135
[read_4194304] tvsec: 49715
done!
DEBUG MODE ENABLED (bypass acl)
[30874,554157952:22:53:45.620674] BYPASSING ALL ACL CHECKS
[30874,554157952:22:53:45.842767] Native Client module will be loaded at base address 0x000065c900000000
[write_10000] tvsec: 420
[read_10000] tvsec: 217
[write_1000] tvsec: 150
[read_1000] tvsec: 167
[write_100000] tvsec: 3078
[read_100000] tvsec: 958
[write_1000000] tvsec: 28205
[read_1000000] tvsec: 11718
[write_4096] tvsec: 187
[read_4096] tvsec: 176
[write_16384] tvsec: 527
[read_16384] tvsec: 245
[write_65536] tvsec: 1858
[read_65536] tvsec: 571
[write_262144] tvsec: 7645
[read_262144] tvsec: 2880
[write_1048576] tvsec: 31433
[read_1048576] tvsec: 12312
[write_4194304] tvsec: 119626
[read_4194304] tvsec: 49598
done!
DEBUG MODE ENABLED (bypass acl)
[30879,82278272:22:53:47.239143] BYPASSING ALL ACL CHECKS
[30879,82278272:22:53:47.387174] Native Client module will be loaded at base address 0x0000418f00000000
[write_10000] tvsec: 409
[read_10000] tvsec: 221
[write_1000] tvsec: 164
[read_1000] tvsec: 87
[write_100000] tvsec: 3230
[read_100000] tvsec: 993
[write_1000000] tvsec: 28243
[read_1000000] tvsec: 11748
[write_4096] tvsec: 185
[read_4096] tvsec: 177
[write_16384] tvsec: 536
[read_16384] tvsec: 242
[write_65536] tvsec: 1807
[read_65536] tvsec: 570
[write_262144] tvsec: 7643
[read_262144] tvsec: 2827
[write_1048576] tvsec: 31535
[read_1048576] tvsec: 12321
[write_4194304] tvsec: 119115
[read_4194304] tvsec: 49728
done!
DEBUG MODE ENABLED (bypass acl)
[30884,1754056576:22:53:48.783666] BYPASSING ALL ACL CHECKS
[30884,1754056576:22:53:48.898061] Native Client module will be loaded at base address 0x00000c9300000000
[write_10000] tvsec: 1903
[read_10000] tvsec: 568
[write_1000] tvsec: 685
[read_1000] tvsec: 371
[write_100000] tvsec: 3305
[read_100000] tvsec: 954
[write_1000000] tvsec: 28371
[read_1000000] tvsec: 11671
[write_4096] tvsec: 188
[read_4096] tvsec: 146
[write_16384] tvsec: 551
[read_16384] tvsec: 214
[write_65536] tvsec: 1858
[read_65536] tvsec: 533
[write_262144] tvsec: 7729
[read_262144] tvsec: 2873
[write_1048576] tvsec: 31595
[read_1048576] tvsec: 12419
[write_4194304] tvsec: 119868
[read_4194304] tvsec: 49910
done!
DEBUG MODE ENABLED (bypass acl)
[30889,1787139968:22:53:50.450291] BYPASSING ALL ACL CHECKS
[30889,1787139968:22:53:50.575810] Native Client module will be loaded at base address 0x0000140600000000
[write_10000] tvsec: 558
[read_10000] tvsec: 175
[write_1000] tvsec: 202
[read_1000] tvsec: 112
[write_100000] tvsec: 3857
[read_100000] tvsec: 1018
[write_1000000] tvsec: 29590
[read_1000000] tvsec: 11774
[write_4096] tvsec: 182
[read_4096] tvsec: 161
[write_16384] tvsec: 538
[read_16384] tvsec: 232
[write_65536] tvsec: 1868
[read_65536] tvsec: 574
[write_262144] tvsec: 7602
[read_262144] tvsec: 2857
[write_1048576] tvsec: 31891
[read_1048576] tvsec: 12321
[write_4194304] tvsec: 120002
[read_4194304] tvsec: 50227
done!
DEBUG MODE ENABLED (bypass acl)
[30894,2613569408:22:53:52.068068] BYPASSING ALL ACL CHECKS
[30894,2613569408:22:53:52.242453] Native Client module will be loaded at base address 0x00002c9000000000
[write_10000] tvsec: 577
[read_10000] tvsec: 175
[write_1000] tvsec: 203
[read_1000] tvsec: 111
[write_100000] tvsec: 4059
[read_100000] tvsec: 946
[write_1000000] tvsec: 27997
[read_1000000] tvsec: 11732
[write_4096] tvsec: 183
[read_4096] tvsec: 178
[write_16384] tvsec: 540
[read_16384] tvsec: 247
[write_65536] tvsec: 1867
[read_65536] tvsec: 575
[write_262144] tvsec: 7624
[read_262144] tvsec: 2860
[write_1048576] tvsec: 31577
[read_1048576] tvsec: 12266
[write_4194304] tvsec: 120353
[read_4194304] tvsec: 49712
done!
DEBUG MODE ENABLED (bypass acl)
[30899,821958528:22:53:53.739130] BYPASSING ALL ACL CHECKS
[30899,821958528:22:53:53.853541] Native Client module will be loaded at base address 0x000018b900000000
[write_10000] tvsec: 558
[read_10000] tvsec: 177
[write_1000] tvsec: 204
[read_1000] tvsec: 114
[write_100000] tvsec: 4112
[read_100000] tvsec: 1020
[write_1000000] tvsec: 29494
[read_1000000] tvsec: 11758
[write_4096] tvsec: 183
[read_4096] tvsec: 175
[write_16384] tvsec: 541
[read_16384] tvsec: 242
[write_65536] tvsec: 1862
[read_65536] tvsec: 592
[write_262144] tvsec: 7834
[read_262144] tvsec: 2873
[write_1048576] tvsec: 31719
[read_1048576] tvsec: 12351
[write_4194304] tvsec: 120909
[read_4194304] tvsec: 50076
done!
DEBUG MODE ENABLED (bypass acl)
[30904,34514816:22:53:55.164925] BYPASSING ALL ACL CHECKS
[30904,34514816:22:53:55.297960] Native Client module will be loaded at base address 0x000057a400000000
[write_10000] tvsec: 1815
[read_10000] tvsec: 544
[write_1000] tvsec: 674
[read_1000] tvsec: 361
[write_100000] tvsec: 3988
[read_100000] tvsec: 1019
[write_1000000] tvsec: 29559
[read_1000000] tvsec: 11795
[write_4096] tvsec: 179
[read_4096] tvsec: 173
[write_16384] tvsec: 591
[read_16384] tvsec: 268
[write_65536] tvsec: 1787
[read_65536] tvsec: 613
[write_262144] tvsec: 7703
[read_262144] tvsec: 2943
[write_1048576] tvsec: 31515
[read_1048576] tvsec: 12457
[write_4194304] tvsec: 121170
[read_4194304] tvsec: 50021
done!
DEBUG MODE ENABLED (bypass acl)
[30909,1604241280:22:53:56.672361] BYPASSING ALL ACL CHECKS
[30909,1604241280:22:53:56.786834] Native Client module will be loaded at base address 0x00006ad700000000
[write_10000] tvsec: 1884
[read_10000] tvsec: 561
[write_1000] tvsec: 692
[read_1000] tvsec: 376
[write_100000] tvsec: 3918
[read_100000] tvsec: 998
[write_1000000] tvsec: 28102
[read_1000000] tvsec: 11772
[write_4096] tvsec: 187
[read_4096] tvsec: 164
[write_16384] tvsec: 608
[read_16384] tvsec: 245
[write_65536] tvsec: 1849
[read_65536] tvsec: 513
[write_262144] tvsec: 7746
[read_262144] tvsec: 2861
[write_1048576] tvsec: 31946
[read_1048576] tvsec: 12358
[write_4194304] tvsec: 120668
[read_4194304] tvsec: 49691
done!
DEBUG MODE ENABLED (bypass acl)
[30914,1183807360:22:53:58.153887] BYPASSING ALL ACL CHECKS
[30914,1183807360:22:53:58.242371] Native Client module will be loaded at base address 0x00004fd200000000
[write_10000] tvsec: 1855
[read_10000] tvsec: 574
[write_1000] tvsec: 674
[read_1000] tvsec: 360
[write_100000] tvsec: 3535
[read_100000] tvsec: 1013
[write_1000000] tvsec: 29627
[read_1000000] tvsec: 11882
[write_4096] tvsec: 181
[read_4096] tvsec: 187
[write_16384] tvsec: 567
[read_16384] tvsec: 268
[write_65536] tvsec: 1829
[read_65536] tvsec: 614
[write_262144] tvsec: 7606
[read_262144] tvsec: 2985
[write_1048576] tvsec: 31607
[read_1048576] tvsec: 12296
[write_4194304] tvsec: 120197
[read_4194304] tvsec: 49487
done!
DEBUG MODE ENABLED (bypass acl)
[30919,4026468224:22:53:59.794603] BYPASSING ALL ACL CHECKS
[30919,4026468224:22:53:59.909016] Native Client module will be loaded at base address 0x0000061500000000
[write_10000] tvsec: 1867
[read_10000] tvsec: 549
[write_1000] tvsec: 693
[read_1000] tvsec: 365
[write_100000] tvsec: 3793
[read_100000] tvsec: 1036
[write_1000000] tvsec: 30044
[read_1000000] tvsec: 11837
[write_4096] tvsec: 192
[read_4096] tvsec: 119
[write_16384] tvsec: 554
[read_16384] tvsec: 272
[write_65536] tvsec: 1832
[read_65536] tvsec: 617
[write_262144] tvsec: 7567
[read_262144] tvsec: 2926
[write_1048576] tvsec: 31739
[read_1048576] tvsec: 12324
[write_4194304] tvsec: 121177
[read_4194304] tvsec: 49747
done!
DEBUG MODE ENABLED (bypass acl)
[30924,2572752768:22:54:01.661335] BYPASSING ALL ACL CHECKS
[30924,2572752768:22:54:01.742327] Native Client module will be loaded at base address 0x000032cd00000000
[write_10000] tvsec: 572
[read_10000] tvsec: 175
[write_1000] tvsec: 202
[read_1000] tvsec: 111
[write_100000] tvsec: 4015
[read_100000] tvsec: 1015
[write_1000000] tvsec: 29611
[read_1000000] tvsec: 11718
[write_4096] tvsec: 183
[read_4096] tvsec: 162
[write_16384] tvsec: 572
[read_16384] tvsec: 243
[write_65536] tvsec: 1884
[read_65536] tvsec: 586
[write_262144] tvsec: 7740
[read_262144] tvsec: 2883
[write_1048576] tvsec: 31554
[read_1048576] tvsec: 12445
[write_4194304] tvsec: 122229
[read_4194304] tvsec: 50083
done!
DEBUG MODE ENABLED (bypass acl)
[30929,3698808704:22:54:03.134474] BYPASSING ALL ACL CHECKS
[30929,3698808704:22:54:03.231194] Native Client module will be loaded at base address 0x0000571e00000000
[write_10000] tvsec: 711
[read_10000] tvsec: 221
[write_1000] tvsec: 269
[read_1000] tvsec: 154
[write_100000] tvsec: 4794
[read_100000] tvsec: 990
[write_1000000] tvsec: 28317
[read_1000000] tvsec: 11792
[write_4096] tvsec: 189
[read_4096] tvsec: 176
[write_16384] tvsec: 542
[read_16384] tvsec: 246
[write_65536] tvsec: 1870
[read_65536] tvsec: 567
[write_262144] tvsec: 7679
[read_262144] tvsec: 2884
[write_1048576] tvsec: 31604
[read_1048576] tvsec: 12360
[write_4194304] tvsec: 119447
[read_4194304] tvsec: 49613
done!
DEBUG MODE ENABLED (bypass acl)
[30934,404637568:22:54:04.672590] BYPASSING ALL ACL CHECKS
[30934,404637568:22:54:04.920052] Native Client module will be loaded at base address 0x0000231c00000000
[write_10000] tvsec: 414
[read_10000] tvsec: 194
[write_1000] tvsec: 151
[read_1000] tvsec: 141
[write_100000] tvsec: 3090
[read_100000] tvsec: 952
[write_1000000] tvsec: 28354
[read_1000000] tvsec: 11722
[write_4096] tvsec: 185
[read_4096] tvsec: 150
[write_16384] tvsec: 523
[read_16384] tvsec: 212
[write_65536] tvsec: 1824
[read_65536] tvsec: 552
[write_262144] tvsec: 7643
[read_262144] tvsec: 2814
[write_1048576] tvsec: 31610
[read_1048576] tvsec: 12325
[write_4194304] tvsec: 119252
[read_4194304] tvsec: 49679
done!
DEBUG MODE ENABLED (bypass acl)
[30939,755836800:22:54:06.216627] BYPASSING ALL ACL CHECKS
[30939,755836800:22:54:06.420036] Native Client module will be loaded at base address 0x00005cf800000000
[write_10000] tvsec: 438
[read_10000] tvsec: 140
[write_1000] tvsec: 156
[read_1000] tvsec: 86
[write_100000] tvsec: 3254
[read_100000] tvsec: 996
[write_1000000] tvsec: 27996
[read_1000000] tvsec: 11640
[write_4096] tvsec: 184
[read_4096] tvsec: 176
[write_16384] tvsec: 537
[read_16384] tvsec: 225
[write_65536] tvsec: 1892
[read_65536] tvsec: 582
[write_262144] tvsec: 7626
[read_262144] tvsec: 2876
[write_1048576] tvsec: 31288
[read_1048576] tvsec: 12293
[write_4194304] tvsec: 119482
[read_4194304] tvsec: 49752
done!
DEBUG MODE ENABLED (bypass acl)
[30944,3026831232:22:54:07.960981] BYPASSING ALL ACL CHECKS
[30944,3026831232:22:54:08.075576] Native Client module will be loaded at base address 0x000042ea00000000
[write_10000] tvsec: 1847
[read_10000] tvsec: 563
[write_1000] tvsec: 686
[read_1000] tvsec: 390
[write_100000] tvsec: 3973
[read_100000] tvsec: 1004
[write_1000000] tvsec: 28152
[read_1000000] tvsec: 11728
[write_4096] tvsec: 222
[read_4096] tvsec: 163
[write_16384] tvsec: 574
[read_16384] tvsec: 239
[write_65536] tvsec: 1875
[read_65536] tvsec: 593
[write_262144] tvsec: 7675
[read_262144] tvsec: 2849
[write_1048576] tvsec: 31991
[read_1048576] tvsec: 12306
[write_4194304] tvsec: 120111
[read_4194304] tvsec: 49742
done!
DEBUG MODE ENABLED (bypass acl)
[30949,1032238976:22:54:09.528052] BYPASSING ALL ACL CHECKS
[30949,1032238976:22:54:09.642217] Native Client module will be loaded at base address 0x0000129900000000
[write_10000] tvsec: 569
[read_10000] tvsec: 183
[write_1000] tvsec: 210
[read_1000] tvsec: 116
[write_100000] tvsec: 4195
[read_100000] tvsec: 1005
[write_1000000] tvsec: 28119
[read_1000000] tvsec: 11722
[write_4096] tvsec: 183
[read_4096] tvsec: 151
[write_16384] tvsec: 522
[read_16384] tvsec: 215
[write_65536] tvsec: 1807
[read_65536] tvsec: 540
[write_262144] tvsec: 7639
[read_262144] tvsec: 2806
[write_1048576] tvsec: 31493
[read_1048576] tvsec: 12296
[write_4194304] tvsec: 119305
[read_4194304] tvsec: 49679
done!
DEBUG MODE ENABLED (bypass acl)
[30954,1938085760:22:54:11.083456] BYPASSING ALL ACL CHECKS
[30954,1938085760:22:54:11.208877] Native Client module will be loaded at base address 0x00000d9400000000
[write_10000] tvsec: 1837
[read_10000] tvsec: 613
[write_1000] tvsec: 690
[read_1000] tvsec: 417
[write_100000] tvsec: 3381
[read_100000] tvsec: 933
[write_1000000] tvsec: 28594
[read_1000000] tvsec: 11746
[write_4096] tvsec: 192
[read_4096] tvsec: 131
[write_16384] tvsec: 514
[read_16384] tvsec: 198
[write_65536] tvsec: 1892
[read_65536] tvsec: 524
[write_262144] tvsec: 7754
[read_262144] tvsec: 2826
[write_1048576] tvsec: 32007
[read_1048576] tvsec: 12253
[write_4194304] tvsec: 121598
[read_4194304] tvsec: 49584
done!
DEBUG MODE ENABLED (bypass acl)
[30959,1869768576:22:54:12.575853] BYPASSING ALL ACL CHECKS
[30959,1869768576:22:54:12.786616] Native Client module will be loaded at base address 0x00007aff00000000
[write_10000] tvsec: 408
[read_10000] tvsec: 230
[write_1000] tvsec: 157
[read_1000] tvsec: 160
[write_100000] tvsec: 2949
[read_100000] tvsec: 1078
[write_1000000] tvsec: 28248
[read_1000000] tvsec: 11796
[write_4096] tvsec: 183
[read_4096] tvsec: 158
[write_16384] tvsec: 538
[read_16384] tvsec: 247
[write_65536] tvsec: 1801
[read_65536] tvsec: 591
[write_262144] tvsec: 7611
[read_262144] tvsec: 2881
[write_1048576] tvsec: 31639
[read_1048576] tvsec: 12282
[write_4194304] tvsec: 119335
[read_4194304] tvsec: 49872
done!
DEBUG MODE ENABLED (bypass acl)
[30964,1992144768:22:54:14.192811] BYPASSING ALL ACL CHECKS
[30964,1992144768:22:54:14.408818] Native Client module will be loaded at base address 0x00004ed000000000
[write_10000] tvsec: 1823
[read_10000] tvsec: 609
[write_1000] tvsec: 737
[read_1000] tvsec: 411
[write_100000] tvsec: 3414
[read_100000] tvsec: 1069
[write_1000000] tvsec: 30057
[read_1000000] tvsec: 11671
[write_4096] tvsec: 186
[read_4096] tvsec: 172
[write_16384] tvsec: 560
[read_16384] tvsec: 254
[write_65536] tvsec: 1865
[read_65536] tvsec: 602
[write_262144] tvsec: 7617
[read_262144] tvsec: 2871
[write_1048576] tvsec: 31637
[read_1048576] tvsec: 12264
[write_4194304] tvsec: 122012
[read_4194304] tvsec: 49902
done!
DEBUG MODE ENABLED (bypass acl)
[30969,1144870784:22:54:16.013184] BYPASSING ALL ACL CHECKS
[30969,1144870784:22:54:16.142127] Native Client module will be loaded at base address 0x000057d600000000
[write_10000] tvsec: 1859
[read_10000] tvsec: 612
[write_1000] tvsec: 680
[read_1000] tvsec: 419
[write_100000] tvsec: 3108
[read_100000] tvsec: 1014
[write_1000000] tvsec: 28137
[read_1000000] tvsec: 11695
[write_4096] tvsec: 183
[read_4096] tvsec: 158
[write_16384] tvsec: 511
[read_16384] tvsec: 224
[write_65536] tvsec: 1857
[read_65536] tvsec: 570
[write_262144] tvsec: 7640
[read_262144] tvsec: 2878
[write_1048576] tvsec: 31395
[read_1048576] tvsec: 12312
[write_4194304] tvsec: 119420
[read_4194304] tvsec: 49645
done!
DEBUG MODE ENABLED (bypass acl)
[30974,3981272960:22:54:17.646500] BYPASSING ALL ACL CHECKS
[30974,3981272960:22:54:17.775446] Native Client module will be loaded at base address 0x00006cdd00000000
[write_10000] tvsec: 417
[read_10000] tvsec: 245
[write_1000] tvsec: 157
[read_1000] tvsec: 83
[write_100000] tvsec: 3042
[read_100000] tvsec: 940
[write_1000000] tvsec: 28205
[read_1000000] tvsec: 11793
[write_4096] tvsec: 183
[read_4096] tvsec: 173
[write_16384] tvsec: 564
[read_16384] tvsec: 248
[write_65536] tvsec: 1843
[read_65536] tvsec: 572
[write_262144] tvsec: 7650
[read_262144] tvsec: 2910
[write_1048576] tvsec: 32050
[read_1048576] tvsec: 12358
[write_4194304] tvsec: 120399
[read_4194304] tvsec: 49844
done!
DEBUG MODE ENABLED (bypass acl)
[30979,3110315904:22:54:19.279822] BYPASSING ALL ACL CHECKS
[30979,3110315904:22:54:19.408747] Native Client module will be loaded at base address 0x0000763200000000
[write_10000] tvsec: 1815
[read_10000] tvsec: 545
[write_1000] tvsec: 675
[read_1000] tvsec: 362
[write_100000] tvsec: 3583
[read_100000] tvsec: 1049
[write_1000000] tvsec: 28474
[read_1000000] tvsec: 11939
[write_4096] tvsec: 185
[read_4096] tvsec: 145
[write_16384] tvsec: 518
[read_16384] tvsec: 213
[write_65536] tvsec: 1871
[read_65536] tvsec: 503
[write_262144] tvsec: 7772
[read_262144] tvsec: 2919
[write_1048576] tvsec: 32187
[read_1048576] tvsec: 12527
[write_4194304] tvsec: 121857
[read_4194304] tvsec: 50043
done!
DEBUG MODE ENABLED (bypass acl)
[30984,2866042752:22:54:20.968667] BYPASSING ALL ACL CHECKS
[30984,2866042752:22:54:21.119844] Native Client module will be loaded at base address 0x00007a5700000000
[write_10000] tvsec: 1841
[read_10000] tvsec: 628
[write_1000] tvsec: 753
[read_1000] tvsec: 430
[write_100000] tvsec: 3259
[read_100000] tvsec: 984
[write_1000000] tvsec: 28197
[read_1000000] tvsec: 11729
[write_4096] tvsec: 240
[read_4096] tvsec: 184
[write_16384] tvsec: 535
[read_16384] tvsec: 239
[write_65536] tvsec: 1867
[read_65536] tvsec: 544
[write_262144] tvsec: 7704
[read_262144] tvsec: 2826
[write_1048576] tvsec: 31683
[read_1048576] tvsec: 12356
[write_4194304] tvsec: 121478
[read_4194304] tvsec: 50034
done!
DEBUG MODE ENABLED (bypass acl)
[30989,909088640:22:54:22.579780] BYPASSING ALL ACL CHECKS
[30989,909088640:22:54:22.686496] Native Client module will be loaded at base address 0x000038f000000000
[write_10000] tvsec: 577
[read_10000] tvsec: 192
[write_1000] tvsec: 203
[read_1000] tvsec: 122
[write_100000] tvsec: 4043
[read_100000] tvsec: 991
[write_1000000] tvsec: 29340
[read_1000000] tvsec: 11791
[write_4096] tvsec: 185
[read_4096] tvsec: 182
[write_16384] tvsec: 558
[read_16384] tvsec: 245
[write_65536] tvsec: 1862
[read_65536] tvsec: 569
[write_262144] tvsec: 7784
[read_262144] tvsec: 2831
[write_1048576] tvsec: 31832
[read_1048576] tvsec: 12404
[write_4194304] tvsec: 119811
[read_4194304] tvsec: 50092
done!
DEBUG MODE ENABLED (bypass acl)
[30994,128681856:22:54:24.323657] BYPASSING ALL ACL CHECKS
[30994,128681856:22:54:24.430904] Native Client module will be loaded at base address 0x000069e900000000
[write_10000] tvsec: 446
[read_10000] tvsec: 138
[write_1000] tvsec: 159
[read_1000] tvsec: 85
[write_100000] tvsec: 3080
[read_100000] tvsec: 943
[write_1000000] tvsec: 28242
[read_1000000] tvsec: 11765
[write_4096] tvsec: 224
[read_4096] tvsec: 162
[write_16384] tvsec: 548
[read_16384] tvsec: 244
[write_65536] tvsec: 1844
[read_65536] tvsec: 587
[write_262144] tvsec: 7718
[read_262144] tvsec: 2858
[write_1048576] tvsec: 31664
[read_1048576] tvsec: 12225
[write_4194304] tvsec: 120414
[read_4194304] tvsec: 49754
done!
DEBUG MODE ENABLED (bypass acl)
[30999,3446265728:22:54:25.635131] BYPASSING ALL ACL CHECKS
[30999,3446265728:22:54:25.908667] Native Client module will be loaded at base address 0x0000601a00000000
[write_10000] tvsec: 1853
[read_10000] tvsec: 570
[write_1000] tvsec: 680
[read_1000] tvsec: 370
[write_100000] tvsec: 3385
[read_100000] tvsec: 983
[write_1000000] tvsec: 28269
[read_1000000] tvsec: 11783
[write_4096] tvsec: 184
[read_4096] tvsec: 161
[write_16384] tvsec: 570
[read_16384] tvsec: 244
[write_65536] tvsec: 1834
[read_65536] tvsec: 587
[write_262144] tvsec: 7698
[read_262144] tvsec: 2870
[write_1048576] tvsec: 31588
[read_1048576] tvsec: 12297
[write_4194304] tvsec: 120370
[read_4194304] tvsec: 49526
done!
DEBUG MODE ENABLED (bypass acl)
[31004,1084147584:22:54:27.413039] BYPASSING ALL ACL CHECKS
[31004,1084147584:22:54:27.541985] Native Client module will be loaded at base address 0x000017ad00000000
[write_10000] tvsec: 414
[read_10000] tvsec: 213
[write_1000] tvsec: 212
[read_1000] tvsec: 150
[write_100000] tvsec: 2983
[read_100000] tvsec: 957
[write_1000000] tvsec: 28226
[read_1000000] tvsec: 11807
[write_4096] tvsec: 186
[read_4096] tvsec: 157
[write_16384] tvsec: 633
[read_16384] tvsec: 236
[write_65536] tvsec: 1829
[read_65536] tvsec: 550
[write_262144] tvsec: 7670
[read_262144] tvsec: 2863
[write_1048576] tvsec: 31442
[read_1048576] tvsec: 12386
[write_4194304] tvsec: 119173
[read_4194304] tvsec: 50114
done!
DEBUG MODE ENABLED (bypass acl)
[31009,763000704:22:54:28.801773] BYPASSING ALL ACL CHECKS
[31009,763000704:22:54:29.019746] Native Client module will be loaded at base address 0x00000b2b00000000
[write_10000] tvsec: 566
[read_10000] tvsec: 174
[write_1000] tvsec: 203
[read_1000] tvsec: 108
[write_100000] tvsec: 3980
[read_100000] tvsec: 1040
[write_1000000] tvsec: 28189
[read_1000000] tvsec: 11731
[write_4096] tvsec: 185
[read_4096] tvsec: 179
[write_16384] tvsec: 539
[read_16384] tvsec: 243
[write_65536] tvsec: 1865
[read_65536] tvsec: 568
[write_262144] tvsec: 7638
[read_262144] tvsec: 2844
[write_1048576] tvsec: 31492
[read_1048576] tvsec: 12316
[write_4194304] tvsec: 119611
[read_4194304] tvsec: 49693
done!
DEBUG MODE ENABLED (bypass acl)
[31014,1988683648:22:54:30.460676] BYPASSING ALL ACL CHECKS
[31014,1988683648:22:54:30.575295] Native Client module will be loaded at base address 0x0000219000000000
[write_10000] tvsec: 561
[read_10000] tvsec: 176
[write_1000] tvsec: 203
[read_1000] tvsec: 112
[write_100000] tvsec: 3974
[read_100000] tvsec: 996
[write_1000000] tvsec: 29466
[read_1000000] tvsec: 11713
[write_4096] tvsec: 199
[read_4096] tvsec: 162
[write_16384] tvsec: 578
[read_16384] tvsec: 257
[write_65536] tvsec: 1845
[read_65536] tvsec: 576
[write_262144] tvsec: 7647
[read_262144] tvsec: 2890
[write_1048576] tvsec: 31979
[read_1048576] tvsec: 12320
[write_4194304] tvsec: 120483
[read_4194304] tvsec: 49631
done!
DEBUG MODE ENABLED (bypass acl)
[31019,2138216320:22:54:32.171815] BYPASSING ALL ACL CHECKS
[31019,2138216320:22:54:32.286373] Native Client module will be loaded at base address 0x00002e5d00000000
[write_10000] tvsec: 578
[read_10000] tvsec: 175
[write_1000] tvsec: 203
[read_1000] tvsec: 111
[write_100000] tvsec: 3984
[read_100000] tvsec: 1020
[write_1000000] tvsec: 29525
[read_1000000] tvsec: 11681
[write_4096] tvsec: 185
[read_4096] tvsec: 162
[write_16384] tvsec: 568
[read_16384] tvsec: 238
[write_65536] tvsec: 1860
[read_65536] tvsec: 563
[write_262144] tvsec: 7665
[read_262144] tvsec: 2867
[write_1048576] tvsec: 32085
[read_1048576] tvsec: 12399
[write_4194304] tvsec: 120970
[read_4194304] tvsec: 49693
done!
DEBUG MODE ENABLED (bypass acl)
[31024,2709911424:22:54:33.735531] BYPASSING ALL ACL CHECKS
[31024,2709911424:22:54:33.853015] Native Client module will be loaded at base address 0x00002de300000000
[write_10000] tvsec: 1831
[read_10000] tvsec: 554
[write_1000] tvsec: 675
[read_1000] tvsec: 369
[write_100000] tvsec: 3723
[read_100000] tvsec: 1012
[write_1000000] tvsec: 29521
[read_1000000] tvsec: 11746
[write_4096] tvsec: 183
[read_4096] tvsec: 162
[write_16384] tvsec: 568
[read_16384] tvsec: 216
[write_65536] tvsec: 1850
[read_65536] tvsec: 582
[write_262144] tvsec: 7666
[read_262144] tvsec: 2915
[write_1048576] tvsec: 31859
[read_1048576] tvsec: 12360
[write_4194304] tvsec: 120012
[read_4194304] tvsec: 49487
done!
DEBUG MODE ENABLED (bypass acl)
[31029,2138113920:22:54:35.242156] BYPASSING ALL ACL CHECKS
[31029,2138113920:22:54:35.419601] Native Client module will be loaded at base address 0x00000d1a00000000
[write_10000] tvsec: 562
[read_10000] tvsec: 171
[write_1000] tvsec: 205
[read_1000] tvsec: 107
[write_100000] tvsec: 3993
[read_100000] tvsec: 987
[write_1000000] tvsec: 28055
[read_1000000] tvsec: 11609
[write_4096] tvsec: 186
[read_4096] tvsec: 86
[write_16384] tvsec: 504
[read_16384] tvsec: 154
[write_65536] tvsec: 1820
[read_65536] tvsec: 524
[write_262144] tvsec: 7582
[read_262144] tvsec: 2919
[write_1048576] tvsec: 32169
[read_1048576] tvsec: 12312
[write_4194304] tvsec: 119289
[read_4194304] tvsec: 50147
done!
DEBUG MODE ENABLED (bypass acl)
[31034,1585227648:22:54:36.968714] BYPASSING ALL ACL CHECKS
[31034,1585227648:22:54:37.119642] Native Client module will be loaded at base address 0x000075e100000000
[write_10000] tvsec: 1833
[read_10000] tvsec: 551
[write_1000] tvsec: 677
[read_1000] tvsec: 402
[write_100000] tvsec: 3868
[read_100000] tvsec: 1005
[write_1000000] tvsec: 28545
[read_1000000] tvsec: 11809
[write_4096] tvsec: 188
[read_4096] tvsec: 145
[write_16384] tvsec: 511
[read_16384] tvsec: 212
[write_65536] tvsec: 1861
[read_65536] tvsec: 621
[write_262144] tvsec: 7933
[read_262144] tvsec: 2938
[write_1048576] tvsec: 33252
[read_1048576] tvsec: 14138
[write_4194304] tvsec: 124195
[read_4194304] tvsec: 50285
done!
DEBUG MODE ENABLED (bypass acl)
[31039,768219008:22:54:38.505092] BYPASSING ALL ACL CHECKS
[31039,768219008:22:54:38.719636] Native Client module will be loaded at base address 0x0000716500000000
[write_10000] tvsec: 407
[read_10000] tvsec: 245
[write_1000] tvsec: 157
[read_1000] tvsec: 163
[write_100000] tvsec: 3184
[read_100000] tvsec: 950
[write_1000000] tvsec: 34099
[read_1000000] tvsec: 12038
[write_4096] tvsec: 180
[read_4096] tvsec: 146
[write_16384] tvsec: 567
[read_16384] tvsec: 245
[write_65536] tvsec: 1802
[read_65536] tvsec: 586
[write_262144] tvsec: 7747
[read_262144] tvsec: 2870
[write_1048576] tvsec: 32200
[read_1048576] tvsec: 12499
[write_4194304] tvsec: 120685
[read_4194304] tvsec: 49922
done!
DEBUG MODE ENABLED (bypass acl)
[31044,2660243328:22:54:40.552197] BYPASSING ALL ACL CHECKS
[31044,2660243328:22:54:40.864032] Native Client module will be loaded at base address 0x00003e3800000000
[write_10000] tvsec: 1840
[read_10000] tvsec: 557
[write_1000] tvsec: 702
[read_1000] tvsec: 366
[write_100000] tvsec: 3624
[read_100000] tvsec: 1048
[write_1000000] tvsec: 28298
[read_1000000] tvsec: 11881
[write_4096] tvsec: 179
[read_4096] tvsec: 161
[write_16384] tvsec: 560
[read_16384] tvsec: 239
[write_65536] tvsec: 1873
[read_65536] tvsec: 565
[write_262144] tvsec: 7754
[read_262144] tvsec: 2915
[write_1048576] tvsec: 32250
[read_1048576] tvsec: 12538
[write_4194304] tvsec: 121708
[read_4194304] tvsec: 50338
done!
DEBUG MODE ENABLED (bypass acl)
[31052,2971457408:22:54:42.414104] BYPASSING ALL ACL CHECKS
[31052,2971457408:22:54:42.519576] Native Client module will be loaded at base address 0x00006a1700000000
[write_10000] tvsec: 1848
[read_10000] tvsec: 556
[write_1000] tvsec: 676
[read_1000] tvsec: 387
[write_100000] tvsec: 3862
[read_100000] tvsec: 992
[write_1000000] tvsec: 28040
[read_1000000] tvsec: 11711
[write_4096] tvsec: 180
[read_4096] tvsec: 182
[write_16384] tvsec: 538
[read_16384] tvsec: 237
[write_65536] tvsec: 1833
[read_65536] tvsec: 587
[write_262144] tvsec: 7570
[read_262144] tvsec: 2865
[write_1048576] tvsec: 31440
[read_1048576] tvsec: 12270
[write_4194304] tvsec: 119509
[read_4194304] tvsec: 50009
done!
DEBUG MODE ENABLED (bypass acl)
[31057,2820384640:22:54:44.027133] BYPASSING ALL ACL CHECKS
[31057,2820384640:22:54:44.108447] Native Client module will be loaded at base address 0x000069a000000000
[write_10000] tvsec: 1805
[read_10000] tvsec: 555
[write_1000] tvsec: 706
[read_1000] tvsec: 378
[write_100000] tvsec: 3813
[read_100000] tvsec: 1038
[write_1000000] tvsec: 29361
[read_1000000] tvsec: 11825
[write_4096] tvsec: 181
[read_4096] tvsec: 160
[write_16384] tvsec: 565
[read_16384] tvsec: 238
[write_65536] tvsec: 1853
[read_65536] tvsec: 587
[write_262144] tvsec: 7574
[read_262144] tvsec: 2861
[write_1048576] tvsec: 31269
[read_1048576] tvsec: 12252
[write_4194304] tvsec: 119312
[read_4194304] tvsec: 49949
done!
DEBUG MODE ENABLED (bypass acl)
[31062,4093220736:22:54:45.882656] BYPASSING ALL ACL CHECKS
[31062,4093220736:22:54:46.008430] Native Client module will be loaded at base address 0x0000280d00000000
[write_10000] tvsec: 1808
[read_10000] tvsec: 556
[write_1000] tvsec: 728
[read_1000] tvsec: 375
[write_100000] tvsec: 3758
[read_100000] tvsec: 995
[write_1000000] tvsec: 28193
[read_1000000] tvsec: 11737
[write_4096] tvsec: 183
[read_4096] tvsec: 163
[write_16384] tvsec: 566
[read_16384] tvsec: 215
[write_65536] tvsec: 1887
[read_65536] tvsec: 515
[write_262144] tvsec: 7644
[read_262144] tvsec: 2811
[write_1048576] tvsec: 31410
[read_1048576] tvsec: 12289
[write_4194304] tvsec: 119634
[read_4194304] tvsec: 49591
done!
DEBUG MODE ENABLED (bypass acl)
[31067,1420367744:22:54:47.493827] BYPASSING ALL ACL CHECKS
[31067,1420367744:22:54:47.586185] Native Client module will be loaded at base address 0x000043df00000000
[write_10000] tvsec: 1871
[read_10000] tvsec: 562
[write_1000] tvsec: 677
[read_1000] tvsec: 374
[write_100000] tvsec: 3995
[read_100000] tvsec: 990
[write_1000000] tvsec: 29491
[read_1000000] tvsec: 11688
[write_4096] tvsec: 184
[read_4096] tvsec: 229
[write_16384] tvsec: 570
[read_16384] tvsec: 228
[write_65536] tvsec: 1852
[read_65536] tvsec: 571
[write_262144] tvsec: 7543
[read_262144] tvsec: 2860
[write_1048576] tvsec: 31378
[read_1048576] tvsec: 12246
[write_4194304] tvsec: 119476
[read_4194304] tvsec: 49944
done!
DEBUG MODE ENABLED (bypass acl)
[31072,3500504960:22:54:48.838353] BYPASSING ALL ACL CHECKS
[31072,3500504960:22:54:48.952773] Native Client module will be loaded at base address 0x00001ae000000000
[write_10000] tvsec: 415
[read_10000] tvsec: 127
[write_1000] tvsec: 171
[read_1000] tvsec: 77
[write_100000] tvsec: 2871
[read_100000] tvsec: 947
[write_1000000] tvsec: 28111
[read_1000000] tvsec: 11712
[write_4096] tvsec: 180
[read_4096] tvsec: 83
[write_16384] tvsec: 494
[read_16384] tvsec: 166
[write_65536] tvsec: 1878
[read_65536] tvsec: 477
[write_262144] tvsec: 7765
[read_262144] tvsec: 2745
[write_1048576] tvsec: 31751
[read_1048576] tvsec: 12362
[write_4194304] tvsec: 119629
[read_4194304] tvsec: 49906
done!
DEBUG MODE ENABLED (bypass acl)
[31077,3659089792:22:54:50.236862] BYPASSING ALL ACL CHECKS
[31077,3659089792:22:54:50.469207] Native Client module will be loaded at base address 0x0000402500000000
[write_10000] tvsec: 1910
[read_10000] tvsec: 561
[write_1000] tvsec: 693
[read_1000] tvsec: 372
[write_100000] tvsec: 3902
[read_100000] tvsec: 984
[write_1000000] tvsec: 29609
[read_1000000] tvsec: 11640
[write_4096] tvsec: 218
[read_4096] tvsec: 162
[write_16384] tvsec: 573
[read_16384] tvsec: 244
[write_65536] tvsec: 1848
[read_65536] tvsec: 561
[write_262144] tvsec: 7651
[read_262144] tvsec: 2827
[write_1048576] tvsec: 31432
[read_1048576] tvsec: 12199
[write_4194304] tvsec: 118847
[read_4194304] tvsec: 49487
done!
DEBUG MODE ENABLED (bypass acl)
[31082,3954349952:22:54:51.716124] BYPASSING ALL ACL CHECKS
[31082,3954349952:22:54:51.830513] Native Client module will be loaded at base address 0x000056cc00000000
[write_10000] tvsec: 555
[read_10000] tvsec: 171
[write_1000] tvsec: 200
[read_1000] tvsec: 109
[write_100000] tvsec: 3829
[read_100000] tvsec: 888
[write_1000000] tvsec: 28217
[read_1000000] tvsec: 11866
[write_4096] tvsec: 182
[read_4096] tvsec: 86
[write_16384] tvsec: 495
[read_16384] tvsec: 151
[write_65536] tvsec: 1858
[read_65536] tvsec: 465
[write_262144] tvsec: 7754
[read_262144] tvsec: 2787
[write_1048576] tvsec: 31720
[read_1048576] tvsec: 12392
[write_4194304] tvsec: 119766
[read_4194304] tvsec: 50172
done!
DEBUG MODE ENABLED (bypass acl)
[31087,2441979776:22:54:53.114592] BYPASSING ALL ACL CHECKS
[31087,2441979776:22:54:53.330560] Native Client module will be loaded at base address 0x00000c6e00000000
[write_10000] tvsec: 559
[read_10000] tvsec: 176
[write_1000] tvsec: 202
[read_1000] tvsec: 111
[write_100000] tvsec: 4041
[read_100000] tvsec: 1017
[write_1000000] tvsec: 29456
[read_1000000] tvsec: 11724
[write_4096] tvsec: 182
[read_4096] tvsec: 163
[write_16384] tvsec: 566
[read_16384] tvsec: 240
[write_65536] tvsec: 1830
[read_65536] tvsec: 589
[write_262144] tvsec: 7735
[read_262144] tvsec: 2912
[write_1048576] tvsec: 31435
[read_1048576] tvsec: 12289
[write_4194304] tvsec: 120511
[read_4194304] tvsec: 49684
done!
DEBUG MODE ENABLED (bypass acl)
[31092,3369703296:22:54:54.717522] BYPASSING ALL ACL CHECKS
[31092,3369703296:22:54:54.830537] Native Client module will be loaded at base address 0x00002e7d00000000
[write_10000] tvsec: 569
[read_10000] tvsec: 175
[write_1000] tvsec: 202
[read_1000] tvsec: 112
[write_100000] tvsec: 4033
[read_100000] tvsec: 1079
[write_1000000] tvsec: 30138
[read_1000000] tvsec: 11716
[write_4096] tvsec: 181
[read_4096] tvsec: 162
[write_16384] tvsec: 615
[read_16384] tvsec: 242
[write_65536] tvsec: 1806
[read_65536] tvsec: 583
[write_262144] tvsec: 7637
[read_262144] tvsec: 2910
[write_1048576] tvsec: 31525
[read_1048576] tvsec: 12358
[write_4194304] tvsec: 120023
[read_4194304] tvsec: 49677
done!
DEBUG MODE ENABLED (bypass acl)
[31097,1857107840:22:54:56.350840] BYPASSING ALL ACL CHECKS
[31097,1857107840:22:54:56.519375] Native Client module will be loaded at base address 0x00000f0900000000
[write_10000] tvsec: 1849
[read_10000] tvsec: 548
[write_1000] tvsec: 674
[read_1000] tvsec: 359
[write_100000] tvsec: 3707
[read_100000] tvsec: 1000
[write_1000000] tvsec: 28052
[read_1000000] tvsec: 11692
[write_4096] tvsec: 182
[read_4096] tvsec: 160
[write_16384] tvsec: 582
[read_16384] tvsec: 239
[write_65536] tvsec: 1844
[read_65536] tvsec: 553
[write_262144] tvsec: 7609
[read_262144] tvsec: 2876
[write_1048576] tvsec: 31605
[read_1048576] tvsec: 12516
[write_4194304] tvsec: 120490
[read_4194304] tvsec: 50048
done!
DEBUG MODE ENABLED (bypass acl)
[31104,3049850752:22:54:57.957111] BYPASSING ALL ACL CHECKS
[31104,3049850752:22:54:58.208275] Native Client module will be loaded at base address 0x00003c8900000000
[write_10000] tvsec: 414
[read_10000] tvsec: 215
[write_1000] tvsec: 147
[read_1000] tvsec: 152
[write_100000] tvsec: 3144
[read_100000] tvsec: 940
[write_1000000] tvsec: 28121
[read_1000000] tvsec: 11708
[write_4096] tvsec: 187
[read_4096] tvsec: 160
[write_16384] tvsec: 569
[read_16384] tvsec: 239
[write_65536] tvsec: 1852
[read_65536] tvsec: 584
[write_262144] tvsec: 7621
[read_262144] tvsec: 2912
[write_1048576] tvsec: 31463
[read_1048576] tvsec: 12257
[write_4194304] tvsec: 119823
[read_4194304] tvsec: 49627
done!
DEBUG MODE ENABLED (bypass acl)
[31109,2839803776:22:54:59.629392] BYPASSING ALL ACL CHECKS
[31109,2839803776:22:54:59.752703] Native Client module will be loaded at base address 0x000034c600000000
[write_10000] tvsec: 473
[read_10000] tvsec: 146
[write_1000] tvsec: 169
[read_1000] tvsec: 92
[write_100000] tvsec: 3319
[read_100000] tvsec: 977
[write_1000000] tvsec: 28161
[read_1000000] tvsec: 11707
[write_4096] tvsec: 185
[read_4096] tvsec: 162
[write_16384] tvsec: 569
[read_16384] tvsec: 238
[write_65536] tvsec: 1843
[read_65536] tvsec: 590
[write_262144] tvsec: 7600
[read_262144] tvsec: 2865
[write_1048576] tvsec: 31781
[read_1048576] tvsec: 12331
[write_4194304] tvsec: 120400
[read_4194304] tvsec: 49889
done!
DEBUG MODE ENABLED (bypass acl)
[31114,1736992640:22:55:00.968180] BYPASSING ALL ACL CHECKS
[31114,1736992640:22:55:01.163794] Native Client module will be loaded at base address 0x0000398800000000
[write_10000] tvsec: 558
[read_10000] tvsec: 175
[write_1000] tvsec: 203
[read_1000] tvsec: 111
[write_100000] tvsec: 3986
[read_100000] tvsec: 1022
[write_1000000] tvsec: 28155
[read_1000000] tvsec: 11634
[write_4096] tvsec: 181
[read_4096] tvsec: 178
[write_16384] tvsec: 572
[read_16384] tvsec: 228
[write_65536] tvsec: 1885
[read_65536] tvsec: 569
[write_262144] tvsec: 7696
[read_262144] tvsec: 2862
[write_1048576] tvsec: 31758
[read_1048576] tvsec: 12291
[write_4194304] tvsec: 120744
[read_4194304] tvsec: 49843
done!
DEBUG MODE ENABLED (bypass acl)
[31119,3200939904:22:55:02.447948] BYPASSING ALL ACL CHECKS
[31119,3200939904:22:55:02.519219] Native Client module will be loaded at base address 0x0000751b00000000
[write_10000] tvsec: 1836
[read_10000] tvsec: 599
[write_1000] tvsec: 678
[read_1000] tvsec: 358
[write_100000] tvsec: 3580
[read_100000] tvsec: 891
[write_1000000] tvsec: 28206
[read_1000000] tvsec: 11607
[write_4096] tvsec: 183
[read_4096] tvsec: 83
[write_16384] tvsec: 488
[read_16384] tvsec: 150
[write_65536] tvsec: 1836
[read_65536] tvsec: 458
[write_262144] tvsec: 7542
[read_262144] tvsec: 2796
[write_1048576] tvsec: 31887
[read_1048576] tvsec: 12439
[write_4194304] tvsec: 119897
[read_4194304] tvsec: 50016
done!
DEBUG MODE ENABLED (bypass acl)
[31124,127965056:22:55:03.738543] BYPASSING ALL ACL CHECKS
[31124,127965056:22:55:03.930424] Native Client module will be loaded at base address 0x0000301900000000
[write_10000] tvsec: 412
[read_10000] tvsec: 245
[write_1000] tvsec: 168
[read_1000] tvsec: 167
[write_100000] tvsec: 2957
[read_100000] tvsec: 1060
[write_1000000] tvsec: 28163
[read_1000000] tvsec: 11950
[write_4096] tvsec: 184
[read_4096] tvsec: 164
[write_16384] tvsec: 532
[read_16384] tvsec: 242
[write_65536] tvsec: 1774
[read_65536] tvsec: 610
[write_262144] tvsec: 7679
[read_262144] tvsec: 2862
[write_1048576] tvsec: 31441
[read_1048576] tvsec: 12384
[write_4194304] tvsec: 120506
[read_4194304] tvsec: 49981
done!
DEBUG MODE ENABLED (bypass acl)
[31129,2800719744:22:55:05.430769] BYPASSING ALL ACL CHECKS
[31129,2800719744:22:55:05.552630] Native Client module will be loaded at base address 0x000034a800000000
[write_10000] tvsec: 435
[read_10000] tvsec: 216
[write_1000] tvsec: 145
[read_1000] tvsec: 153
[write_100000] tvsec: 3111
[read_100000] tvsec: 937
[write_1000000] tvsec: 28274
[read_1000000] tvsec: 11740
[write_4096] tvsec: 185
[read_4096] tvsec: 161
[write_16384] tvsec: 539
[read_16384] tvsec: 211
[write_65536] tvsec: 1867
[read_65536] tvsec: 593
[write_262144] tvsec: 7653
[read_262144] tvsec: 2939
[write_1048576] tvsec: 31582
[read_1048576] tvsec: 12324
[write_4194304] tvsec: 119878
[read_4194304] tvsec: 49759
done!
DEBUG MODE ENABLED (bypass acl)
[31134,3812243328:22:55:06.908592] BYPASSING ALL ACL CHECKS
[31134,3812243328:22:55:07.019293] Native Client module will be loaded at base address 0x000021e500000000
[write_10000] tvsec: 553
[read_10000] tvsec: 176
[write_1000] tvsec: 202
[read_1000] tvsec: 110
[write_100000] tvsec: 3934
[read_100000] tvsec: 1016
[write_1000000] tvsec: 29506
[read_1000000] tvsec: 11746
[write_4096] tvsec: 182
[read_4096] tvsec: 162
[write_16384] tvsec: 604
[read_16384] tvsec: 241
[write_65536] tvsec: 1805
[read_65536] tvsec: 576
[write_262144] tvsec: 7642
[read_262144] tvsec: 2907
[write_1048576] tvsec: 31493
[read_1048576] tvsec: 12305
[write_4194304] tvsec: 120965
[read_4194304] tvsec: 49572
done!
DEBUG MODE ENABLED (bypass acl)
[31139,1895741312:22:55:08.408566] BYPASSING ALL ACL CHECKS
[31139,1895741312:22:55:08.530371] Native Client module will be loaded at base address 0x000056fb00000000
[write_10000] tvsec: 579
[read_10000] tvsec: 190
[write_1000] tvsec: 203
[read_1000] tvsec: 122
[write_100000] tvsec: 4185
[read_100000] tvsec: 995
[write_1000000] tvsec: 29470
[read_1000000] tvsec: 11967
[write_4096] tvsec: 184
[read_4096] tvsec: 170
[write_16384] tvsec: 534
[read_16384] tvsec: 249
[write_65536] tvsec: 1846
[read_65536] tvsec: 558
[write_262144] tvsec: 7601
[read_262144] tvsec: 2896
[write_1048576] tvsec: 31368
[read_1048576] tvsec: 12457
[write_4194304] tvsec: 120099
[read_4194304] tvsec: 49951
done!
DEBUG MODE ENABLED (bypass acl)
[31144,3475064704:22:55:09.930637] BYPASSING ALL ACL CHECKS
[31144,3475064704:22:55:10.052581] Native Client module will be loaded at base address 0x0000544300000000
[write_10000] tvsec: 1832
[read_10000] tvsec: 612
[write_1000] tvsec: 687
[read_1000] tvsec: 411
[write_100000] tvsec: 3806
[read_100000] tvsec: 1031
[write_1000000] tvsec: 29493
[read_1000000] tvsec: 11802
[write_4096] tvsec: 184
[read_4096] tvsec: 172
[write_16384] tvsec: 555
[read_16384] tvsec: 250
[write_65536] tvsec: 1888
[read_65536] tvsec: 580
[write_262144] tvsec: 7635
[read_262144] tvsec: 2884
[write_1048576] tvsec: 31544
[read_1048576] tvsec: 12294
[write_4194304] tvsec: 119811
[read_4194304] tvsec: 49704
done!
DEBUG MODE ENABLED (bypass acl)
[31149,1220167552:22:55:11.278065] BYPASSING ALL ACL CHECKS
[31149,1220167552:22:55:11.374806] Native Client module will be loaded at base address 0x000007a800000000
[write_10000] tvsec: 1864
[read_10000] tvsec: 602
[write_1000] tvsec: 690
[read_1000] tvsec: 374
[write_100000] tvsec: 3517
[read_100000] tvsec: 969
[write_1000000] tvsec: 28134
[read_1000000] tvsec: 11932
[write_4096] tvsec: 184
[read_4096] tvsec: 151
[write_16384] tvsec: 525
[read_16384] tvsec: 202
[write_65536] tvsec: 1868
[read_65536] tvsec: 522
[write_262144] tvsec: 7687
[read_262144] tvsec: 2895
[write_1048576] tvsec: 31818
[read_1048576] tvsec: 12408
[write_4194304] tvsec: 122240
[read_4194304] tvsec: 50042
done!
DEBUG MODE ENABLED (bypass acl)
[31154,1244448640:22:55:12.803273] BYPASSING ALL ACL CHECKS
[31154,1244448640:22:55:13.030318] Native Client module will be loaded at base address 0x0000217000000000
[write_10000] tvsec: 1874
[read_10000] tvsec: 689
[write_1000] tvsec: 690
[read_1000] tvsec: 451
[write_100000] tvsec: 3091
[read_100000] tvsec: 970
[write_1000000] tvsec: 28119
[read_1000000] tvsec: 11716
[write_4096] tvsec: 187
[read_4096] tvsec: 162
[write_16384] tvsec: 540
[read_16384] tvsec: 230
[write_65536] tvsec: 1859
[read_65536] tvsec: 560
[write_262144] tvsec: 7607
[read_262144] tvsec: 2834
[write_1048576] tvsec: 31370
[read_1048576] tvsec: 12276
[write_4194304] tvsec: 119140
[read_4194304] tvsec: 49646
done!
DEBUG MODE ENABLED (bypass acl)
[31159,319121280:22:55:14.479624] BYPASSING ALL ACL CHECKS
[31159,319121280:22:55:14.574756] Native Client module will be loaded at base address 0x00002a8c00000000
[write_10000] tvsec: 1918
[read_10000] tvsec: 558
[write_1000] tvsec: 675
[read_1000] tvsec: 361
[write_100000] tvsec: 3666
[read_100000] tvsec: 1013
[write_1000000] tvsec: 29511
[read_1000000] tvsec: 11832
[write_4096] tvsec: 182
[read_4096] tvsec: 157
[write_16384] tvsec: 559
[read_16384] tvsec: 208
[write_65536] tvsec: 1843
[read_65536] tvsec: 590
[write_262144] tvsec: 7591
[read_262144] tvsec: 2870
[write_1048576] tvsec: 31688
[read_1048576] tvsec: 12447
[write_4194304] tvsec: 120246
[read_4194304] tvsec: 50369
done!
DEBUG MODE ENABLED (bypass acl)
[31164,3568674688:22:55:15.880962] BYPASSING ALL ACL CHECKS
[31164,3568674688:22:55:16.141408] Native Client module will be loaded at base address 0x00007e4b00000000
[write_10000] tvsec: 1818
[read_10000] tvsec: 590
[write_1000] tvsec: 673
[read_1000] tvsec: 372
[write_100000] tvsec: 3930
[read_100000] tvsec: 1010
[write_1000000] tvsec: 29450
[read_1000000] tvsec: 11707
[write_4096] tvsec: 181
[read_4096] tvsec: 163
[write_16384] tvsec: 603
[read_16384] tvsec: 242
[write_65536] tvsec: 1816
[read_65536] tvsec: 594
[write_262144] tvsec: 7642
[read_262144] tvsec: 2885
[write_1048576] tvsec: 31649
[read_1048576] tvsec: 12363
[write_4194304] tvsec: 120768
[read_4194304] tvsec: 49914
done!
DEBUG MODE ENABLED (bypass acl)
[31169,2509404032:22:55:17.584109] BYPASSING ALL ACL CHECKS
[31169,2509404032:22:55:17.674720] Native Client module will be loaded at base address 0x0000208800000000
[write_10000] tvsec: 452
[read_10000] tvsec: 138
[write_1000] tvsec: 156
[read_1000] tvsec: 83
[write_100000] tvsec: 3047
[read_100000] tvsec: 961
[write_1000000] tvsec: 28148
[read_1000000] tvsec: 11818
[write_4096] tvsec: 182
[read_4096] tvsec: 172
[write_16384] tvsec: 572
[read_16384] tvsec: 261
[write_65536] tvsec: 1802
[read_65536] tvsec: 603
[write_262144] tvsec: 7580
[read_262144] tvsec: 2882
[write_1048576] tvsec: 31512
[read_1048576] tvsec: 12392
[write_4194304] tvsec: 120936
[read_4194304] tvsec: 49963
done!
DEBUG MODE ENABLED (bypass acl)
[31174,4142847872:22:55:19.190180] BYPASSING ALL ACL CHECKS
[31174,4142847872:22:55:19.296931] Native Client module will be loaded at base address 0x0000332600000000
[write_10000] tvsec: 1816
[read_10000] tvsec: 553
[write_1000] tvsec: 678
[read_1000] tvsec: 374
[write_100000] tvsec: 3552
[read_100000] tvsec: 989
[write_1000000] tvsec: 28163
[read_1000000] tvsec: 11756
[write_4096] tvsec: 181
[read_4096] tvsec: 161
[write_16384] tvsec: 563
[read_16384] tvsec: 237
[write_65536] tvsec: 1883
[read_65536] tvsec: 575
[write_262144] tvsec: 7628
[read_262144] tvsec: 2901
[write_1048576] tvsec: 31507
[read_1048576] tvsec: 12347
[write_4194304] tvsec: 122528
[read_4194304] tvsec: 50016
done!
DEBUG MODE ENABLED (bypass acl)
[31179,2724353920:22:55:20.913352] BYPASSING ALL ACL CHECKS
[31179,2724353920:22:55:21.030238] Native Client module will be loaded at base address 0x0000397e00000000
[write_10000] tvsec: 1860
[read_10000] tvsec: 565
[write_1000] tvsec: 675
[read_1000] tvsec: 374
[write_100000] tvsec: 3931
[read_100000] tvsec: 948
[write_1000000] tvsec: 28038
[read_1000000] tvsec: 11682
[write_4096] tvsec: 184
[read_4096] tvsec: 148
[write_16384] tvsec: 536
[read_16384] tvsec: 213
[write_65536] tvsec: 1868
[read_65536] tvsec: 561
[write_262144] tvsec: 7558
[read_262144] tvsec: 2902
[write_1048576] tvsec: 31580
[read_1048576] tvsec: 12267
[write_4194304] tvsec: 119706
[read_4194304] tvsec: 49827
done!
DEBUG MODE ENABLED (bypass acl)
[31184,959006592:22:55:22.897229] BYPASSING ALL ACL CHECKS
[31184,959006592:22:55:23.030226] Native Client module will be loaded at base address 0x000060ff00000000
[write_10000] tvsec: 412
[read_10000] tvsec: 217
[write_1000] tvsec: 147
[read_1000] tvsec: 153
[write_100000] tvsec: 2956
[read_100000] tvsec: 960
[write_1000000] tvsec: 28034
[read_1000000] tvsec: 11694
[write_4096] tvsec: 187
[read_4096] tvsec: 162
[write_16384] tvsec: 609
[read_16384] tvsec: 258
[write_65536] tvsec: 1818
[read_65536] tvsec: 591
[write_262144] tvsec: 7587
[read_262144] tvsec: 2919
[write_1048576] tvsec: 31532
[read_1048576] tvsec: 12338
[write_4194304] tvsec: 121477
[read_4194304] tvsec: 49833
done!
DEBUG MODE ENABLED (bypass acl)
[31189,3967256448:22:55:24.404727] BYPASSING ALL ACL CHECKS
[31189,3967256448:22:55:24.519090] Native Client module will be loaded at base address 0x000076ba00000000
[write_10000] tvsec: 1860
[read_10000] tvsec: 570
[write_1000] tvsec: 676
[read_1000] tvsec: 373
[write_100000] tvsec: 3200
[read_100000] tvsec: 1045
[write_1000000] tvsec: 28169
[read_1000000] tvsec: 11737
[write_4096] tvsec: 183
[read_4096] tvsec: 177
[write_16384] tvsec: 539
[read_16384] tvsec: 230
[write_65536] tvsec: 1806
[read_65536] tvsec: 562
[write_262144] tvsec: 7672
[read_262144] tvsec: 2917
[write_1048576] tvsec: 31432
[read_1048576] tvsec: 12365
[write_4194304] tvsec: 120139
[read_4194304] tvsec: 49853
done!
DEBUG MODE ENABLED (bypass acl)
[31194,3025352576:22:55:25.992236] BYPASSING ALL ACL CHECKS
[31194,3025352576:22:55:26.107996] Native Client module will be loaded at base address 0x00000e0900000000
[write_10000] tvsec: 1805
[read_10000] tvsec: 551
[write_1000] tvsec: 676
[read_1000] tvsec: 373
[write_100000] tvsec: 3276
[read_100000] tvsec: 1028
[write_1000000] tvsec: 28071
[read_1000000] tvsec: 11689
[write_4096] tvsec: 184
[read_4096] tvsec: 172
[write_16384] tvsec: 604
[read_16384] tvsec: 271
[write_65536] tvsec: 1857
[read_65536] tvsec: 550
[write_262144] tvsec: 7601
[read_262144] tvsec: 2922
[write_1048576] tvsec: 31382
[read_1048576] tvsec: 12663
[write_4194304] tvsec: 121001
[read_4194304] tvsec: 50201
done!
DEBUG MODE ENABLED (bypass acl)
[31199,2058291072:22:55:27.488263] BYPASSING ALL ACL CHECKS
[31199,2058291072:22:55:27.696823] Native Client module will be loaded at base address 0x00004d7000000000
[write_10000] tvsec: 636
[read_10000] tvsec: 193
[write_1000] tvsec: 227
[read_1000] tvsec: 119
[write_100000] tvsec: 4143
[read_100000] tvsec: 1019
[write_1000000] tvsec: 29499
[read_1000000] tvsec: 11807
[write_4096] tvsec: 183
[read_4096] tvsec: 171
[write_16384] tvsec: 592
[read_16384] tvsec: 264
[write_65536] tvsec: 1780
[read_65536] tvsec: 616
[write_262144] tvsec: 7644
[read_262144] tvsec: 2885
[write_1048576] tvsec: 31919
[read_1048576] tvsec: 12381
[write_4194304] tvsec: 119947
[read_4194304] tvsec: 49695
done!
DEBUG MODE ENABLED (bypass acl)
[31204,4273747840:22:55:29.063780] BYPASSING ALL ACL CHECKS
[31204,4273747840:22:55:29.274593] Native Client module will be loaded at base address 0x00007a2200000000
[write_10000] tvsec: 795
[read_10000] tvsec: 248
[write_1000] tvsec: 290
[read_1000] tvsec: 157
[write_100000] tvsec: 4674
[read_100000] tvsec: 994
[write_1000000] tvsec: 29686
[read_1000000] tvsec: 11781
[write_4096] tvsec: 182
[read_4096] tvsec: 175
[write_16384] tvsec: 533
[read_16384] tvsec: 242
[write_65536] tvsec: 1850
[read_65536] tvsec: 563
[write_262144] tvsec: 7650
[read_262144] tvsec: 2881
[write_1048576] tvsec: 31731
[read_1048576] tvsec: 12507
[write_4194304] tvsec: 121157
[read_4194304] tvsec: 49694
done!
DEBUG MODE ENABLED (bypass acl)
[31209,1148712832:22:55:30.760302] BYPASSING ALL ACL CHECKS
[31209,1148712832:22:55:30.896805] Native Client module will be loaded at base address 0x0000292300000000
[write_10000] tvsec: 1816
[read_10000] tvsec: 554
[write_1000] tvsec: 677
[read_1000] tvsec: 374
[write_100000] tvsec: 3363
[read_100000] tvsec: 990
[write_1000000] tvsec: 28114
[read_1000000] tvsec: 11731
[write_4096] tvsec: 185
[read_4096] tvsec: 147
[write_16384] tvsec: 601
[read_16384] tvsec: 209
[write_65536] tvsec: 1859
[read_65536] tvsec: 603
[write_262144] tvsec: 7614
[read_262144] tvsec: 2835
[write_1048576] tvsec: 31362
[read_1048576] tvsec: 12285
[write_4194304] tvsec: 119136
[read_4194304] tvsec: 49476
done!
DEBUG MODE ENABLED (bypass acl)
[31214,515630976:22:55:32.158611] BYPASSING ALL ACL CHECKS
[31214,515630976:22:55:32.419012] Native Client module will be loaded at base address 0x0000167700000000
[write_10000] tvsec: 409
[read_10000] tvsec: 242
[write_1000] tvsec: 156
[read_1000] tvsec: 150
[write_100000] tvsec: 2989
[read_100000] tvsec: 1088
[write_1000000] tvsec: 28423
[read_1000000] tvsec: 11906
[write_4096] tvsec: 180
[read_4096] tvsec: 173
[write_16384] tvsec: 570
[read_16384] tvsec: 260
[write_65536] tvsec: 1861
[read_65536] tvsec: 585
[write_262144] tvsec: 7650
[read_262144] tvsec: 2958
[write_1048576] tvsec: 31545
[read_1048576] tvsec: 12470
[write_4194304] tvsec: 120738
[read_4194304] tvsec: 50337
done!
DEBUG MODE ENABLED (bypass acl)
[31219,3828070272:22:55:33.804538] BYPASSING ALL ACL CHECKS
[31219,3828070272:22:55:33.952562] Native Client module will be loaded at base address 0x0000649800000000
[write_10000] tvsec: 695
[read_10000] tvsec: 219
[write_1000] tvsec: 255
[read_1000] tvsec: 140
[write_100000] tvsec: 4301
[read_100000] tvsec: 968
[write_1000000] tvsec: 28073
[read_1000000] tvsec: 11700
[write_4096] tvsec: 183
[read_4096] tvsec: 148
[write_16384] tvsec: 521
[read_16384] tvsec: 218
[write_65536] tvsec: 1815
[read_65536] tvsec: 590
[write_262144] tvsec: 7625
[read_262144] tvsec: 2812
[write_1048576] tvsec: 31486
[read_1048576] tvsec: 12268
[write_4194304] tvsec: 118670
[read_4194304] tvsec: 49590
done!
DEBUG MODE ENABLED (bypass acl)
[31224,408258432:22:55:35.361624] BYPASSING ALL ACL CHECKS
[31224,408258432:22:55:35.452310] Native Client module will be loaded at base address 0x0000500e00000000
[write_10000] tvsec: 413
[read_10000] tvsec: 215
[write_1000] tvsec: 145
[read_1000] tvsec: 151
[write_100000] tvsec: 3132
[read_100000] tvsec: 948
[write_1000000] tvsec: 28186
[read_1000000] tvsec: 11883
[write_4096] tvsec: 184
[read_4096] tvsec: 159
[write_16384] tvsec: 559
[read_16384] tvsec: 237
[write_65536] tvsec: 1815
[read_65536] tvsec: 580
[write_262144] tvsec: 7651
[read_262144] tvsec: 2922
[write_1048576] tvsec: 31607
[read_1048576] tvsec: 12361
[write_4194304] tvsec: 119782
[read_4194304] tvsec: 50016
done!
DEBUG MODE ENABLED (bypass acl)
[31229,4255369088:22:55:36.904613] BYPASSING ALL ACL CHECKS
[31229,4255369088:22:55:37.041192] Native Client module will be loaded at base address 0x00007aa700000000
[write_10000] tvsec: 1826
[read_10000] tvsec: 591
[write_1000] tvsec: 687
[read_1000] tvsec: 372
[write_100000] tvsec: 3612
[read_100000] tvsec: 1029
[write_1000000] tvsec: 30661
[read_1000000] tvsec: 11801
[write_4096] tvsec: 220
[read_4096] tvsec: 176
[write_16384] tvsec: 574
[read_16384] tvsec: 201
[write_65536] tvsec: 1866
[read_65536] tvsec: 511
[write_262144] tvsec: 7734
[read_262144] tvsec: 2838
[write_1048576] tvsec: 31773
[read_1048576] tvsec: 12356
[write_4194304] tvsec: 120917
[read_4194304] tvsec: 49809
done!
DEBUG MODE ENABLED (bypass acl)
[31234,291858304:22:55:38.582797] BYPASSING ALL ACL CHECKS
[31234,291858304:22:55:38.696730] Native Client module will be loaded at base address 0x0000263200000000
[write_10000] tvsec: 1833
[read_10000] tvsec: 547
[write_1000] tvsec: 683
[read_1000] tvsec: 361
[write_100000] tvsec: 4022
[read_100000] tvsec: 959
[write_1000000] tvsec: 28304
[read_1000000] tvsec: 11741
[write_4096] tvsec: 179
[read_4096] tvsec: 157
[write_16384] tvsec: 533
[read_16384] tvsec: 221
[write_65536] tvsec: 1846
[read_65536] tvsec: 534
[write_262144] tvsec: 7618
[read_262144] tvsec: 2871
[write_1048576] tvsec: 31563
[read_1048576] tvsec: 12293
[write_4194304] tvsec: 119534
[read_4194304] tvsec: 50187
done!
DEBUG MODE ENABLED (bypass acl)
[31239,2584008576:22:55:39.949068] BYPASSING ALL ACL CHECKS
[31239,2584008576:22:55:40.185847] Native Client module will be loaded at base address 0x00000ce300000000
[write_10000] tvsec: 465
[read_10000] tvsec: 214
[write_1000] tvsec: 172
[read_1000] tvsec: 150
[write_100000] tvsec: 2971
[read_100000] tvsec: 1056
[write_1000000] tvsec: 28129
[read_1000000] tvsec: 11776
[write_4096] tvsec: 178
[read_4096] tvsec: 157
[write_16384] tvsec: 556
[read_16384] tvsec: 236
[write_65536] tvsec: 1780
[read_65536] tvsec: 643
[write_262144] tvsec: 7600
[read_262144] tvsec: 2851
[write_1048576] tvsec: 31530
[read_1048576] tvsec: 12341
[write_4194304] tvsec: 120912
[read_4194304] tvsec: 49827
done!
DEBUG MODE ENABLED (bypass acl)
[31244,3762476928:22:55:41.626642] BYPASSING ALL ACL CHECKS
[31244,3762476928:22:55:41.763372] Native Client module will be loaded at base address 0x00006eeb00000000
[write_10000] tvsec: 557
[read_10000] tvsec: 175
[write_1000] tvsec: 203
[read_1000] tvsec: 111
[write_100000] tvsec: 4088
[read_100000] tvsec: 1024
[write_1000000] tvsec: 28208
[read_1000000] tvsec: 11732
[write_4096] tvsec: 212
[read_4096] tvsec: 162
[write_16384] tvsec: 536
[read_16384] tvsec: 241
[write_65536] tvsec: 1932
[read_65536] tvsec: 560
[write_262144] tvsec: 7679
[read_262144] tvsec: 2902
[write_1048576] tvsec: 31759
[read_1048576] tvsec: 12416
[write_4194304] tvsec: 120720
[read_4194304] tvsec: 49752
done!
DEBUG MODE ENABLED (bypass acl)
[31249,2214475648:22:55:43.102939] BYPASSING ALL ACL CHECKS
[31249,2214475648:22:55:43.374459] Native Client module will be loaded at base address 0x00001d7d00000000
[write_10000] tvsec: 1852
[read_10000] tvsec: 560
[write_1000] tvsec: 672
[read_1000] tvsec: 370
[write_100000] tvsec: 3267
[read_100000] tvsec: 1023
[write_1000000] tvsec: 28235
[read_1000000] tvsec: 11823
[write_4096] tvsec: 210
[read_4096] tvsec: 161
[write_16384] tvsec: 539
[read_16384] tvsec: 238
[write_65536] tvsec: 1881
[read_65536] tvsec: 574
[write_262144] tvsec: 7619
[read_262144] tvsec: 2881
[write_1048576] tvsec: 31913
[read_1048576] tvsec: 12360
[write_4194304] tvsec: 119755
[read_4194304] tvsec: 49888
done!
DEBUG MODE ENABLED (bypass acl)
[31254,521377664:22:55:44.815696] BYPASSING ALL ACL CHECKS
[31254,521377664:22:55:45.018874] Native Client module will be loaded at base address 0x0000565700000000
[write_10000] tvsec: 696
[read_10000] tvsec: 211
[write_1000] tvsec: 252
[read_1000] tvsec: 136
[write_100000] tvsec: 4495
[read_100000] tvsec: 1090
[write_1000000] tvsec: 29381
[read_1000000] tvsec: 11684
[write_4096] tvsec: 181
[read_4096] tvsec: 172
[write_16384] tvsec: 589
[read_16384] tvsec: 271
[write_65536] tvsec: 1841
[read_65536] tvsec: 586
[write_262144] tvsec: 7565
[read_262144] tvsec: 2895
[write_1048576] tvsec: 31711
[read_1048576] tvsec: 12297
[write_4194304] tvsec: 119712
[read_4194304] tvsec: 49670
done!
DEBUG MODE ENABLED (bypass acl)
[31259,3705501568:22:55:46.471133] BYPASSING ALL ACL CHECKS
[31259,3705501568:22:55:46.607757] Native Client module will be loaded at base address 0x0000271900000000
[write_10000] tvsec: 416
[read_10000] tvsec: 241
[write_1000] tvsec: 155
[read_1000] tvsec: 83
[write_100000] tvsec: 3047
[read_100000] tvsec: 946
[write_1000000] tvsec: 28025
[read_1000000] tvsec: 11951
[write_4096] tvsec: 183
[read_4096] tvsec: 172
[write_16384] tvsec: 572
[read_16384] tvsec: 269
[write_65536] tvsec: 1841
[read_65536] tvsec: 608
[write_262144] tvsec: 7578
[read_262144] tvsec: 2973
[write_1048576] tvsec: 31295
[read_1048576] tvsec: 12321
[write_4194304] tvsec: 120244
[read_4194304] tvsec: 49834
done!
DEBUG MODE ENABLED (bypass acl)
[31264,4223989632:22:55:48.167334] BYPASSING ALL ACL CHECKS
[31264,4223989632:22:55:48.296630] Native Client module will be loaded at base address 0x0000499f00000000
[write_10000] tvsec: 411
[read_10000] tvsec: 218
[write_1000] tvsec: 158
[read_1000] tvsec: 87
[write_100000] tvsec: 3065
[read_100000] tvsec: 950
[write_1000000] tvsec: 28065
[read_1000000] tvsec: 11721
[write_4096] tvsec: 185
[read_4096] tvsec: 164
[write_16384] tvsec: 521
[read_16384] tvsec: 231
[write_65536] tvsec: 1847
[read_65536] tvsec: 549
[write_262144] tvsec: 7606
[read_262144] tvsec: 2811
[write_1048576] tvsec: 31425
[read_1048576] tvsec: 12259
[write_4194304] tvsec: 118995
[read_4194304] tvsec: 49583
done!
DEBUG MODE ENABLED (bypass acl)
[31269,2821437312:22:55:49.779258] BYPASSING ALL ACL CHECKS
[31269,2821437312:22:55:49.907724] Native Client module will be loaded at base address 0x00002a3900000000
[write_10000] tvsec: 415
[read_10000] tvsec: 242
[write_1000] tvsec: 156
[read_1000] tvsec: 94
[write_100000] tvsec: 3061
[read_100000] tvsec: 944
[write_1000000] tvsec: 28328
[read_1000000] tvsec: 11773
[write_4096] tvsec: 182
[read_4096] tvsec: 167
[write_16384] tvsec: 514
[read_16384] tvsec: 235
[write_65536] tvsec: 1912
[read_65536] tvsec: 532
[write_262144] tvsec: 7738
[read_262144] tvsec: 2853
[write_1048576] tvsec: 31692
[read_1048576] tvsec: 12404
[write_4194304] tvsec: 121013
[read_4194304] tvsec: 49532
done!
DEBUG MODE ENABLED (bypass acl)
[31274,3106600832:22:55:51.323071] BYPASSING ALL ACL CHECKS
[31274,3106600832:22:55:51.429936] Native Client module will be loaded at base address 0x0000608e00000000
[write_10000] tvsec: 1837
[read_10000] tvsec: 555
[write_1000] tvsec: 678
[read_1000] tvsec: 362
[write_100000] tvsec: 3472
[read_100000] tvsec: 1007
[write_1000000] tvsec: 29437
[read_1000000] tvsec: 11866
[write_4096] tvsec: 184
[read_4096] tvsec: 173
[write_16384] tvsec: 582
[read_16384] tvsec: 270
[write_65536] tvsec: 1864
[read_65536] tvsec: 616
[write_262144] tvsec: 7703
[read_262144] tvsec: 2939
[write_1048576] tvsec: 32075
[read_1048576] tvsec: 12443
[write_4194304] tvsec: 121153
[read_4194304] tvsec: 50119
done!
DEBUG MODE ENABLED (bypass acl)
[31279,3997026176:22:55:53.358624] BYPASSING ALL ACL CHECKS
[31279,3997026176:22:55:53.474350] Native Client module will be loaded at base address 0x00004b1a00000000
[write_10000] tvsec: 413
[read_10000] tvsec: 204
[write_1000] tvsec: 146
[read_1000] tvsec: 111
[write_100000] tvsec: 2886
[read_100000] tvsec: 957
[write_1000000] tvsec: 28112
[read_1000000] tvsec: 11653
[write_4096] tvsec: 185
[read_4096] tvsec: 121
[write_16384] tvsec: 524
[read_16384] tvsec: 184
[write_65536] tvsec: 1820
[read_65536] tvsec: 514
[write_262144] tvsec: 7645
[read_262144] tvsec: 2836
[write_1048576] tvsec: 31356
[read_1048576] tvsec: 12225
[write_4194304] tvsec: 119455
[read_4194304] tvsec: 49641
done!
DEBUG MODE ENABLED (bypass acl)
[31284,1981282176:22:55:54.837631] BYPASSING ALL ACL CHECKS
[31284,1981282176:22:55:54.996556] Native Client module will be loaded at base address 0x00007c9c00000000
[write_10000] tvsec: 551
[read_10000] tvsec: 192
[write_1000] tvsec: 204
[read_1000] tvsec: 122
[write_100000] tvsec: 3905
[read_100000] tvsec: 998
[write_1000000] tvsec: 28232
[read_1000000] tvsec: 11717
[write_4096] tvsec: 181
[read_4096] tvsec: 169
[write_16384] tvsec: 557
[read_16384] tvsec: 252
[write_65536] tvsec: 1843
[read_65536] tvsec: 516
[write_262144] tvsec: 7655
[read_262144] tvsec: 2918
[write_1048576] tvsec: 31522
[read_1048576] tvsec: 12347
[write_4194304] tvsec: 120550
[read_4194304] tvsec: 49536
done!
DEBUG MODE ENABLED (bypass acl)
[31289,3536963456:22:55:56.430225] BYPASSING ALL ACL CHECKS
[31289,3536963456:22:55:56.552117] Native Client module will be loaded at base address 0x000043f900000000
[write_10000] tvsec: 1901
[read_10000] tvsec: 570
[write_1000] tvsec: 773
[read_1000] tvsec: 381
[write_100000] tvsec: 3983
[read_100000] tvsec: 998
[write_1000000] tvsec: 28852
[read_1000000] tvsec: 11847
[write_4096] tvsec: 188
[read_4096] tvsec: 148
[write_16384] tvsec: 583
[read_16384] tvsec: 211
[write_65536] tvsec: 1911
[read_65536] tvsec: 570
[write_262144] tvsec: 7885
[read_262144] tvsec: 2896
[write_1048576] tvsec: 32529
[read_1048576] tvsec: 12513
[write_4194304] tvsec: 122680
[read_4194304] tvsec: 50036
done!
DEBUG MODE ENABLED (bypass acl)
[31294,1111906176:22:55:57.837562] BYPASSING ALL ACL CHECKS
[31294,1111906176:22:55:57.940975] Native Client module will be loaded at base address 0x0000458900000000
[write_10000] tvsec: 1879
[read_10000] tvsec: 547
[write_1000] tvsec: 686
[read_1000] tvsec: 360
[write_100000] tvsec: 3656
[read_100000] tvsec: 1040
[write_1000000] tvsec: 30533
[read_1000000] tvsec: 11845
[write_4096] tvsec: 184
[read_4096] tvsec: 171
[write_16384] tvsec: 583
[read_16384] tvsec: 266
[write_65536] tvsec: 1877
[read_65536] tvsec: 609
[write_262144] tvsec: 7832
[read_262144] tvsec: 2951
[write_1048576] tvsec: 32140
[read_1048576] tvsec: 12311
[write_4194304] tvsec: 123356
[read_4194304] tvsec: 50258
done!
DEBUG MODE ENABLED (bypass acl)
[31299,754050944:22:55:59.559877] BYPASSING ALL ACL CHECKS
[31299,754050944:22:55:59.696524] Native Client module will be loaded at base address 0x0000784600000000
[write_10000] tvsec: 551
[read_10000] tvsec: 174
[write_1000] tvsec: 203
[read_1000] tvsec: 111
[write_100000] tvsec: 3923
[read_100000] tvsec: 1053
[write_1000000] tvsec: 30112
[read_1000000] tvsec: 11743
[write_4096] tvsec: 184
[read_4096] tvsec: 161
[write_16384] tvsec: 568
[read_16384] tvsec: 239
[write_65536] tvsec: 1846
[read_65536] tvsec: 589
[write_262144] tvsec: 7580
[read_262144] tvsec: 2860
[write_1048576] tvsec: 31556
[read_1048576] tvsec: 12262
[write_4194304] tvsec: 119830
[read_4194304] tvsec: 50132
done!
DEBUG MODE ENABLED (bypass acl)
[31304,884381568:22:56:00.926452] BYPASSING ALL ACL CHECKS
[31304,884381568:22:56:01.085392] Native Client module will be loaded at base address 0x00005a5500000000
[write_10000] tvsec: 1851
[read_10000] tvsec: 546
[write_1000] tvsec: 672
[read_1000] tvsec: 359
[write_100000] tvsec: 3591
[read_100000] tvsec: 969
[write_1000000] tvsec: 30530
[read_1000000] tvsec: 11785
[write_4096] tvsec: 179
[read_4096] tvsec: 171
[write_16384] tvsec: 561
[read_16384] tvsec: 239
[write_65536] tvsec: 1843
[read_65536] tvsec: 606
[write_262144] tvsec: 7686
[read_262144] tvsec: 2942
[write_1048576] tvsec: 31547
[read_1048576] tvsec: 12444
[write_4194304] tvsec: 121436
[read_4194304] tvsec: 50107
done!
DEBUG MODE ENABLED (bypass acl)
[31309,2289723264:22:56:02.643774] BYPASSING ALL ACL CHECKS
[31309,2289723264:22:56:02.807597] Native Client module will be loaded at base address 0x000048a400000000
[write_10000] tvsec: 570
[read_10000] tvsec: 176
[write_1000] tvsec: 202
[read_1000] tvsec: 109
[write_100000] tvsec: 3938
[read_100000] tvsec: 996
[write_1000000] tvsec: 29647
[read_1000000] tvsec: 11764
[write_4096] tvsec: 229
[read_4096] tvsec: 174
[write_16384] tvsec: 562
[read_16384] tvsec: 255
[write_65536] tvsec: 1790
[read_65536] tvsec: 561
[write_262144] tvsec: 7595
[read_262144] tvsec: 2870
[write_1048576] tvsec: 31796
[read_1048576] tvsec: 12374
[write_4194304] tvsec: 120792
[read_4194304] tvsec: 49847
done!
DEBUG MODE ENABLED (bypass acl)
[31314,1886922624:22:56:04.330154] BYPASSING ALL ACL CHECKS
[31314,1886922624:22:56:04.452036] Native Client module will be loaded at base address 0x00005ecb00000000
[write_10000] tvsec: 1812
[read_10000] tvsec: 547
[write_1000] tvsec: 704
[read_1000] tvsec: 364
[write_100000] tvsec: 3915
[read_100000] tvsec: 1003
[write_1000000] tvsec: 28088
[read_1000000] tvsec: 11884
[write_4096] tvsec: 183
[read_4096] tvsec: 156
[write_16384] tvsec: 537
[read_16384] tvsec: 226
[write_65536] tvsec: 1807
[read_65536] tvsec: 579
[write_262144] tvsec: 7609
[read_262144] tvsec: 2858
[write_1048576] tvsec: 31780
[read_1048576] tvsec: 12400
[write_4194304] tvsec: 120528
[read_4194304] tvsec: 49943
done!
DEBUG MODE ENABLED (bypass acl)
[31319,2694285184:22:56:05.947788] BYPASSING ALL ACL CHECKS
[31319,2694285184:22:56:06.063117] Native Client module will be loaded at base address 0x0000777600000000
[write_10000] tvsec: 1863
[read_10000] tvsec: 550
[write_1000] tvsec: 682
[read_1000] tvsec: 362
[write_100000] tvsec: 3958
[read_100000] tvsec: 1002
[write_1000000] tvsec: 29480
[read_1000000] tvsec: 11840
[write_4096] tvsec: 183
[read_4096] tvsec: 157
[write_16384] tvsec: 560
[read_16384] tvsec: 220
[write_65536] tvsec: 1820
[read_65536] tvsec: 561
[write_262144] tvsec: 7672
[read_262144] tvsec: 2913
[write_1048576] tvsec: 31877
[read_1048576] tvsec: 12335
[write_4194304] tvsec: 119877
[read_4194304] tvsec: 49717
done!
DEBUG MODE ENABLED (bypass acl)
[31324,2340116352:22:56:07.530115] BYPASSING ALL ACL CHECKS
[31324,2340116352:22:56:07.629796] Native Client module will be loaded at base address 0x0000224d00000000
[write_10000] tvsec: 416
[read_10000] tvsec: 216
[write_1000] tvsec: 239
[read_1000] tvsec: 151
[write_100000] tvsec: 3033
[read_100000] tvsec: 947
[write_1000000] tvsec: 28515
[read_1000000] tvsec: 11937
[write_4096] tvsec: 195
[read_4096] tvsec: 184
[write_16384] tvsec: 559
[read_16384] tvsec: 223
[write_65536] tvsec: 1874
[read_65536] tvsec: 618
[write_262144] tvsec: 7806
[read_262144] tvsec: 2933
[write_1048576] tvsec: 31903
[read_1048576] tvsec: 12446
[write_4194304] tvsec: 120802
[read_4194304] tvsec: 50492
done!
DEBUG MODE ENABLED (bypass acl)
[31329,1694459776:22:56:09.063353] BYPASSING ALL ACL CHECKS
[31329,1694459776:22:56:09.174208] Native Client module will be loaded at base address 0x0000542b00000000
[write_10000] tvsec: 1836
[read_10000] tvsec: 554
[write_1000] tvsec: 677
[read_1000] tvsec: 378
[write_100000] tvsec: 3305
[read_100000] tvsec: 934
[write_1000000] tvsec: 28220
[read_1000000] tvsec: 11791
[write_4096] tvsec: 182
[read_4096] tvsec: 147
[write_16384] tvsec: 569
[read_16384] tvsec: 216
[write_65536] tvsec: 1802
[read_65536] tvsec: 539
[write_262144] tvsec: 7673
[read_262144] tvsec: 2881
[write_1048576] tvsec: 31618
[read_1048576] tvsec: 12408
[write_4194304] tvsec: 119612
[read_4194304] tvsec: 50205
done!
DEBUG MODE ENABLED (bypass acl)
[31334,421521280:22:56:10.693248] BYPASSING ALL ACL CHECKS
[31334,421521280:22:56:10.807536] Native Client module will be loaded at base address 0x0000257900000000
[write_10000] tvsec: 1833
[read_10000] tvsec: 555
[write_1000] tvsec: 677
[read_1000] tvsec: 393
[write_100000] tvsec: 3508
[read_100000] tvsec: 998
[write_1000000] tvsec: 28846
[read_1000000] tvsec: 11954
[write_4096] tvsec: 187
[read_4096] tvsec: 147
[write_16384] tvsec: 570
[read_16384] tvsec: 227
[write_65536] tvsec: 1866
[read_65536] tvsec: 545
[write_262144] tvsec: 7779
[read_262144] tvsec: 2882
[write_1048576] tvsec: 32284
[read_1048576] tvsec: 12397
[write_4194304] tvsec: 122260
[read_4194304] tvsec: 50389
done!
DEBUG MODE ENABLED (bypass acl)
[31339,11536256:22:56:12.293607] BYPASSING ALL ACL CHECKS
[31339,11536256:22:56:12.407508] Native Client module will be loaded at base address 0x0000670600000000
[write_10000] tvsec: 579
[read_10000] tvsec: 175
[write_1000] tvsec: 205
[read_1000] tvsec: 108
[write_100000] tvsec: 4091
[read_100000] tvsec: 1039
[write_1000000] tvsec: 29689
[read_1000000] tvsec: 11822
[write_4096] tvsec: 212
[read_4096] tvsec: 156
[write_16384] tvsec: 563
[read_16384] tvsec: 251
[write_65536] tvsec: 1829
[read_65536] tvsec: 592
[write_262144] tvsec: 7680
[read_262144] tvsec: 2884
[write_1048576] tvsec: 31647
[read_1048576] tvsec: 12439
[write_4194304] tvsec: 121777
[read_4194304] tvsec: 50136
done!
DEBUG MODE ENABLED (bypass acl)
[31344,1875380096:22:56:13.904753] BYPASSING ALL ACL CHECKS
[31344,1875380096:22:56:14.018515] Native Client module will be loaded at base address 0x0000021200000000
[write_10000] tvsec: 475
[read_10000] tvsec: 194
[write_1000] tvsec: 150
[read_1000] tvsec: 141
[write_100000] tvsec: 3003
[read_100000] tvsec: 1032
[write_1000000] tvsec: 28719
[read_1000000] tvsec: 11816
[write_4096] tvsec: 190
[read_4096] tvsec: 152
[write_16384] tvsec: 527
[read_16384] tvsec: 219
[write_65536] tvsec: 1859
[read_65536] tvsec: 630
[write_262144] tvsec: 7672
[read_262144] tvsec: 2958
[write_1048576] tvsec: 31662
[read_1048576] tvsec: 12551
[write_4194304] tvsec: 120596
[read_4194304] tvsec: 50726
done!
DEBUG MODE ENABLED (bypass acl)
[31349,2913474432:22:56:15.280803] BYPASSING ALL ACL CHECKS
[31349,2913474432:22:56:15.496388] Native Client module will be loaded at base address 0x00006a3d00000000
[write_10000] tvsec: 413
[read_10000] tvsec: 179
[write_1000] tvsec: 148
[read_1000] tvsec: 110
[write_100000] tvsec: 3039
[read_100000] tvsec: 957
[write_1000000] tvsec: 28199
[read_1000000] tvsec: 11997
[write_4096] tvsec: 186
[read_4096] tvsec: 147
[write_16384] tvsec: 519
[read_16384] tvsec: 217
[write_65536] tvsec: 1922
[read_65536] tvsec: 559
[write_262144] tvsec: 7810
[read_262144] tvsec: 2973
[write_1048576] tvsec: 32733
[read_1048576] tvsec: 12559
[write_4194304] tvsec: 121695
[read_4194304] tvsec: 50740
done!
DEBUG MODE ENABLED (bypass acl)
[31354,3826280320:22:56:16.881740] BYPASSING ALL ACL CHECKS
[31354,3826280320:22:56:16.996364] Native Client module will be loaded at base address 0x0000682400000000
[write_10000] tvsec: 559
[read_10000] tvsec: 176
[write_1000] tvsec: 202
[read_1000] tvsec: 111
[write_100000] tvsec: 3840
[read_100000] tvsec: 1014
[write_1000000] tvsec: 29393
[read_1000000] tvsec: 11768
[write_4096] tvsec: 183
[read_4096] tvsec: 194
[write_16384] tvsec: 566
[read_16384] tvsec: 240
[write_65536] tvsec: 1811
[read_65536] tvsec: 593
[write_262144] tvsec: 7629
[read_262144] tvsec: 2849
[write_1048576] tvsec: 31483
[read_1048576] tvsec: 12347
[write_4194304] tvsec: 120905
[read_4194304] tvsec: 49609
done!
DEBUG MODE ENABLED (bypass acl)
[31359,2524645248:22:56:18.304140] BYPASSING ALL ACL CHECKS
[31359,2524645248:22:56:18.396339] Native Client module will be loaded at base address 0x00006b8c00000000
[write_10000] tvsec: 1887
[read_10000] tvsec: 560
[write_1000] tvsec: 683
[read_1000] tvsec: 372
[write_100000] tvsec: 3758
[read_100000] tvsec: 985
[write_1000000] tvsec: 28093
[read_1000000] tvsec: 11619
[write_4096] tvsec: 185
[read_4096] tvsec: 145
[write_16384] tvsec: 542
[read_16384] tvsec: 209
[write_65536] tvsec: 1832
[read_65536] tvsec: 526
[write_262144] tvsec: 7602
[read_262144] tvsec: 2860
[write_1048576] tvsec: 31293
[read_1048576] tvsec: 12229
[write_4194304] tvsec: 118719
[read_4194304] tvsec: 49767
done!
DEBUG MODE ENABLED (bypass acl)
[31364,2866104192:22:56:20.200595] BYPASSING ALL ACL CHECKS
[31364,2866104192:22:56:20.340589] Native Client module will be loaded at base address 0x00002c1300000000
[write_10000] tvsec: 427
[read_10000] tvsec: 199
[write_1000] tvsec: 155
[read_1000] tvsec: 147
[write_100000] tvsec: 3009
[read_100000] tvsec: 991
[write_1000000] tvsec: 28661
[read_1000000] tvsec: 11867
[write_4096] tvsec: 192
[read_4096] tvsec: 136
[write_16384] tvsec: 616
[read_16384] tvsec: 246
[write_65536] tvsec: 1827
[read_65536] tvsec: 597
[write_262144] tvsec: 7845
[read_262144] tvsec: 2941
[write_1048576] tvsec: 32010
[read_1048576] tvsec: 12521
[write_4194304] tvsec: 122072
[read_4194304] tvsec: 49693
done!
DEBUG MODE ENABLED (bypass acl)
[31369,2329229184:22:56:21.673109] BYPASSING ALL ACL CHECKS
[31369,2329229184:22:56:21.896427] Native Client module will be loaded at base address 0x0000685200000000
[write_10000] tvsec: 438
[read_10000] tvsec: 134
[write_1000] tvsec: 160
[read_1000] tvsec: 79
[write_100000] tvsec: 2895
[read_100000] tvsec: 944
[write_1000000] tvsec: 28214
[read_1000000] tvsec: 12057
[write_4096] tvsec: 179
[read_4096] tvsec: 183
[write_16384] tvsec: 607
[read_16384] tvsec: 265
[write_65536] tvsec: 1855
[read_65536] tvsec: 585
[write_262144] tvsec: 7867
[read_262144] tvsec: 2940
[write_1048576] tvsec: 32253
[read_1048576] tvsec: 12719
[write_4194304] tvsec: 120992
[read_4194304] tvsec: 50313
done!
