DEBUG MODE ENABLED (bypass acl)
[6586,1091114880:00:26:10.126859] BYPASSING ALL ACL CHECKS
[6586,1091114880:00:26:10.342409] Native Client module will be loaded at base address 0x00007be300000000
error while writing /home/mkpark/pave/depot_tools/native_client/write_1000 [ret: -1, count: 10000] 
[write_10000] tvsec: 12184
error while reading /home/mkpark/pave/depot_tools/native_client/write_1000 [ret: -1, count: 10000] 
DEBUG MODE ENABLED (bypass acl)
[6591,1157961600:00:26:11.447918] BYPASSING ALL ACL CHECKS
[6591,1157961600:00:26:11.697978] Native Client module will be loaded at base address 0x00006d8f00000000
error while writing /home/mkpark/pave/depot_tools/native_client/write_1000 [ret: -1, count: 10000] 
[write_10000] tvsec: 12645
error while reading /home/mkpark/pave/depot_tools/native_client/write_1000 [ret: -1, count: 10000] 
DEBUG MODE ENABLED (bypass acl)
[6600,1155901312:00:26:18.493750] BYPASSING ALL ACL CHECKS
[6600,1155901312:00:26:18.686877] Native Client module will be loaded at base address 0x000041dd00000000
[write_10000] tvsec: 12617
[read_10000] tvsec: 2037
[write_1000] tvsec: 4186
[read_1000] tvsec: 1228
[write_100000] tvsec: 31907
[read_100000] tvsec: 5371
done!
DEBUG MODE ENABLED (bypass acl)
[6605,1947928448:00:26:19.760355] BYPASSING ALL ACL CHECKS
[6605,1947928448:00:26:19.897994] Native Client module will be loaded at base address 0x000075eb00000000
[write_10000] tvsec: 10869
[read_10000] tvsec: 2016
[write_1000] tvsec: 16982
[read_1000] tvsec: 1365
[write_100000] tvsec: 91999
[read_100000] tvsec: 21686
done!
DEBUG MODE ENABLED (bypass acl)
[6610,4134025088:00:26:21.028594] BYPASSING ALL ACL CHECKS
[6610,4134025088:00:26:21.120221] Native Client module will be loaded at base address 0x000043fd00000000
[write_10000] tvsec: 10528
[read_10000] tvsec: 2722
[write_1000] tvsec: 17788
[read_1000] tvsec: 1994
[write_100000] tvsec: 73031
[read_100000] tvsec: 22503
done!
DEBUG MODE ENABLED (bypass acl)
[6615,1729283968:00:26:21.972084] BYPASSING ALL ACL CHECKS
[6615,1729283968:00:26:22.164663] Native Client module will be loaded at base address 0x000032dc00000000
[write_10000] tvsec: 10491
[read_10000] tvsec: 16751
[write_1000] tvsec: 4905
[read_1000] tvsec: 1392
[write_100000] tvsec: 89822
[read_100000] tvsec: 20742
done!
DEBUG MODE ENABLED (bypass acl)
[6620,1468712832:00:26:23.249300] BYPASSING ALL ACL CHECKS
[6620,1468712832:00:26:23.342449] Native Client module will be loaded at base address 0x0000180f00000000
[write_10000] tvsec: 10061
[read_10000] tvsec: 2699
[write_1000] tvsec: 17554
[read_1000] tvsec: 1965
[write_100000] tvsec: 56940
[read_100000] tvsec: 22497
done!
DEBUG MODE ENABLED (bypass acl)
[6625,2476877696:00:26:24.183075] BYPASSING ALL ACL CHECKS
[6625,2476877696:00:26:24.375780] Native Client module will be loaded at base address 0x0000375f00000000
[write_10000] tvsec: 10386
[read_10000] tvsec: 3070
[write_1000] tvsec: 4970
[read_1000] tvsec: 1965
[write_100000] tvsec: 52998
[read_100000] tvsec: 21954
done!
DEBUG MODE ENABLED (bypass acl)
[6630,2420541312:00:26:25.271893] BYPASSING ALL ACL CHECKS
[6630,2420541312:00:26:25.531364] Native Client module will be loaded at base address 0x0000408e00000000
[write_10000] tvsec: 12239
[read_10000] tvsec: 2592
[write_1000] tvsec: 17576
[read_1000] tvsec: 1960
[write_100000] tvsec: 46648
[read_100000] tvsec: 22708
done!
DEBUG MODE ENABLED (bypass acl)
[6635,1580218240:00:26:26.394213] BYPASSING ALL ACL CHECKS
[6635,1580218240:00:26:26.620235] Native Client module will be loaded at base address 0x000061ad00000000
[write_10000] tvsec: 10327
[read_10000] tvsec: 2783
[write_1000] tvsec: 4934
[read_1000] tvsec: 2011
[write_100000] tvsec: 62706
[read_100000] tvsec: 22507
done!
DEBUG MODE ENABLED (bypass acl)
[6640,2165114752:00:26:27.565971] BYPASSING ALL ACL CHECKS
[6640,2165114752:00:26:27.653565] Native Client module will be loaded at base address 0x0000775000000000
[write_10000] tvsec: 10277
[read_10000] tvsec: 2058
[write_1000] tvsec: 3951
[read_1000] tvsec: 1258
[write_100000] tvsec: 33154
[read_100000] tvsec: 5244
done!
DEBUG MODE ENABLED (bypass acl)
[6645,3799803776:00:26:28.726907] BYPASSING ALL ACL CHECKS
[6645,3799803776:00:26:28.820239] Native Client module will be loaded at base address 0x00001dee00000000
[write_10000] tvsec: 9597
[read_10000] tvsec: 2680
[write_1000] tvsec: 18057
[read_1000] tvsec: 2113
[write_100000] tvsec: 54757
[read_100000] tvsec: 22683
done!
DEBUG MODE ENABLED (bypass acl)
[6650,3324532608:00:26:29.682578] BYPASSING ALL ACL CHECKS
[6650,3324532608:00:26:29.886915] Native Client module will be loaded at base address 0x0000204f00000000
[write_10000] tvsec: 12108
[read_10000] tvsec: 3117
[write_1000] tvsec: 17828
[read_1000] tvsec: 1985
[write_100000] tvsec: 54332
[read_100000] tvsec: 21988
done!
DEBUG MODE ENABLED (bypass acl)
[6655,1713092480:00:26:30.760480] BYPASSING ALL ACL CHECKS
[6655,1713092480:00:26:31.098050] Native Client module will be loaded at base address 0x0000065300000000
[write_10000] tvsec: 10439
[read_10000] tvsec: 17810
[write_1000] tvsec: 4782
[read_1000] tvsec: 19261
[write_100000] tvsec: 59335
[read_100000] tvsec: 7465
done!
DEBUG MODE ENABLED (bypass acl)
[6660,4079359872:00:26:32.115918] BYPASSING ALL ACL CHECKS
[6660,4079359872:00:26:32.242467] Native Client module will be loaded at base address 0x0000034c00000000
[write_10000] tvsec: 9849
[read_10000] tvsec: 17476
[write_1000] tvsec: 4863
[read_1000] tvsec: 16853
[write_100000] tvsec: 70126
[read_100000] tvsec: 22366
done!
DEBUG MODE ENABLED (bypass acl)
[6665,3645228928:00:26:33.103534] BYPASSING ALL ACL CHECKS
[6665,3645228928:00:26:33.320254] Native Client module will be loaded at base address 0x00004e8200000000
[write_10000] tvsec: 10316
[read_10000] tvsec: 2026
[write_1000] tvsec: 4782
[read_1000] tvsec: 1360
[write_100000] tvsec: 90931
[read_100000] tvsec: 22164
done!
DEBUG MODE ENABLED (bypass acl)
[6670,671991680:00:26:34.373261] BYPASSING ALL ACL CHECKS
[6670,671991680:00:26:34.475808] Native Client module will be loaded at base address 0x00000aa600000000
[write_10000] tvsec: 10899
[read_10000] tvsec: 2884
[write_1000] tvsec: 17831
[read_1000] tvsec: 1969
[write_100000] tvsec: 76048
[read_100000] tvsec: 7367
done!
DEBUG MODE ENABLED (bypass acl)
[6675,2508855168:00:26:35.502834] BYPASSING ALL ACL CHECKS
[6675,2508855168:00:26:35.686921] Native Client module will be loaded at base address 0x00005b7800000000
[write_10000] tvsec: 10193
[read_10000] tvsec: 2031
[write_1000] tvsec: 17322
[read_1000] tvsec: 1308
[write_100000] tvsec: 63644
[read_100000] tvsec: 20734
done!
DEBUG MODE ENABLED (bypass acl)
[6680,1692268416:00:26:36.716005] BYPASSING ALL ACL CHECKS
[6680,1692268416:00:26:36.842486] Native Client module will be loaded at base address 0x000063cf00000000
[write_10000] tvsec: 9967
[read_10000] tvsec: 3021
[write_1000] tvsec: 17872
[read_1000] tvsec: 1983
[write_100000] tvsec: 56773
[read_100000] tvsec: 7238
done!
DEBUG MODE ENABLED (bypass acl)
[6685,2659559296:00:26:37.994946] BYPASSING ALL ACL CHECKS
[6685,2659559296:00:26:38.064713] Native Client module will be loaded at base address 0x00004dfd00000000
[write_10000] tvsec: 10466
[read_10000] tvsec: 2956
[write_1000] tvsec: 18213
[read_1000] tvsec: 2122
[write_100000] tvsec: 61742
[read_100000] tvsec: 22835
done!
DEBUG MODE ENABLED (bypass acl)
[6690,1900599168:00:26:38.927518] BYPASSING ALL ACL CHECKS
[6690,1900599168:00:26:39.120265] Native Client module will be loaded at base address 0x00007e3000000000
[write_10000] tvsec: 13302
[read_10000] tvsec: 2132
[write_1000] tvsec: 4394
[read_1000] tvsec: 1387
[write_100000] tvsec: 81740
[read_100000] tvsec: 22233
done!
DEBUG MODE ENABLED (bypass acl)
[6695,1267054464:00:26:40.238178] BYPASSING ALL ACL CHECKS
[6695,1267054464:00:26:40.353602] Native Client module will be loaded at base address 0x0000441a00000000
[write_10000] tvsec: 10377
[read_10000] tvsec: 16682
[write_1000] tvsec: 19489
[read_1000] tvsec: 1409
[write_100000] tvsec: 89598
[read_100000] tvsec: 5910
done!
DEBUG MODE ENABLED (bypass acl)
[6700,200755072:00:26:41.163083] BYPASSING ALL ACL CHECKS
[6700,200755072:00:26:41.409150] Native Client module will be loaded at base address 0x00000d4d00000000
[write_10000] tvsec: 9721
[read_10000] tvsec: 2025
[write_1000] tvsec: 17438
[read_1000] tvsec: 1376
[write_100000] tvsec: 76462
[read_100000] tvsec: 20562
done!
DEBUG MODE ENABLED (bypass acl)
[6705,4197402496:00:26:42.591730] BYPASSING ALL ACL CHECKS
[6705,4197402496:00:26:42.809251] Native Client module will be loaded at base address 0x0000695000000000
[write_10000] tvsec: 10197
[read_10000] tvsec: 1983
[write_1000] tvsec: 4632
[read_1000] tvsec: 16760
[write_100000] tvsec: 59267
[read_100000] tvsec: 20794
done!
DEBUG MODE ENABLED (bypass acl)
[6710,2112550784:00:26:43.931137] BYPASSING ALL ACL CHECKS
[6710,2112550784:00:26:44.020281] Native Client module will be loaded at base address 0x0000722600000000
[write_10000] tvsec: 10917
[read_10000] tvsec: 2997
[write_1000] tvsec: 5262
[read_1000] tvsec: 2170
[write_100000] tvsec: 35684
[read_100000] tvsec: 8345
done!
DEBUG MODE ENABLED (bypass acl)
[6715,2839844736:00:26:44.882973] BYPASSING ALL ACL CHECKS
[6715,2839844736:00:26:45.075844] Native Client module will be loaded at base address 0x0000169d00000000
[write_10000] tvsec: 10109
[read_10000] tvsec: 16816
[write_1000] tvsec: 18934
[read_1000] tvsec: 2112
[write_100000] tvsec: 84155
[read_100000] tvsec: 21056
done!
DEBUG MODE ENABLED (bypass acl)
[6720,232085376:00:26:46.071445] BYPASSING ALL ACL CHECKS
[6720,232085376:00:26:46.198057] Native Client module will be loaded at base address 0x00005a9b00000000
[write_10000] tvsec: 11229
[read_10000] tvsec: 16998
[write_1000] tvsec: 8728
[read_1000] tvsec: 2140
[write_100000] tvsec: 60333
[read_100000] tvsec: 10352
done!
DEBUG MODE ENABLED (bypass acl)
[6725,464684928:00:26:47.526942] BYPASSING ALL ACL CHECKS
[6725,464684928:00:26:47.642493] Native Client module will be loaded at base address 0x0000624f00000000
[write_10000] tvsec: 10070
[read_10000] tvsec: 1976
[write_1000] tvsec: 4166
[read_1000] tvsec: 1303
[write_100000] tvsec: 63630
[read_100000] tvsec: 5502
done!
DEBUG MODE ENABLED (bypass acl)
[6730,4053284736:00:26:48.720277] BYPASSING ALL ACL CHECKS
[6730,4053284736:00:26:48.920293] Native Client module will be loaded at base address 0x000004a100000000
[write_10000] tvsec: 10958
[read_10000] tvsec: 17066
[write_1000] tvsec: 19358
[read_1000] tvsec: 1342
[write_100000] tvsec: 68345
[read_100000] tvsec: 21275
done!
DEBUG MODE ENABLED (bypass acl)
[6735,3977549696:00:26:50.114512] BYPASSING ALL ACL CHECKS
[6735,3977549696:00:26:50.209152] Native Client module will be loaded at base address 0x0000652300000000
[write_10000] tvsec: 10061
[read_10000] tvsec: 2008
[write_1000] tvsec: 19248
[read_1000] tvsec: 1313
[write_100000] tvsec: 66980
[read_100000] tvsec: 20925
done!
DEBUG MODE ENABLED (bypass acl)
[6740,1081767808:00:26:51.338182] BYPASSING ALL ACL CHECKS
[6740,1081767808:00:26:51.431414] Native Client module will be loaded at base address 0x00003c8d00000000
[write_10000] tvsec: 10248
[read_10000] tvsec: 2107
[write_1000] tvsec: 4213
[read_1000] tvsec: 16071
[write_100000] tvsec: 63490
[read_100000] tvsec: 6102
done!
DEBUG MODE ENABLED (bypass acl)
[6745,280954752:00:26:52.383138] BYPASSING ALL ACL CHECKS
[6745,280954752:00:26:52.575861] Native Client module will be loaded at base address 0x000057cd00000000
[write_10000] tvsec: 10445
[read_10000] tvsec: 2063
[write_1000] tvsec: 4390
[read_1000] tvsec: 16455
[write_100000] tvsec: 63204
[read_100000] tvsec: 5823
done!
DEBUG MODE ENABLED (bypass acl)
[6750,3594250112:00:26:53.514384] BYPASSING ALL ACL CHECKS
[6750,3594250112:00:26:53.731533] Native Client module will be loaded at base address 0x00003d4e00000000
[write_10000] tvsec: 10199
[read_10000] tvsec: 2018
[write_1000] tvsec: 4813
[read_1000] tvsec: 1429
[write_100000] tvsec: 61494
[read_100000] tvsec: 21187
done!
DEBUG MODE ENABLED (bypass acl)
[6755,4180563840:00:26:54.725509] BYPASSING ALL ACL CHECKS
[6755,4180563840:00:26:54.920303] Native Client module will be loaded at base address 0x00006a3700000000
[write_10000] tvsec: 9837
[read_10000] tvsec: 16946
[write_1000] tvsec: 19068
[read_1000] tvsec: 1347
[write_100000] tvsec: 61386
[read_100000] tvsec: 5465
done!
DEBUG MODE ENABLED (bypass acl)
[6760,2948708224:00:26:56.004919] BYPASSING ALL ACL CHECKS
[6760,2948708224:00:26:56.131416] Native Client module will be loaded at base address 0x00000a5700000000
[write_10000] tvsec: 10379
[read_10000] tvsec: 2020
[write_1000] tvsec: 4088
[read_1000] tvsec: 1362
[write_100000] tvsec: 63291
[read_100000] tvsec: 5605
done!
DEBUG MODE ENABLED (bypass acl)
[6765,670173056:00:26:57.072085] BYPASSING ALL ACL CHECKS
[6765,670173056:00:26:57.164754] Native Client module will be loaded at base address 0x0000534700000000
[write_10000] tvsec: 11124
[read_10000] tvsec: 2030
[write_1000] tvsec: 4845
[read_1000] tvsec: 1443
[write_100000] tvsec: 65341
[read_100000] tvsec: 20789
done!
DEBUG MODE ENABLED (bypass acl)
[6770,1797330816:00:26:58.226991] BYPASSING ALL ACL CHECKS
[6770,1797330816:00:26:58.342528] Native Client module will be loaded at base address 0x0000489300000000
[write_10000] tvsec: 10468
[read_10000] tvsec: 2002
[write_1000] tvsec: 4425
[read_1000] tvsec: 1362
[write_100000] tvsec: 95322
[read_100000] tvsec: 20965
done!
DEBUG MODE ENABLED (bypass acl)
[6775,1027684224:00:26:59.249888] BYPASSING ALL ACL CHECKS
[6775,1027684224:00:26:59.464763] Native Client module will be loaded at base address 0x0000326900000000
[write_10000] tvsec: 10648
[read_10000] tvsec: 2576
[write_1000] tvsec: 17728
[read_1000] tvsec: 2058
[write_100000] tvsec: 56720
[read_100000] tvsec: 22490
done!
DEBUG MODE ENABLED (bypass acl)
[6780,4192421760:00:27:00.421595] BYPASSING ALL ACL CHECKS
[6780,4192421760:00:27:00.498105] Native Client module will be loaded at base address 0x00005ec500000000
[write_10000] tvsec: 13155
[read_10000] tvsec: 2078
[write_1000] tvsec: 3881
[read_1000] tvsec: 1255
[write_100000] tvsec: 31537
[read_100000] tvsec: 5271
done!
DEBUG MODE ENABLED (bypass acl)
[6785,3623569280:00:27:01.671525] BYPASSING ALL ACL CHECKS
[6785,3623569280:00:27:01.875894] Native Client module will be loaded at base address 0x0000427700000000
[write_10000] tvsec: 12699
[read_10000] tvsec: 2043
[write_1000] tvsec: 4436
[read_1000] tvsec: 1390
[write_100000] tvsec: 83110
[read_100000] tvsec: 21624
done!
DEBUG MODE ENABLED (bypass acl)
[6790,2520893312:00:27:02.844790] BYPASSING ALL ACL CHECKS
[6790,2520893312:00:27:02.942554] Native Client module will be loaded at base address 0x00000ffb00000000
[write_10000] tvsec: 10163
[read_10000] tvsec: 1921
[write_1000] tvsec: 17041
[read_1000] tvsec: 1328
[write_100000] tvsec: 62869
[read_100000] tvsec: 20743
done!
DEBUG MODE ENABLED (bypass acl)
[6796,2427860864:00:27:03.849364] BYPASSING ALL ACL CHECKS
[6796,2427860864:00:27:04.031445] Native Client module will be loaded at base address 0x00007b7c00000000
[write_10000] tvsec: 10883
[read_10000] tvsec: 2820
[write_1000] tvsec: 17854
[read_1000] tvsec: 1966
[write_100000] tvsec: 58569
[read_100000] tvsec: 22213
done!
DEBUG MODE ENABLED (bypass acl)
[6801,2360600448:00:27:05.324080] BYPASSING ALL ACL CHECKS
[6801,2360600448:00:27:05.409227] Native Client module will be loaded at base address 0x00001e0100000000
[write_10000] tvsec: 10121
[read_10000] tvsec: 16782
[write_1000] tvsec: 17293
[read_1000] tvsec: 1381
[write_100000] tvsec: 103287
[read_100000] tvsec: 23307
done!
DEBUG MODE ENABLED (bypass acl)
[6806,426739584:00:27:06.417549] BYPASSING ALL ACL CHECKS
[6806,426739584:00:27:06.531457] Native Client module will be loaded at base address 0x00004d1a00000000
[write_10000] tvsec: 10575
[read_10000] tvsec: 2743
[write_1000] tvsec: 4914
[read_1000] tvsec: 2026
[write_100000] tvsec: 49563
[read_100000] tvsec: 22980
done!
DEBUG MODE ENABLED (bypass acl)
[6811,2974812032:00:27:07.538153] BYPASSING ALL ACL CHECKS
[6811,2974812032:00:27:07.820348] Native Client module will be loaded at base address 0x00004aab00000000
[write_10000] tvsec: 10612
[read_10000] tvsec: 2686
[write_1000] tvsec: 4978
[read_1000] tvsec: 2060
[write_100000] tvsec: 49764
[read_100000] tvsec: 20746
done!
DEBUG MODE ENABLED (bypass acl)
[6816,952407936:00:27:08.770290] BYPASSING ALL ACL CHECKS
[6816,952407936:00:27:08.864796] Native Client module will be loaded at base address 0x0000677600000000
[write_10000] tvsec: 10273
[read_10000] tvsec: 2704
[write_1000] tvsec: 5199
[read_1000] tvsec: 1956
[write_100000] tvsec: 46269
[read_100000] tvsec: 7405
done!
DEBUG MODE ENABLED (bypass acl)
[6821,627505024:00:27:09.804941] BYPASSING ALL ACL CHECKS
[6821,627505024:00:27:09.953691] Native Client module will be loaded at base address 0x00002fec00000000
[write_10000] tvsec: 10625
[read_10000] tvsec: 2038
[write_1000] tvsec: 4215
[read_1000] tvsec: 1365
[write_100000] tvsec: 62127
[read_100000] tvsec: 5576
done!
DEBUG MODE ENABLED (bypass acl)
[6826,217151360:00:27:10.995332] BYPASSING ALL ACL CHECKS
[6826,217151360:00:27:11.120354] Native Client module will be loaded at base address 0x00006d2a00000000
[write_10000] tvsec: 10170
[read_10000] tvsec: 3042
[write_1000] tvsec: 4905
[read_1000] tvsec: 14868
[write_100000] tvsec: 60559
[read_100000] tvsec: 22555
done!
DEBUG MODE ENABLED (bypass acl)
[6831,3702806400:00:27:12.195190] BYPASSING ALL ACL CHECKS
[6831,3702806400:00:27:12.298140] Native Client module will be loaded at base address 0x00004a2200000000
[write_10000] tvsec: 10372
[read_10000] tvsec: 2899
[write_1000] tvsec: 5112
[read_1000] tvsec: 14768
[write_100000] tvsec: 62816
[read_100000] tvsec: 7198
done!
DEBUG MODE ENABLED (bypass acl)
[6836,3915016064:00:27:13.136922] BYPASSING ALL ACL CHECKS
[6836,3915016064:00:27:13.309195] Native Client module will be loaded at base address 0x000024ec00000000
[write_10000] tvsec: 10500
[read_10000] tvsec: 16975
[write_1000] tvsec: 17383
[read_1000] tvsec: 1360
[write_100000] tvsec: 84923
[read_100000] tvsec: 5535
done!
DEBUG MODE ENABLED (bypass acl)
[6841,1035839360:00:27:14.481333] BYPASSING ALL ACL CHECKS
[6841,1035839360:00:27:14.575880] Native Client module will be loaded at base address 0x000051d500000000
[write_10000] tvsec: 11109
[read_10000] tvsec: 2073
[write_1000] tvsec: 4374
[read_1000] tvsec: 1286
[write_100000] tvsec: 34145
[read_100000] tvsec: 5442
done!
DEBUG MODE ENABLED (bypass acl)
[6846,3279771520:00:27:15.946329] BYPASSING ALL ACL CHECKS
[6846,3279771520:00:27:16.042595] Native Client module will be loaded at base address 0x0000768d00000000
[write_10000] tvsec: 12326
[read_10000] tvsec: 16965
[write_1000] tvsec: 4902
[read_1000] tvsec: 1449
[write_100000] tvsec: 65440
[read_100000] tvsec: 20743
done!
DEBUG MODE ENABLED (bypass acl)
[6851,3997448064:00:27:16.960548] BYPASSING ALL ACL CHECKS
[6851,3997448064:00:27:17.131490] Native Client module will be loaded at base address 0x00007ae800000000
[write_10000] tvsec: 13276
[read_10000] tvsec: 16871
[write_1000] tvsec: 4699
[read_1000] tvsec: 1428
[write_100000] tvsec: 63313
[read_100000] tvsec: 21071
done!
DEBUG MODE ENABLED (bypass acl)
[6856,3259778944:00:27:18.027056] BYPASSING ALL ACL CHECKS
[6856,3259778944:00:27:18.242605] Native Client module will be loaded at base address 0x00002caf00000000
[write_10000] tvsec: 11856
[read_10000] tvsec: 2669
[write_1000] tvsec: 17729
[read_1000] tvsec: 1938
[write_100000] tvsec: 59841
[read_100000] tvsec: 7240
done!
DEBUG MODE ENABLED (bypass acl)
[6861,3691468672:00:27:19.313579] BYPASSING ALL ACL CHECKS
[6861,3691468672:00:27:19.398157] Native Client module will be loaded at base address 0x00006cde00000000
[write_10000] tvsec: 10280
[read_10000] tvsec: 2697
[write_1000] tvsec: 17867
[read_1000] tvsec: 1787
[write_100000] tvsec: 85487
[read_100000] tvsec: 7513
done!
DEBUG MODE ENABLED (bypass acl)
[6866,2237040512:00:27:20.389114] BYPASSING ALL ACL CHECKS
[6866,2237040512:00:27:20.464704] Native Client module will be loaded at base address 0x0000334700000000
[write_10000] tvsec: 10216
[read_10000] tvsec: 2012
[write_1000] tvsec: 3942
[read_1000] tvsec: 1173
[write_100000] tvsec: 30362
[read_100000] tvsec: 5296
done!
DEBUG MODE ENABLED (bypass acl)
[6871,2768549760:00:27:21.303644] BYPASSING ALL ACL CHECKS
[6871,2768549760:00:27:21.520377] Native Client module will be loaded at base address 0x000042e100000000
[write_10000] tvsec: 10024
[read_10000] tvsec: 2726
[write_1000] tvsec: 17624
[read_1000] tvsec: 1975
[write_100000] tvsec: 56392
[read_100000] tvsec: 7819
done!
DEBUG MODE ENABLED (bypass acl)
[6876,4275042176:00:27:22.602400] BYPASSING ALL ACL CHECKS
[6876,4275042176:00:27:22.698165] Native Client module will be loaded at base address 0x00007cee00000000
[write_10000] tvsec: 9798
[read_10000] tvsec: 2825
[write_1000] tvsec: 17813
[read_1000] tvsec: 1956
[write_100000] tvsec: 61918
[read_100000] tvsec: 24691
done!
DEBUG MODE ENABLED (bypass acl)
[6881,3362330496:00:27:24.058032] BYPASSING ALL ACL CHECKS
[6881,3362330496:00:27:24.142588] Native Client module will be loaded at base address 0x00003ebe00000000
[write_10000] tvsec: 12675
[read_10000] tvsec: 16700
[write_1000] tvsec: 4349
[read_1000] tvsec: 1366
[write_100000] tvsec: 49539
[read_100000] tvsec: 21119
done!
DEBUG MODE ENABLED (bypass acl)
[6886,1925474176:00:27:25.124702] BYPASSING ALL ACL CHECKS
[6886,1925474176:00:27:25.320410] Native Client module will be loaded at base address 0x000070dd00000000
[write_10000] tvsec: 12477
[read_10000] tvsec: 3143
[write_1000] tvsec: 17936
[read_1000] tvsec: 2121
[write_100000] tvsec: 47618
[read_100000] tvsec: 7229
done!
DEBUG MODE ENABLED (bypass acl)
[6891,2535344000:00:27:26.213569] BYPASSING ALL ACL CHECKS
[6891,2535344000:00:27:26.420394] Native Client module will be loaded at base address 0x00003f9700000000
[write_10000] tvsec: 10386
[read_10000] tvsec: 16699
[write_1000] tvsec: 17053
[read_1000] tvsec: 18828
[write_100000] tvsec: 98558
[read_100000] tvsec: 20579
done!
DEBUG MODE ENABLED (bypass acl)
[6896,1426950016:00:27:27.454080] BYPASSING ALL ACL CHECKS
[6896,1426950016:00:27:27.587181] Native Client module will be loaded at base address 0x00000abe00000000
[write_10000] tvsec: 10316
[read_10000] tvsec: 16936
[write_1000] tvsec: 17122
[read_1000] tvsec: 1308
[write_100000] tvsec: 62665
[read_100000] tvsec: 5675
done!
DEBUG MODE ENABLED (bypass acl)
[6901,2145769344:00:27:28.613517] BYPASSING ALL ACL CHECKS
[6901,2145769344:00:27:28.703367] Native Client module will be loaded at base address 0x00007f7200000000
[write_10000] tvsec: 12953
[read_10000] tvsec: 2012
[write_1000] tvsec: 4441
[read_1000] tvsec: 16263
[write_100000] tvsec: 59537
[read_100000] tvsec: 20609
done!
DEBUG MODE ENABLED (bypass acl)
[6906,647866240:00:27:29.813515] BYPASSING ALL ACL CHECKS
[6906,647866240:00:27:30.020416] Native Client module will be loaded at base address 0x000037e300000000
[write_10000] tvsec: 10531
[read_10000] tvsec: 2837
[write_1000] tvsec: 5045
[read_1000] tvsec: 2094
[write_100000] tvsec: 57070
[read_100000] tvsec: 7502
done!
DEBUG MODE ENABLED (bypass acl)
[6911,2177689472:00:27:31.158194] BYPASSING ALL ACL CHECKS
[6911,2177689472:00:27:31.320421] Native Client module will be loaded at base address 0x00007fdd00000000
[write_10000] tvsec: 10530
[read_10000] tvsec: 17067
[write_1000] tvsec: 17144
[read_1000] tvsec: 1429
[write_100000] tvsec: 81664
[read_100000] tvsec: 21863
done!
DEBUG MODE ENABLED (bypass acl)
[6916,3472320384:00:27:32.358046] BYPASSING ALL ACL CHECKS
[6916,3472320384:00:27:32.487087] Native Client module will be loaded at base address 0x0000196d00000000
[write_10000] tvsec: 10346
[read_10000] tvsec: 2672
[write_1000] tvsec: 17752
[read_1000] tvsec: 2026
[write_100000] tvsec: 77554
[read_100000] tvsec: 22668
done!
DEBUG MODE ENABLED (bypass acl)
[6921,1462728576:00:27:33.499459] BYPASSING ALL ACL CHECKS
[6921,1462728576:00:27:33.642642] Native Client module will be loaded at base address 0x0000698300000000
[write_10000] tvsec: 28965
[read_10000] tvsec: 2625
[write_1000] tvsec: 4245
[read_1000] tvsec: 1397
[write_100000] tvsec: 63744
[read_100000] tvsec: 5557
done!
DEBUG MODE ENABLED (bypass acl)
[6926,2192463744:00:27:34.758036] BYPASSING ALL ACL CHECKS
[6926,2192463744:00:27:34.931539] Native Client module will be loaded at base address 0x00001d2a00000000
[write_10000] tvsec: 10429
[read_10000] tvsec: 2725
[write_1000] tvsec: 17876
[read_1000] tvsec: 2020
[write_100000] tvsec: 63812
[read_100000] tvsec: 7676
done!
DEBUG MODE ENABLED (bypass acl)
[6931,378169216:00:27:35.902429] BYPASSING ALL ACL CHECKS
[6931,378169216:00:27:36.076005] Native Client module will be loaded at base address 0x0000383100000000
[write_10000] tvsec: 10130
[read_10000] tvsec: 16582
[write_1000] tvsec: 17268
[read_1000] tvsec: 1383
[write_100000] tvsec: 83259
[read_100000] tvsec: 5632
done!
DEBUG MODE ENABLED (bypass acl)
[6936,3860486016:00:27:36.969167] BYPASSING ALL ACL CHECKS
[6936,3860486016:00:27:37.164881] Native Client module will be loaded at base address 0x0000217000000000
[write_10000] tvsec: 11287
[read_10000] tvsec: 2053
[write_1000] tvsec: 4604
[read_1000] tvsec: 1306
[write_100000] tvsec: 80944
[read_100000] tvsec: 20488
done!
DEBUG MODE ENABLED (bypass acl)
[6941,4239255424:00:27:38.213615] BYPASSING ALL ACL CHECKS
[6941,4239255424:00:27:38.331552] Native Client module will be loaded at base address 0x000077c400000000
[write_10000] tvsec: 10626
[read_10000] tvsec: 2957
[write_1000] tvsec: 22862
[read_1000] tvsec: 1984
[write_100000] tvsec: 62138
[read_100000] tvsec: 20952
done!
DEBUG MODE ENABLED (bypass acl)
[6946,3975010176:00:27:39.424728] BYPASSING ALL ACL CHECKS
[6946,3975010176:00:27:39.564892] Native Client module will be loaded at base address 0x0000253a00000000
[write_10000] tvsec: 10109
[read_10000] tvsec: 2700
[write_1000] tvsec: 4990
[read_1000] tvsec: 21691
[write_100000] tvsec: 63829
[read_100000] tvsec: 22859
done!
DEBUG MODE ENABLED (bypass acl)
[6951,2104362880:00:27:40.458009] BYPASSING ALL ACL CHECKS
[6951,2104362880:00:27:40.642667] Native Client module will be loaded at base address 0x00003ed600000000
[write_10000] tvsec: 13369
[read_10000] tvsec: 17118
[write_1000] tvsec: 4391
[read_1000] tvsec: 1378
[write_100000] tvsec: 61558
[read_100000] tvsec: 20718
done!
DEBUG MODE ENABLED (bypass acl)
[6956,883816320:00:27:41.546899] BYPASSING ALL ACL CHECKS
[6956,883816320:00:27:41.776008] Native Client module will be loaded at base address 0x000000b400000000
[write_10000] tvsec: 12202
[read_10000] tvsec: 17246
[write_1000] tvsec: 17810
[read_1000] tvsec: 2059
[write_100000] tvsec: 55781
[read_100000] tvsec: 21281
done!
DEBUG MODE ENABLED (bypass acl)
[6961,2681128832:00:27:42.869313] BYPASSING ALL ACL CHECKS
[6961,2681128832:00:27:43.042675] Native Client module will be loaded at base address 0x000057d600000000
[write_10000] tvsec: 12409
[read_10000] tvsec: 3648
[write_1000] tvsec: 4943
[read_1000] tvsec: 2070
[write_100000] tvsec: 49754
[read_100000] tvsec: 22647
done!
DEBUG MODE ENABLED (bypass acl)
[6966,218072960:00:27:44.046899] BYPASSING ALL ACL CHECKS
[6966,218072960:00:27:44.142675] Native Client module will be loaded at base address 0x0000669900000000
[write_10000] tvsec: 10033
[read_10000] tvsec: 2609
[write_1000] tvsec: 18151
[read_1000] tvsec: 1964
[write_100000] tvsec: 49416
[read_100000] tvsec: 22455
done!
DEBUG MODE ENABLED (bypass acl)
[6971,3057223552:00:27:45.163834] BYPASSING ALL ACL CHECKS
[6971,3057223552:00:27:45.298118] Native Client module will be loaded at base address 0x0000281100000000
[write_10000] tvsec: 10127
[read_10000] tvsec: 2011
[write_1000] tvsec: 4811
[read_1000] tvsec: 1386
[write_100000] tvsec: 59397
[read_100000] tvsec: 5675
done!
DEBUG MODE ENABLED (bypass acl)
[6976,1412392832:00:27:46.478788] BYPASSING ALL ACL CHECKS
[6976,1412392832:00:27:46.553795] Native Client module will be loaded at base address 0x00007d8d00000000
[write_10000] tvsec: 10359
[read_10000] tvsec: 1917
[write_1000] tvsec: 3998
[read_1000] tvsec: 1311
[write_100000] tvsec: 33760
[read_100000] tvsec: 5458
done!
DEBUG MODE ENABLED (bypass acl)
[6981,2832795520:00:27:47.502481] BYPASSING ALL ACL CHECKS
[6981,2832795520:00:27:47.642687] Native Client module will be loaded at base address 0x0000504900000000
[write_10000] tvsec: 10510
[read_10000] tvsec: 16774
[write_1000] tvsec: 4469
[read_1000] tvsec: 1336
[write_100000] tvsec: 89325
[read_100000] tvsec: 5676
done!
DEBUG MODE ENABLED (bypass acl)
[6986,4152383360:00:27:48.591388] BYPASSING ALL ACL CHECKS
[6986,4152383360:00:27:48.764920] Native Client module will be loaded at base address 0x000059aa00000000
[write_10000] tvsec: 10792
[read_10000] tvsec: 2789
[write_1000] tvsec: 4847
[read_1000] tvsec: 1848
[write_100000] tvsec: 46736
[read_100000] tvsec: 7501
done!
DEBUG MODE ENABLED (bypass acl)
[6992,3042752384:00:27:49.766219] BYPASSING ALL ACL CHECKS
[6992,3042752384:00:27:49.998258] Native Client module will be loaded at base address 0x00007be000000000
[write_10000] tvsec: 10052
[read_10000] tvsec: 2705
[write_1000] tvsec: 4949
[read_1000] tvsec: 14899
[write_100000] tvsec: 47567
[read_100000] tvsec: 7537
done!
DEBUG MODE ENABLED (bypass acl)
[6998,3075913600:00:27:51.302412] BYPASSING ALL ACL CHECKS
[6998,3075913600:00:27:51.431595] Native Client module will be loaded at base address 0x00000cec00000000
[write_10000] tvsec: 10591
[read_10000] tvsec: 2032
[write_1000] tvsec: 4849
[read_1000] tvsec: 1844
[write_100000] tvsec: 69916
[read_100000] tvsec: 6155
done!
DEBUG MODE ENABLED (bypass acl)
[7003,4127397760:00:27:52.602547] BYPASSING ALL ACL CHECKS
[7003,4127397760:00:27:52.820485] Native Client module will be loaded at base address 0x0000568f00000000
[write_10000] tvsec: 10587
[read_10000] tvsec: 2686
[write_1000] tvsec: 18074
[read_1000] tvsec: 2024
[write_100000] tvsec: 56506
[read_100000] tvsec: 22360
done!
DEBUG MODE ENABLED (bypass acl)
[7008,4061640576:00:27:53.809687] BYPASSING ALL ACL CHECKS
[7008,4061640576:00:27:53.987155] Native Client module will be loaded at base address 0x0000457200000000
[write_10000] tvsec: 12614
[read_10000] tvsec: 2870
[write_1000] tvsec: 5185
[read_1000] tvsec: 14850
[write_100000] tvsec: 46291
[read_100000] tvsec: 22621
done!
DEBUG MODE ENABLED (bypass acl)
[7013,1649674112:00:27:55.207655] BYPASSING ALL ACL CHECKS
[7013,1649674112:00:27:55.353826] Native Client module will be loaded at base address 0x0000492e00000000
[write_10000] tvsec: 9728
[read_10000] tvsec: 1981
[write_1000] tvsec: 4019
[read_1000] tvsec: 1274
[write_100000] tvsec: 48210
[read_100000] tvsec: 6097
done!
DEBUG MODE ENABLED (bypass acl)
[7018,1358006144:00:27:56.377617] BYPASSING ALL ACL CHECKS
[7018,1358006144:00:27:56.564946] Native Client module will be loaded at base address 0x0000042500000000
[write_10000] tvsec: 10582
[read_10000] tvsec: 2600
[write_1000] tvsec: 18542
[read_1000] tvsec: 2024
[write_100000] tvsec: 55285
[read_100000] tvsec: 7690
done!
DEBUG MODE ENABLED (bypass acl)
[7023,2588043136:00:27:57.702442] BYPASSING ALL ACL CHECKS
[7023,2588043136:00:27:57.853841] Native Client module will be loaded at base address 0x0000073800000000
[write_10000] tvsec: 10053
[read_10000] tvsec: 3121
[write_1000] tvsec: 21545
[read_1000] tvsec: 20350
[write_100000] tvsec: 48608
[read_100000] tvsec: 7456
done!
DEBUG MODE ENABLED (bypass acl)
[7028,3313997696:00:27:58.820752] BYPASSING ALL ACL CHECKS
[7028,3313997696:00:27:58.953833] Native Client module will be loaded at base address 0x00002e0d00000000
[write_10000] tvsec: 11164
[read_10000] tvsec: 2034
[write_1000] tvsec: 4145
[read_1000] tvsec: 1270
[write_100000] tvsec: 33482
[read_100000] tvsec: 5547
done!
DEBUG MODE ENABLED (bypass acl)
[7033,2623219584:00:27:59.869320] BYPASSING ALL ACL CHECKS
[7033,2623219584:00:28:00.020494] Native Client module will be loaded at base address 0x0000043600000000
[write_10000] tvsec: 10928
[read_10000] tvsec: 17192
[write_1000] tvsec: 4260
[read_1000] tvsec: 1421
[write_100000] tvsec: 64408
[read_100000] tvsec: 20248
done!
DEBUG MODE ENABLED (bypass acl)
[7038,3719530368:00:28:01.102610] BYPASSING ALL ACL CHECKS
[7038,3719530368:00:28:01.320509] Native Client module will be loaded at base address 0x0000655c00000000
[write_10000] tvsec: 12859
[read_10000] tvsec: 2033
[write_1000] tvsec: 4430
[read_1000] tvsec: 1288
[write_100000] tvsec: 60682
[read_100000] tvsec: 5748
done!
DEBUG MODE ENABLED (bypass acl)
[7043,2583054208:00:28:02.346932] BYPASSING ALL ACL CHECKS
[7043,2583054208:00:28:02.520505] Native Client module will be loaded at base address 0x000018a600000000
[write_10000] tvsec: 10589
[read_10000] tvsec: 17134
[write_1000] tvsec: 17356
[read_1000] tvsec: 1336
[write_100000] tvsec: 85039
[read_100000] tvsec: 20607
done!
DEBUG MODE ENABLED (bypass acl)
[7048,1166600064:00:28:03.435887] BYPASSING ALL ACL CHECKS
[7048,1166600064:00:28:03.576072] Native Client module will be loaded at base address 0x000016b000000000
[write_10000] tvsec: 10356
[read_10000] tvsec: 2014
[write_1000] tvsec: 4170
[read_1000] tvsec: 1321
[write_100000] tvsec: 32702
[read_100000] tvsec: 5419
done!
DEBUG MODE ENABLED (bypass acl)
[7053,710485888:00:28:04.769338] BYPASSING ALL ACL CHECKS
[7053,710485888:00:28:04.976075] Native Client module will be loaded at base address 0x0000031c00000000
[write_10000] tvsec: 10474
[read_10000] tvsec: 2759
[write_1000] tvsec: 17987
[read_1000] tvsec: 2006
[write_100000] tvsec: 61850
[read_100000] tvsec: 22803
done!
DEBUG MODE ENABLED (bypass acl)
[7058,3764340608:00:28:06.113705] BYPASSING ALL ACL CHECKS
[7058,3764340608:00:28:06.242747] Native Client module will be loaded at base address 0x0000267b00000000
[write_10000] tvsec: 9726
[read_10000] tvsec: 2987
[write_1000] tvsec: 17851
[read_1000] tvsec: 2018
[write_100000] tvsec: 74227
[read_100000] tvsec: 7522
done!
DEBUG MODE ENABLED (bypass acl)
[7063,2533365632:00:28:07.235979] BYPASSING ALL ACL CHECKS
[7063,2533365632:00:28:07.376081] Native Client module will be loaded at base address 0x0000193000000000
[write_10000] tvsec: 10290
[read_10000] tvsec: 2661
[write_1000] tvsec: 18388
[read_1000] tvsec: 2050
[write_100000] tvsec: 63883
[read_100000] tvsec: 7204
done!
DEBUG MODE ENABLED (bypass acl)
[7068,2415671168:00:28:08.235874] BYPASSING ALL ACL CHECKS
[7068,2415671168:00:28:08.364914] Native Client module will be loaded at base address 0x00003f2c00000000
[write_10000] tvsec: 9709
[read_10000] tvsec: 1989
[write_1000] tvsec: 4755
[read_1000] tvsec: 1446
[write_100000] tvsec: 62108
[read_100000] tvsec: 21487
done!
DEBUG MODE ENABLED (bypass acl)
[7073,1787705216:00:28:09.503621] BYPASSING ALL ACL CHECKS
[7073,1787705216:00:28:09.642756] Native Client module will be loaded at base address 0x00000b3200000000
[write_10000] tvsec: 10560
[read_10000] tvsec: 2610
[write_1000] tvsec: 17965
[read_1000] tvsec: 1950
[write_100000] tvsec: 64333
[read_100000] tvsec: 22263
done!
DEBUG MODE ENABLED (bypass acl)
[7078,2150332288:00:28:10.527937] BYPASSING ALL ACL CHECKS
[7078,2150332288:00:28:10.720537] Native Client module will be loaded at base address 0x0000567c00000000
[write_10000] tvsec: 12808
[read_10000] tvsec: 17061
[write_1000] tvsec: 4899
[read_1000] tvsec: 1447
[write_100000] tvsec: 61813
[read_100000] tvsec: 20880
done!
DEBUG MODE ENABLED (bypass acl)
[7083,3816814464:00:28:11.670447] BYPASSING ALL ACL CHECKS
[7083,3816814464:00:28:11.753880] Native Client module will be loaded at base address 0x0000545b00000000
[write_10000] tvsec: 10615
[read_10000] tvsec: 16703
[write_1000] tvsec: 5040
[read_1000] tvsec: 1454
[write_100000] tvsec: 90270
[read_100000] tvsec: 20718
done!
DEBUG MODE ENABLED (bypass acl)
[7088,3526592384:00:28:12.905129] BYPASSING ALL ACL CHECKS
[7088,3526592384:00:28:13.076186] Native Client module will be loaded at base address 0x00003c9100000000
[write_10000] tvsec: 10615
[read_10000] tvsec: 2026
[write_1000] tvsec: 4242
[read_1000] tvsec: 16642
[write_100000] tvsec: 61137
[read_100000] tvsec: 20598
done!
DEBUG MODE ENABLED (bypass acl)
[7093,1697736576:00:28:14.226021] BYPASSING ALL ACL CHECKS
[7093,1697736576:00:28:14.376098] Native Client module will be loaded at base address 0x00007e1900000000
[write_10000] tvsec: 10742
[read_10000] tvsec: 2033
[write_1000] tvsec: 5042
[read_1000] tvsec: 1378
[write_100000] tvsec: 89367
[read_100000] tvsec: 20773
done!
DEBUG MODE ENABLED (bypass acl)
[7098,1215588224:00:28:15.444833] BYPASSING ALL ACL CHECKS
[7098,1215588224:00:28:15.642767] Native Client module will be loaded at base address 0x00005e2500000000
[write_10000] tvsec: 10192
[read_10000] tvsec: 2635
[write_1000] tvsec: 17810
[read_1000] tvsec: 2016
[write_100000] tvsec: 57643
[read_100000] tvsec: 22734
done!
