[1000] tvsec: 4937808559220011
[1000] tvsec: 4937808559240588
[10000] tvsec: 4937808559292585
[10000] tvsec: 4937808559308152
[100000] tvsec: 4937808559347232
[100000] tvsec: 4937808559406605
[1000000] tvsec: 4937808559575409
[1000000] tvsec: 4937808559951005
[10000000] tvsec: 4937808560906245
[10000000] tvsec: 4937808564617319
[1000] tvsec: 4937808571199265
[1000] tvsec: 4937808571213888
[10000] tvsec: 4937808571257077
[10000] tvsec: 4937808571272434
[100000] tvsec: 4937808571311470
[100000] tvsec: 4937808571355478
[1000000] tvsec: 4937808571484224
[1000000] tvsec: 4937808571831991
[10000000] tvsec: 4937808633628515
[10000000] tvsec: 4937808648980069
[1000] tvsec: 4937808675023820
[1000] tvsec: 4937808675082470
[10000] tvsec: 4937808675247432
[10000] tvsec: 4937808675313853
[100000] tvsec: 4937808675466771
[100000] tvsec: 4937808675668727
[1000000] tvsec: 4937808676180043
[1000000] tvsec: 4937808677615388
[10000000] tvsec: 4937808712135669
[10000000] tvsec: 4937808715745508
[1000] tvsec: 4937808722391267
[1000] tvsec: 4937808722405269
[10000] tvsec: 4937808722448780
[10000] tvsec: 4937808722464334
[100000] tvsec: 4937808722503486
[100000] tvsec: 4937808722551830
[1000000] tvsec: 4937808722678980
[1000000] tvsec: 4937808723033192
[10000000] tvsec: 4937808781429581
[10000000] tvsec: 4937808796637756
[1000] tvsec: 4937808873570266
[1000] tvsec: 4937808873584287
[10000] tvsec: 4937808873624262
[10000] tvsec: 4937808873639181
[100000] tvsec: 4937808873675917
[100000] tvsec: 4937808873748566
[1000000] tvsec: 4937808873905301
[1000000] tvsec: 4937808874279256
[10000000] tvsec: 4937808875183458
[10000000] tvsec: 4937808878738259
[1000] tvsec: 4937808885469717
[1000] tvsec: 4937808885483264
[10000] tvsec: 4937808885525855
[10000] tvsec: 4937808885540958
[100000] tvsec: 4937808885577566
[100000] tvsec: 4937808885620746
[1000000] tvsec: 4937808885742930
[1000000] tvsec: 4937808886086244
[10000000] tvsec: 4937808939700442
[10000000] tvsec: 4937808943265690
[1000] tvsec: 4937808949951329
[1000] tvsec: 4937808949965898
[10000] tvsec: 4937808950006016
[10000] tvsec: 4937808950020784
[100000] tvsec: 4937808950056945
[100000] tvsec: 4937808950099639
[1000000] tvsec: 4937808950226694
[1000000] tvsec: 4937808950601472
[10000000] tvsec: 4937809008423388
[10000000] tvsec: 4937809012486599
[1000] tvsec: 4937809020185730
[1000] tvsec: 4937809020203647
[10000] tvsec: 4937809020253621
[10000] tvsec: 4937809020272514
[100000] tvsec: 4937809020318248
[100000] tvsec: 4937809020372679
[1000000] tvsec: 4937809020527212
[1000000] tvsec: 4937809020969321
[10000000] tvsec: 4937809070414485
[10000000] tvsec: 4937809073975003
[1000] tvsec: 4937809080461567
[1000] tvsec: 4937809080475699
[10000] tvsec: 4937809080516460
[10000] tvsec: 4937809080532511
[100000] tvsec: 4937809080570158
[100000] tvsec: 4937809080615176
[1000000] tvsec: 4937809080745526
[1000000] tvsec: 4937809081098576
[10000000] tvsec: 4937809127522415
[10000000] tvsec: 4937809131068219
[1000] tvsec: 4937809137788438
[1000] tvsec: 4937809137803786
[10000] tvsec: 4937809137848005
[10000] tvsec: 4937809137864641
[100000] tvsec: 4937809137904094
[100000] tvsec: 4937809137951521
[1000000] tvsec: 4937809138082106
[1000000] tvsec: 4937809138464045
[10000000] tvsec: 4937809189959327
[10000000] tvsec: 4937809205283505
