[11] tvsec: 4949132360214951
[11] tvsec: 4949132360237890
[12] tvsec: 4949132360248051
[12] tvsec: 4949132360264984
[13] tvsec: 4949132360272867
[13] tvsec: 4949132360393529
[14] tvsec: 4949132360401280
[14] tvsec: 4949132361656513
[15] tvsec: 4949132361666307
[15] tvsec: 4949132373834305
[21] tvsec: 4949132373845227
[21] tvsec: 4949132373852089
[22] tvsec: 4949132373859605
[22] tvsec: 4949132373872525
[23] tvsec: 4949132373880164
[23] tvsec: 4949132373963790
[24] tvsec: 4949132373971793
[24] tvsec: 4949132374770953
[25] tvsec: 4949132374779596
[25] tvsec: 4949132382806543
[11] tvsec: 4949132388111662
[11] tvsec: 4949132388126633
[12] tvsec: 4949132388135899
[12] tvsec: 4949132388153050
[13] tvsec: 4949132388160574
[13] tvsec: 4949132388278743
[14] tvsec: 4949132388286197
[14] tvsec: 4949132389431461
[15] tvsec: 4949132389440406
[15] tvsec: 4949132400958530
[21] tvsec: 4949132400969894
[21] tvsec: 4949132400976709
[22] tvsec: 4949132400984277
[22] tvsec: 4949132400996985
[23] tvsec: 4949132401004487
[23] tvsec: 4949132401087818
[24] tvsec: 4949132401095640
[24] tvsec: 4949132401909993
[25] tvsec: 4949132401918647
[25] tvsec: 4949132410102862
[11] tvsec: 4949132415250921
[11] tvsec: 4949132415264706
[12] tvsec: 4949132415274620
[12] tvsec: 4949132415291905
[13] tvsec: 4949132415299711
[13] tvsec: 4949132415420144
[14] tvsec: 4949132415427801
[14] tvsec: 4949132416664054
[15] tvsec: 4949132416673432
[15] tvsec: 4949132428521415
[21] tvsec: 4949132428531313
[21] tvsec: 4949132428538046
[22] tvsec: 4949132428545466
[22] tvsec: 4949132428558405
[23] tvsec: 4949132428565887
[23] tvsec: 4949132428649878
[24] tvsec: 4949132428657677
[24] tvsec: 4949132429467520
[25] tvsec: 4949132429476129
[25] tvsec: 4949132437656076
[11] tvsec: 4949132442787459
[11] tvsec: 4949132442801203
[12] tvsec: 4949132442810960
[12] tvsec: 4949132442828272
[13] tvsec: 4949132442836099
[13] tvsec: 4949132442957278
[14] tvsec: 4949132442965148
[14] tvsec: 4949132444207444
[15] tvsec: 4949132444217212
[15] tvsec: 4949132456141597
[21] tvsec: 4949132456153033
[21] tvsec: 4949132456159880
[22] tvsec: 4949132456167609
[22] tvsec: 4949132456180610
[23] tvsec: 4949132456188359
[23] tvsec: 4949132456272630
[24] tvsec: 4949132456280794
[24] tvsec: 4949132457092382
[25] tvsec: 4949132457101395
[25] tvsec: 4949132465323366
[11] tvsec: 4949132470433472
[11] tvsec: 4949132470449512
[12] tvsec: 4949132470459418
[12] tvsec: 4949132470476582
[13] tvsec: 4949132470484529
[13] tvsec: 4949132470604032
[14] tvsec: 4949132470611850
[14] tvsec: 4949132471779186
[15] tvsec: 4949132471788153
[15] tvsec: 4949132483598617
[21] tvsec: 4949132483610478
[21] tvsec: 4949132483617476
[22] tvsec: 4949132483625148
[22] tvsec: 4949132483638245
[23] tvsec: 4949132483646286
[23] tvsec: 4949132483730393
[24] tvsec: 4949132483738519
[24] tvsec: 4949132484602091
[25] tvsec: 4949132484612134
[25] tvsec: 4949132492737378
[11] tvsec: 4949132497846465
[11] tvsec: 4949132497860245
[12] tvsec: 4949132497869763
[12] tvsec: 4949132497886684
[13] tvsec: 4949132497894461
[13] tvsec: 4949132498014499
[14] tvsec: 4949132498022313
[14] tvsec: 4949132499196004
[15] tvsec: 4949132499205058
[15] tvsec: 4949132511008278
[21] tvsec: 4949132511020281
[21] tvsec: 4949132511027300
[22] tvsec: 4949132511034919
[22] tvsec: 4949132511047960
[23] tvsec: 4949132511055477
[23] tvsec: 4949132511139851
[24] tvsec: 4949132511147766
[24] tvsec: 4949132511959650
[25] tvsec: 4949132511968428
[25] tvsec: 4949132520240210
[11] tvsec: 4949132525301619
[11] tvsec: 4949132525317037
[12] tvsec: 4949132525326607
[12] tvsec: 4949132525343991
[13] tvsec: 4949132525351676
[13] tvsec: 4949132525471600
[14] tvsec: 4949132525479182
[14] tvsec: 4949132526653206
[15] tvsec: 4949132526662160
[15] tvsec: 4949132538455303
[21] tvsec: 4949132538466937
[21] tvsec: 4949132538473836
[22] tvsec: 4949132538481358
[22] tvsec: 4949132538494431
[23] tvsec: 4949132538501926
[23] tvsec: 4949132538586366
[24] tvsec: 4949132538594375
[24] tvsec: 4949132539399192
[25] tvsec: 4949132539408006
[25] tvsec: 4949132547537277
[11] tvsec: 4949132552617084
[11] tvsec: 4949132552631698
[12] tvsec: 4949132552647272
[12] tvsec: 4949132552664269
[13] tvsec: 4949132552672187
[13] tvsec: 4949132552793176
[14] tvsec: 4949132552801080
[14] tvsec: 4949132553972553
[15] tvsec: 4949132553981663
[15] tvsec: 4949132565851322
[21] tvsec: 4949132565861794
[21] tvsec: 4949132565868645
[22] tvsec: 4949132565876236
[22] tvsec: 4949132565889336
[23] tvsec: 4949132565896902
[23] tvsec: 4949132565982407
[24] tvsec: 4949132565990385
[24] tvsec: 4949132566811562
[25] tvsec: 4949132566820478
[25] tvsec: 4949132575076490
[11] tvsec: 4949132580197762
[11] tvsec: 4949132580211938
[12] tvsec: 4949132580221313
[12] tvsec: 4949132580238122
[13] tvsec: 4949132580246026
[13] tvsec: 4949132580365571
[14] tvsec: 4949132580373421
[14] tvsec: 4949132581538185
[15] tvsec: 4949132581547245
[15] tvsec: 4949132593546888
[21] tvsec: 4949132593558025
[21] tvsec: 4949132593565254
[22] tvsec: 4949132593573458
[22] tvsec: 4949132593587608
[23] tvsec: 4949132593595741
[23] tvsec: 4949132593686477
[24] tvsec: 4949132593695001
[24] tvsec: 4949132594563151
[25] tvsec: 4949132594572485
[25] tvsec: 4949132603223267
[11] tvsec: 4949132608582383
[11] tvsec: 4949132608598450
[12] tvsec: 4949132608609107
[12] tvsec: 4949132608627961
[13] tvsec: 4949132608636511
[13] tvsec: 4949132608765880
[14] tvsec: 4949132608774468
[14] tvsec: 4949132610033607
[15] tvsec: 4949132610043632
[15] tvsec: 4949132622581102
[21] tvsec: 4949132622593424
[21] tvsec: 4949132622600885
[22] tvsec: 4949132622609449
[22] tvsec: 4949132622623551
[23] tvsec: 4949132622632000
[23] tvsec: 4949132622722227
[24] tvsec: 4949132622731116
[24] tvsec: 4949132623601160
[25] tvsec: 4949132623611011
[25] tvsec: 4949132632322518