[1000] tvsec: 4937708358718227
[1000] tvsec: 4937708358752752
[10000] tvsec: 4937708358795350
[10000] tvsec: 4937708358818722
[100000] tvsec: 4937708358855036
[100000] tvsec: 4937708359164167
[1000000] tvsec: 4937708359280564
[1000000] tvsec: 4937708366399899
[10000000] tvsec: 4937708367221614
[10000000] tvsec: 4937708416914521
[1000] tvsec: 4937710531594010
[1000] tvsec: 4937710531628222
[10000] tvsec: 4937710531670283
[10000] tvsec: 4937710531692571
[100000] tvsec: 4937710531727601
[100000] tvsec: 4937710532100872
[1000000] tvsec: 4937710532222404
[1000000] tvsec: 4937710539345432
[10000000] tvsec: 4937710540234045
[10000000] tvsec: 4937710599978749
[1000] tvsec: 4937712684517385
[1000] tvsec: 4937712684552620
[10000] tvsec: 4937712684608184
[10000] tvsec: 4937712684630001
[100000] tvsec: 4937712684665857
[100000] tvsec: 4937712684977194
[1000000] tvsec: 4937712685099189
[1000000] tvsec: 4937712692279060
[10000000] tvsec: 4937712693104760
[10000000] tvsec: 4937712742452945
[1000] tvsec: 4937714912671759
[1000] tvsec: 4937714912706659
[10000] tvsec: 4937714912749616
[10000] tvsec: 4937714912771306
[100000] tvsec: 4937714912805682
[100000] tvsec: 4937714913119830
[1000000] tvsec: 4937714913239575
[1000000] tvsec: 4937714920391158
[10000000] tvsec: 4937714921220400
[10000000] tvsec: 4937714971422373
[1000] tvsec: 4937717064569596
[1000] tvsec: 4937717064606252
[10000] tvsec: 4937717064648474
[10000] tvsec: 4937717064670606
[100000] tvsec: 4937717064704872
[100000] tvsec: 4937717065021176
[1000000] tvsec: 4937717065143115
[1000000] tvsec: 4937717072344344
[10000000] tvsec: 4937717073185073
[10000000] tvsec: 4937717133151822
[1000] tvsec: 4937719244942898
[1000] tvsec: 4937719244977254
[10000] tvsec: 4937719245019936
[10000] tvsec: 4937719245042472
[100000] tvsec: 4937719245076698
[100000] tvsec: 4937719245384701
[1000000] tvsec: 4937719245503829
[1000000] tvsec: 4937719252614980
[10000000] tvsec: 4937719253442385
[10000000] tvsec: 4937719313251511
[1000] tvsec: 4937721394915672
[1000] tvsec: 4937721394949869
[10000] tvsec: 4937721394994079
[10000] tvsec: 4937721395016249
[100000] tvsec: 4937721395050659
[100000] tvsec: 4937721395360657
[1000000] tvsec: 4937721395476326
[1000000] tvsec: 4937721402626225
[10000000] tvsec: 4937721403451504
[10000000] tvsec: 4937721463250028
[1000] tvsec: 4937723575466699
[1000] tvsec: 4937723575500838
[10000] tvsec: 4937723575542316
[10000] tvsec: 4937723575564513
[100000] tvsec: 4937723575600807
[100000] tvsec: 4937723575909856
[1000000] tvsec: 4937723576057181
[1000000] tvsec: 4937723583215048
[10000000] tvsec: 4937723584116431
[10000000] tvsec: 4937723643951284
[1000] tvsec: 4937725751045227
[1000] tvsec: 4937725751078969
[10000] tvsec: 4937725751120617
[10000] tvsec: 4937725751143009
[100000] tvsec: 4937725751178297
[100000] tvsec: 4937725751490341
[1000000] tvsec: 4937725751604510
[1000000] tvsec: 4937725758772472
[10000000] tvsec: 4937725759603118
[10000000] tvsec: 4937725819437564
[1000] tvsec: 4937727938811289
[1000] tvsec: 4937727938845320
[10000] tvsec: 4937727938889062
[10000] tvsec: 4937727938911167
[100000] tvsec: 4937727938945911
[100000] tvsec: 4937727939263676
[1000000] tvsec: 4937727939384550
[1000000] tvsec: 4937727946513947
[10000000] tvsec: 4937727947353735
[10000000] tvsec: 4937728007170540