[11] tvsec: 4954200485513282
[11] tvsec: 4954200485549812
[12] tvsec: 4954200485558336
[12] tvsec: 4954200485584137
[13] tvsec: 4954200485592359
[13] tvsec: 4954200485668471
[14] tvsec: 4954200485676266
[14] tvsec: 4954200486427968
[15] tvsec: 4954200486436800
[15] tvsec: 4954200494049369
[21] tvsec: 4954200494059482
[21] tvsec: 4954200494064837
[22] tvsec: 4954200494072349
[22] tvsec: 4954200494079964
[23] tvsec: 4954200494087668
[23] tvsec: 4954200494148907
[24] tvsec: 4954200494156718
[24] tvsec: 4954200494753012
[25] tvsec: 4954200494761388
[25] tvsec: 4954200500662970