[7226,1240951744:17:44:12.375661] Native Client module will be loaded at base address 0x0000001100000000
NaClSelLdrMain 137
NaClSelLdrMain 143
NaClSelLdrMain 165
TODO Should be fixed
>>>> [put this address in sel_ldr.c file] syscallseg: c001a71b0
NaClSyscallSeg: c0000f14c
NaClCreateMainThread 565 argc: 1 argc * sizeof(argv len): 8
copying arg 0  0x556b71ef9945 -> 0x1fffeffe8 (9)
system stack ptr : 00000001fffeffb8
  user stack ptr : 00000001fffeffb8
  user break_addr: 0000000010434058
10434058 10434058 0
NaClAppThreadMake 194
[write_10000] tvsec: 64771650
[write_10000] tvsec: 9183638
[write_10000] tvsec: 8524580
[write_10000] tvsec: 17948552
[write_10000] tvsec: 6838445
[write_10000] tvsec: 8526369
[write_10000] tvsec: 8233481
[write_10000] tvsec: 8242334
[write_10000] tvsec: 8264090
[write_10000] tvsec: 8523791
[write_10000] tvsec: 17951207
[write_10000] tvsec: 6834577
[write_10000] tvsec: 8522828
[write_10000] tvsec: 8262482
[write_10000] tvsec: 20789767
[write_10000] tvsec: 9672421
[write_10000] tvsec: 9692331
[write_10000] tvsec: 11106164
[write_10000] tvsec: 11105204
[write_10000] tvsec: 11095629
[write_10000] tvsec: 11101233
[write_10000] tvsec: 11113006
[write_10000] tvsec: 11097117
[write_10000] tvsec: 11101955
[write_10000] tvsec: 11099879
[write_10000] tvsec: 11100292
[write_10000] tvsec: 11105241
[write_10000] tvsec: 11103737
[write_10000] tvsec: 11107973
[write_10000] tvsec: 11091268
[write_10000] tvsec: 11111121
[write_10000] tvsec: 11099157
[write_10000] tvsec: 12509728
[write_10000] tvsec: 12529003
[write_10000] tvsec: 12531497
[write_10000] tvsec: 23644087
[write_10000] tvsec: 17932783
[write_10000] tvsec: 12532787
[write_10000] tvsec: 12525931
[write_10000] tvsec: 12534261
[write_10000] tvsec: 17927629
[write_10000] tvsec: 12529263
[write_10000] tvsec: 12529455
[write_10000] tvsec: 23648629
[write_10000] tvsec: 17921735
[write_10000] tvsec: 12535999
[write_10000] tvsec: 12512970
[write_10000] tvsec: 12542077
[write_10000] tvsec: 17925987
[write_10000] tvsec: 12531517
[write_10000] tvsec: 15373705
[write_10000] tvsec: 19374403
[write_10000] tvsec: 31893481
[write_10000] tvsec: 15370864
[write_10000] tvsec: 19380989
[write_10000] tvsec: 31895455
[write_10000] tvsec: 15330137
[write_10000] tvsec: 19409516
[write_10000] tvsec: 74871377
[write_10000] tvsec: 8303169
[write_10000] tvsec: 8519447
[write_10000] tvsec: 17946925
[write_10000] tvsec: 6817881
[write_10000] tvsec: 8517719
[write_10000] tvsec: 6825236
[write_10000] tvsec: 6835219
[write_10000] tvsec: 8526332
[write_10000] tvsec: 6838068
[write_10000] tvsec: 6840126
[write_10000] tvsec: 8518961
[write_10000] tvsec: 17947928
[write_10000] tvsec: 6840457
[write_10000] tvsec: 8516502
[write_10000] tvsec: 6843005
[write_10000] tvsec: 6812368
[write_10000] tvsec: 8524857
[write_10000] tvsec: 9698670
[write_10000] tvsec: 9671627
[write_10000] tvsec: 9672433
[write_10000] tvsec: 9672753
[write_10000] tvsec: 9695980
[write_10000] tvsec: 11100173
[write_10000] tvsec: 11103492
[write_10000] tvsec: 11100961
[write_10000] tvsec: 11104808
[write_10000] tvsec: 11102606
[write_10000] tvsec: 11104598
[write_10000] tvsec: 11096249
[write_10000] tvsec: 11105649
[write_10000] tvsec: 11106128
[write_10000] tvsec: 11097679
[write_10000] tvsec: 11110198
[write_10000] tvsec: 11099349
[write_10000] tvsec: 11094646
[write_10000] tvsec: 12514775
[write_10000] tvsec: 12531753
[write_10000] tvsec: 12530255
[write_10000] tvsec: 12529230
[write_10000] tvsec: 12517345
[write_10000] tvsec: 16515330
[write_10000] tvsec: 9626
[write_10000] tvsec: 6957
[write_10000] tvsec: 22699
[write_10000] tvsec: 7243
[write_10000] tvsec: 20441
[write_10000] tvsec: 22426
[write_10000] tvsec: 6785
[write_10000] tvsec: 22402
[write_10000] tvsec: 20270
[write_10000] tvsec: 7849
[write_10000] tvsec: 7138
[write_10000] tvsec: 7096
[write_10000] tvsec: 19741
[write_10000] tvsec: 28282
[write_10000] tvsec: 22253
[write_10000] tvsec: 19957
[write_10000] tvsec: 6984
[write_10000] tvsec: 7168
[write_10000] tvsec: 30412
[write_10000] tvsec: 7142
[write_10000] tvsec: 7337
[write_10000] tvsec: 21678
[write_10000] tvsec: 7074
[write_10000] tvsec: 7154
[write_10000] tvsec: 7113
[write_10000] tvsec: 7152
[write_10000] tvsec: 7150
[write_10000] tvsec: 7118
[write_10000] tvsec: 7108
[write_10000] tvsec: 7139
[write_10000] tvsec: 7100
[write_10000] tvsec: 7119
[write_10000] tvsec: 7159
[write_10000] tvsec: 7094
[write_10000] tvsec: 7120
[write_10000] tvsec: 7200
[write_10000] tvsec: 7072
[write_10000] tvsec: 7149
[write_10000] tvsec: 7115
[write_10000] tvsec: 7076
[write_10000] tvsec: 7095
[write_10000] tvsec: 7069
[write_10000] tvsec: 7140
[write_10000] tvsec: 7077
[write_10000] tvsec: 7100
[write_10000] tvsec: 7096
[write_10000] tvsec: 7094
[write_10000] tvsec: 7141
[write_10000] tvsec: 7056
[write_10000] tvsec: 7180
[write_10000] tvsec: 7107
[write_10000] tvsec: 7163
[write_10000] tvsec: 7066
[write_10000] tvsec: 7137
[write_10000] tvsec: 7126
[write_10000] tvsec: 7071
[write_10000] tvsec: 7097
[write_10000] tvsec: 7111
[write_10000] tvsec: 7088
[write_10000] tvsec: 7087
[write_10000] tvsec: 7089
[write_10000] tvsec: 7122
[write_10000] tvsec: 7017
[write_10000] tvsec: 7116
[write_10000] tvsec: 7077
[write_10000] tvsec: 7132
[write_10000] tvsec: 7144
[write_10000] tvsec: 7067
[write_10000] tvsec: 7142
[write_10000] tvsec: 7100
[write_10000] tvsec: 7151
[write_10000] tvsec: 7119
[write_10000] tvsec: 7109
[write_10000] tvsec: 7068
[write_10000] tvsec: 7106
[write_10000] tvsec: 7077
[write_10000] tvsec: 7061
[write_10000] tvsec: 7100
[write_10000] tvsec: 22695
[write_10000] tvsec: 7257
[write_10000] tvsec: 7291
[write_10000] tvsec: 23194
[write_10000] tvsec: 7264
[write_10000] tvsec: 21324
[write_10000] tvsec: 7353
[write_10000] tvsec: 7328
[write_10000] tvsec: 23285
[write_10000] tvsec: 7321
[write_10000] tvsec: 7325
[write_10000] tvsec: 7306
[write_10000] tvsec: 7312
[write_10000] tvsec: 7290
[write_10000] tvsec: 7295
[write_10000] tvsec: 7261
[write_10000] tvsec: 7300
[write_10000] tvsec: 7343
[write_10000] tvsec: 7266
[write_10000] tvsec: 7368
[write_10000] tvsec: 7230
[write_10000] tvsec: 7146
[write_1000] tvsec: 13592073
[write_1000] tvsec: 12509329
[write_1000] tvsec: 16520194
[write_1000] tvsec: 12515351
[write_1000] tvsec: 12527748
[write_1000] tvsec: 12536870
[write_1000] tvsec: 12511219
[write_1000] tvsec: 16513081
[write_1000] tvsec: 12553006
[write_1000] tvsec: 12535237
[write_1000] tvsec: 12522237
[write_1000] tvsec: 12517303
[write_1000] tvsec: 19375657
[write_1000] tvsec: 20783471
[write_1000] tvsec: 15370674
[write_1000] tvsec: 19376573
[write_1000] tvsec: 31894351
[write_1000] tvsec: 15368663
[write_1000] tvsec: 19365377
[write_1000] tvsec: 20783044
[write_1000] tvsec: 54104594
[write_1000] tvsec: 8278410
[write_1000] tvsec: 8516526
[write_1000] tvsec: 6830601
[write_1000] tvsec: 6825308
[write_1000] tvsec: 8523874
[write_1000] tvsec: 6831373
[write_1000] tvsec: 6822775
[write_1000] tvsec: 8523914
[write_1000] tvsec: 17949933
[write_1000] tvsec: 6828896
[write_1000] tvsec: 8525832
[write_1000] tvsec: 17937160
[write_1000] tvsec: 6837979
[write_1000] tvsec: 8523311
[write_1000] tvsec: 6839055
[write_1000] tvsec: 6814050
[write_1000] tvsec: 8524269
[write_1000] tvsec: 9696265
[write_1000] tvsec: 9672579
[write_1000] tvsec: 9666822
[write_1000] tvsec: 9678548
[write_1000] tvsec: 9699132
[write_1000] tvsec: 11131121
[write_1000] tvsec: 11055132
[write_1000] tvsec: 11103449
[write_1000] tvsec: 11103372
[write_1000] tvsec: 11103762
[write_1000] tvsec: 11097816
[write_1000] tvsec: 11101440
[write_1000] tvsec: 11107231
[write_1000] tvsec: 11102255
[write_1000] tvsec: 11105787
[write_1000] tvsec: 11103276
[write_1000] tvsec: 11095063
[write_1000] tvsec: 11124749
[write_1000] tvsec: 12510703
[write_1000] tvsec: 12530804
[write_1000] tvsec: 12533289
[write_1000] tvsec: 12528430
[write_1000] tvsec: 23622695
[write_1000] tvsec: 16520650
[write_1000] tvsec: 12529441
[write_1000] tvsec: 12530553
[write_1000] tvsec: 12532606
[write_1000] tvsec: 12505975
[write_1000] tvsec: 16502374
[write_1000] tvsec: 12539283
[write_1000] tvsec: 12523632
[write_1000] tvsec: 12540304
[write_1000] tvsec: 23598662
[write_1000] tvsec: 16526013
[write_1000] tvsec: 12518228
[write_1000] tvsec: 12526185
[write_1000] tvsec: 12517212
[write_1000] tvsec: 20793492
[write_1000] tvsec: 20768871
[write_1000] tvsec: 15370608
[write_1000] tvsec: 19368097
[write_1000] tvsec: 20772356
[write_1000] tvsec: 15377422
[write_1000] tvsec: 19379322
[write_1000] tvsec: 20757167
[write_1000] tvsec: 81045201
[write_1000] tvsec: 30821460
[write_1000] tvsec: 6933534
[write_1000] tvsec: 8311525
[write_1000] tvsec: 8305598
[write_1000] tvsec: 9700351
[write_1000] tvsec: 6935863
[write_1000] tvsec: 8308768
[write_1000] tvsec: 8307991
[write_1000] tvsec: 9715833
[write_1000] tvsec: 6924414
[write_1000] tvsec: 18051506
[write_1000] tvsec: 8320966
[write_1000] tvsec: 6918703
[write_1000] tvsec: 8313934
[write_1000] tvsec: 8308804
[write_1000] tvsec: 9714658
[write_1000] tvsec: 21174
[write_1000] tvsec: 18787
[write_1000] tvsec: 18453
[write_1000] tvsec: 18869
[write_1000] tvsec: 17358
[write_1000] tvsec: 3825
[write_1000] tvsec: 3694
[write_1000] tvsec: 3786
[write_1000] tvsec: 3707
[write_1000] tvsec: 26893
[write_1000] tvsec: 3811
[write_1000] tvsec: 3690
[write_1000] tvsec: 3589
[write_1000] tvsec: 19481
[write_1000] tvsec: 3861
[write_1000] tvsec: 3829
[write_1000] tvsec: 3618
[write_1000] tvsec: 3642
[write_1000] tvsec: 3650
[write_1000] tvsec: 3785
[write_1000] tvsec: 3766
[write_1000] tvsec: 3757
[write_1000] tvsec: 3832
[write_1000] tvsec: 3750
[write_1000] tvsec: 3763
[write_1000] tvsec: 3741
[write_1000] tvsec: 3746
[write_1000] tvsec: 3975
[write_1000] tvsec: 3866
[write_1000] tvsec: 3790
[write_1000] tvsec: 3859
[write_1000] tvsec: 3747
[write_1000] tvsec: 18581
[write_1000] tvsec: 20120
[write_1000] tvsec: 3903
[write_1000] tvsec: 3864
[write_1000] tvsec: 17176
[write_1000] tvsec: 3811
[write_1000] tvsec: 3801
[write_1000] tvsec: 3859
[write_1000] tvsec: 3880
[write_1000] tvsec: 3771
[write_1000] tvsec: 3864
[write_1000] tvsec: 3840
[write_1000] tvsec: 3890
[write_1000] tvsec: 3898
[write_1000] tvsec: 3868
[write_1000] tvsec: 3859
[write_1000] tvsec: 3870
[write_1000] tvsec: 3850
[write_1000] tvsec: 3833
[write_1000] tvsec: 3910
[write_1000] tvsec: 3872
[write_1000] tvsec: 3889
[write_1000] tvsec: 3829
[write_1000] tvsec: 3839
[write_1000] tvsec: 3845
[write_1000] tvsec: 3856
[write_1000] tvsec: 3887
[write_1000] tvsec: 3857
[write_1000] tvsec: 3866
[write_1000] tvsec: 3885
[write_1000] tvsec: 3875
[write_1000] tvsec: 3835
[write_1000] tvsec: 3843
[write_1000] tvsec: 3919
[write_1000] tvsec: 3812
[write_1000] tvsec: 3885
[write_1000] tvsec: 3863
[write_1000] tvsec: 3812
[write_1000] tvsec: 3833
[write_1000] tvsec: 3818
[write_1000] tvsec: 3795
[write_1000] tvsec: 3891
[write_1000] tvsec: 3872
[write_1000] tvsec: 3820
[write_1000] tvsec: 3875
[write_1000] tvsec: 3857
[write_1000] tvsec: 3817
[write_1000] tvsec: 3851
[write_1000] tvsec: 3906
[write_1000] tvsec: 3868
[write_1000] tvsec: 3726
[write_1000] tvsec: 3906
[write_1000] tvsec: 3864
[write_1000] tvsec: 3880
[write_1000] tvsec: 3868
[write_1000] tvsec: 3824
[write_1000] tvsec: 3855
[write_1000] tvsec: 3819
[write_1000] tvsec: 3880
[write_1000] tvsec: 3838
[write_1000] tvsec: 3866
[write_1000] tvsec: 3859
[write_1000] tvsec: 3845
[write_1000] tvsec: 3860
[write_1000] tvsec: 3901
[write_1000] tvsec: 3822
[write_1000] tvsec: 3856
[write_1000] tvsec: 3849
[write_100000] tvsec: 10965571
[write_100000] tvsec: 11096551
[write_100000] tvsec: 11101429
[write_100000] tvsec: 11104938
[write_100000] tvsec: 11105170
[write_100000] tvsec: 11087276
[write_100000] tvsec: 11108452
[write_100000] tvsec: 11097942
[write_100000] tvsec: 11045846
[write_100000] tvsec: 11132467
[write_100000] tvsec: 11101183
[write_100000] tvsec: 11062497
[write_100000] tvsec: 11129870
[write_100000] tvsec: 13864268
[write_100000] tvsec: 13868585
[write_100000] tvsec: 18035273
[write_100000] tvsec: 13838101
[write_100000] tvsec: 13908546
[write_100000] tvsec: 18034911
[write_100000] tvsec: 13858462
[write_100000] tvsec: 18046182
[write_100000] tvsec: 13882011
[write_100000] tvsec: 13872409
[write_100000] tvsec: 18018764
[write_100000] tvsec: 13886203
[write_100000] tvsec: 18041805
[write_100000] tvsec: 13885143
[write_100000] tvsec: 13876044
[write_100000] tvsec: 18047655
[write_100000] tvsec: 13908382
[write_100000] tvsec: 18049314
[write_100000] tvsec: 16649127
[write_100000] tvsec: 20816087
[write_100000] tvsec: 22200033
[write_100000] tvsec: 22201371
[write_100000] tvsec: 22194319
[write_100000] tvsec: 22204885
[write_100000] tvsec: 22216949
[write_100000] tvsec: 22215297
[write_100000] tvsec: 93015740
[write_100000] tvsec: 11099390
[write_100000] tvsec: 11064526
[write_100000] tvsec: 11129157
[write_100000] tvsec: 11088933
[write_100000] tvsec: 11105013
[write_100000] tvsec: 11088464
[write_100000] tvsec: 11101537
[write_100000] tvsec: 11088920
[write_100000] tvsec: 11088810
[write_100000] tvsec: 11106212
[write_100000] tvsec: 11071462
[write_100000] tvsec: 12480651
[write_100000] tvsec: 11088375
[write_100000] tvsec: 11088967
[write_100000] tvsec: 11064392
[write_100000] tvsec: 11132590
[write_100000] tvsec: 11082118
[write_100000] tvsec: 11094927
[write_100000] tvsec: 11099474
[write_100000] tvsec: 11102836
[write_100000] tvsec: 11070773
[write_100000] tvsec: 11090840
[write_100000] tvsec: 11106080
[write_100000] tvsec: 11107823
[write_100000] tvsec: 11085957
[write_100000] tvsec: 11086621
[write_100000] tvsec: 11106495
[write_100000] tvsec: 11100832
[write_100000] tvsec: 11056935
[write_100000] tvsec: 12527505
[write_100000] tvsec: 13881707
[write_100000] tvsec: 13878716
[write_100000] tvsec: 17998127
[write_100000] tvsec: 13913870
[write_100000] tvsec: 18043964
[write_100000] tvsec: 13878901
[write_100000] tvsec: 13870619
[write_100000] tvsec: 18047637
[write_100000] tvsec: 13880717
[write_100000] tvsec: 18031559
[write_100000] tvsec: 13865269
[write_100000] tvsec: 13881737
[write_100000] tvsec: 18039730
[write_100000] tvsec: 13880481
[write_100000] tvsec: 18034977
[write_100000] tvsec: 13866645
[write_100000] tvsec: 13847799
[write_100000] tvsec: 18045271
[write_100000] tvsec: 22219422
[write_100000] tvsec: 22180043
[write_100000] tvsec: 22226909
[write_100000] tvsec: 22206484
[write_100000] tvsec: 22213943
[write_100000] tvsec: 22200509
[write_100000] tvsec: 22200018
[write_100000] tvsec: 22179110
[write_100000] tvsec: 87546389
[write_100000] tvsec: 29733718
[write_100000] tvsec: 8229430
[write_100000] tvsec: 9661079
[write_100000] tvsec: 88816
[write_100000] tvsec: 107264
[write_100000] tvsec: 87010
[write_100000] tvsec: 70548
[write_100000] tvsec: 98076
[write_100000] tvsec: 83942
[write_100000] tvsec: 56819
[write_100000] tvsec: 41261
[write_100000] tvsec: 41368
[write_100000] tvsec: 41261
[write_100000] tvsec: 41374
[write_100000] tvsec: 41307
[write_100000] tvsec: 41361
[write_100000] tvsec: 41262
[write_100000] tvsec: 41376
[write_100000] tvsec: 41313
[write_100000] tvsec: 41423
[write_100000] tvsec: 41217
[write_100000] tvsec: 41312
[write_100000] tvsec: 41331
[write_100000] tvsec: 41180
[write_100000] tvsec: 41282
[write_100000] tvsec: 41313
[write_100000] tvsec: 41307
[write_100000] tvsec: 41311
[write_100000] tvsec: 41445
[write_100000] tvsec: 41318
[write_100000] tvsec: 41353
[write_100000] tvsec: 41377
[write_100000] tvsec: 41378
[write_100000] tvsec: 41330
[write_100000] tvsec: 41431
[write_100000] tvsec: 41384
[write_100000] tvsec: 41377
[write_100000] tvsec: 41289
[write_100000] tvsec: 41585
[write_100000] tvsec: 41339
[write_100000] tvsec: 41334
[write_100000] tvsec: 41272
[write_100000] tvsec: 41428
[write_100000] tvsec: 41305
[write_100000] tvsec: 41278
[write_100000] tvsec: 41320
[write_100000] tvsec: 41442
[write_100000] tvsec: 41387
[write_100000] tvsec: 41245
[write_100000] tvsec: 41280
[write_100000] tvsec: 41261
[write_100000] tvsec: 41268
[write_100000] tvsec: 41409
[write_100000] tvsec: 41356
[write_100000] tvsec: 41284
[write_100000] tvsec: 41290
[write_100000] tvsec: 41517
[write_100000] tvsec: 41297
[write_100000] tvsec: 41280
[write_100000] tvsec: 41344
[write_100000] tvsec: 41257
[write_100000] tvsec: 41231
[write_100000] tvsec: 56036
[write_100000] tvsec: 41402
[write_100000] tvsec: 41262
[write_100000] tvsec: 41368
[write_100000] tvsec: 41257
[write_100000] tvsec: 41340
[write_100000] tvsec: 41262
[write_100000] tvsec: 41347
[write_100000] tvsec: 41265
[write_100000] tvsec: 41427
[write_100000] tvsec: 41329
[write_100000] tvsec: 41381
[write_100000] tvsec: 41388
[write_100000] tvsec: 41547
[write_100000] tvsec: 41242
[write_100000] tvsec: 41509
[write_100000] tvsec: 41262
[write_100000] tvsec: 41443
[write_100000] tvsec: 41310
[write_100000] tvsec: 41465
[write_100000] tvsec: 41314
[write_100000] tvsec: 41399
[write_100000] tvsec: 41300
[write_100000] tvsec: 41264
[write_100000] tvsec: 41242
[write_100000] tvsec: 41342
[write_100000] tvsec: 41283
[write_100000] tvsec: 41260
[write_100000] tvsec: 41461
[write_100000] tvsec: 41302
[write_100000] tvsec: 41351
[write_100000] tvsec: 41330
[write_100000] tvsec: 41342
[write_100000] tvsec: 41306
[write_100000] tvsec: 41361
[write_100000] tvsec: 41300
[write_100000] tvsec: 41424
[write_100000] tvsec: 41362
[write_100000] tvsec: 41380
[write_100000] tvsec: 41303
[write_100000] tvsec: 41512
done!
[3] tvsec: 5112875394945713 0
[5] tvsec: 5112875395135651 0
[6] tvsec: 5112876383133153 0
[4] tvsec: 5112876383710149 0
[99] tvsec: 5112881398058948 0
[7233,1088412608:17:44:21.453516] Native Client module will be loaded at base address 0x0000001100000000
NaClSelLdrMain 137
NaClSelLdrMain 143
NaClSelLdrMain 165
TODO Should be fixed
>>>> [put this address in sel_ldr.c file] syscallseg: c001a71b0
NaClSyscallSeg: c0000f14c
NaClCreateMainThread 565 argc: 1 argc * sizeof(argv len): 8
copying arg 0  0x5577ee743945 -> 0x1fffeffe8 (9)
system stack ptr : 00000001fffeffb8
  user stack ptr : 00000001fffeffb8
  user break_addr: 0000000010434058
10434058 10434058 0
NaClAppThreadMake 194
[write_10000] tvsec: 48887040
[write_10000] tvsec: 30611751
[write_10000] tvsec: 9716236
[write_10000] tvsec: 18030561
[write_10000] tvsec: 8335236
[write_10000] tvsec: 8321703
[write_10000] tvsec: 9713853
[write_10000] tvsec: 11102423
[write_10000] tvsec: 11103603
[write_10000] tvsec: 11097479
[write_10000] tvsec: 11108099
[write_10000] tvsec: 11101829
[write_10000] tvsec: 11104744
[write_10000] tvsec: 11096803
[write_10000] tvsec: 11107453
[write_10000] tvsec: 11101919
[write_10000] tvsec: 11103279
[write_10000] tvsec: 11108074
[write_10000] tvsec: 12484181
[write_10000] tvsec: 11099534
[write_10000] tvsec: 11100977
[write_10000] tvsec: 11105764
[write_10000] tvsec: 11113779
[write_10000] tvsec: 11096744
[write_10000] tvsec: 11094865
[write_10000] tvsec: 11111965
[write_10000] tvsec: 11097862
[write_10000] tvsec: 11097309
[write_10000] tvsec: 11106064
[write_10000] tvsec: 11107682
[write_10000] tvsec: 11102664
[write_10000] tvsec: 11102045
[write_10000] tvsec: 11099179
[write_10000] tvsec: 11100345
[write_10000] tvsec: 11111004
[write_10000] tvsec: 11099670
[write_10000] tvsec: 13877908
[write_10000] tvsec: 13877568
[write_10000] tvsec: 18049395
[write_10000] tvsec: 13890077
[write_10000] tvsec: 13872101
[write_10000] tvsec: 18042051
[write_10000] tvsec: 13885694
[write_10000] tvsec: 18048067
[write_10000] tvsec: 13874188
[write_10000] tvsec: 13884010
[write_10000] tvsec: 18040755
[write_10000] tvsec: 13889922
[write_10000] tvsec: 18045246
[write_10000] tvsec: 13876185
[write_10000] tvsec: 13882610
[write_10000] tvsec: 18049802
[write_10000] tvsec: 13870972
[write_10000] tvsec: 18054750
[write_10000] tvsec: 16657083
[write_10000] tvsec: 20821395
[write_10000] tvsec: 22198368
[write_10000] tvsec: 22232616
[write_10000] tvsec: 22211411
[write_10000] tvsec: 22215687
[write_10000] tvsec: 22213094
[write_10000] tvsec: 22215720
[write_10000] tvsec: 79144874
[write_10000] tvsec: 8344088
[write_10000] tvsec: 8316459
[write_10000] tvsec: 8329603
[write_10000] tvsec: 18039356
[write_10000] tvsec: 8329061
[write_10000] tvsec: 8323675
[write_10000] tvsec: 9711543
[write_10000] tvsec: 18049110
[write_10000] tvsec: 8324144
[write_10000] tvsec: 8319724
[write_10000] tvsec: 9724271
[write_10000] tvsec: 18048462
[write_10000] tvsec: 8307974
[write_10000] tvsec: 8301824
[write_10000] tvsec: 9705730
[write_10000] tvsec: 18047821
[write_10000] tvsec: 8309156
[write_10000] tvsec: 11099065
[write_10000] tvsec: 11092422
[write_10000] tvsec: 11104844
[write_10000] tvsec: 11087362
[write_10000] tvsec: 11087085
[write_10000] tvsec: 11084440
[write_10000] tvsec: 11099710
[write_10000] tvsec: 11073419
[write_10000] tvsec: 11103623
[write_10000] tvsec: 11079087
[write_10000] tvsec: 11089411
[write_10000] tvsec: 11098967
[write_10000] tvsec: 11082145
[write_10000] tvsec: 11088376
[write_10000] tvsec: 11101363
[write_10000] tvsec: 11101319
[write_10000] tvsec: 11090304
[write_10000] tvsec: 11093448
[write_10000] tvsec: 13872812
[write_10000] tvsec: 18051055
[write_10000] tvsec: 9686
[write_10000] tvsec: 7126
[write_10000] tvsec: 6816
[write_10000] tvsec: 7118
[write_10000] tvsec: 6881
[write_10000] tvsec: 6903
[write_10000] tvsec: 7012
[write_10000] tvsec: 7404
[write_10000] tvsec: 20306
[write_10000] tvsec: 7641
[write_10000] tvsec: 21864
[write_10000] tvsec: 6873
[write_10000] tvsec: 6892
[write_10000] tvsec: 6899
[write_10000] tvsec: 6873
[write_10000] tvsec: 6913
[write_10000] tvsec: 6904
[write_10000] tvsec: 6822
[write_10000] tvsec: 6867
[write_10000] tvsec: 6918
[write_10000] tvsec: 6846
[write_10000] tvsec: 6941
[write_10000] tvsec: 7008
[write_10000] tvsec: 7277
[write_10000] tvsec: 7237
[write_10000] tvsec: 7277
[write_10000] tvsec: 7272
[write_10000] tvsec: 7242
[write_10000] tvsec: 7250
[write_10000] tvsec: 7380
[write_10000] tvsec: 7467
[write_10000] tvsec: 7288
[write_10000] tvsec: 7277
[write_10000] tvsec: 7263
[write_10000] tvsec: 7354
[write_10000] tvsec: 7216
[write_10000] tvsec: 7281
[write_10000] tvsec: 7217
[write_10000] tvsec: 7350
[write_10000] tvsec: 7186
[write_10000] tvsec: 7263
[write_10000] tvsec: 7303
[write_10000] tvsec: 7242
[write_10000] tvsec: 7373
[write_10000] tvsec: 7285
[write_10000] tvsec: 7294
[write_10000] tvsec: 7296
[write_10000] tvsec: 7329
[write_10000] tvsec: 7337
[write_10000] tvsec: 7256
[write_10000] tvsec: 7549
[write_10000] tvsec: 7266
[write_10000] tvsec: 7187
[write_10000] tvsec: 7365
[write_10000] tvsec: 7334
[write_10000] tvsec: 7542
[write_10000] tvsec: 7323
[write_10000] tvsec: 7344
[write_10000] tvsec: 7194
[write_10000] tvsec: 7393
[write_10000] tvsec: 7246
[write_10000] tvsec: 7268
[write_10000] tvsec: 7313
[write_10000] tvsec: 7346
[write_10000] tvsec: 7316
[write_10000] tvsec: 7327
[write_10000] tvsec: 7509
[write_10000] tvsec: 7280
[write_10000] tvsec: 7336
[write_10000] tvsec: 7501
[write_10000] tvsec: 7308
[write_10000] tvsec: 7323
[write_10000] tvsec: 7262
[write_10000] tvsec: 7553
[write_10000] tvsec: 7234
[write_10000] tvsec: 7375
[write_10000] tvsec: 7317
[write_10000] tvsec: 7319
[write_10000] tvsec: 7231
[write_10000] tvsec: 7357
[write_10000] tvsec: 7322
[write_10000] tvsec: 7239
[write_10000] tvsec: 7334
[write_10000] tvsec: 7265
[write_10000] tvsec: 7157
[write_10000] tvsec: 7346
[write_10000] tvsec: 7324
[write_10000] tvsec: 7401
[write_10000] tvsec: 7262
[write_10000] tvsec: 7363
[write_10000] tvsec: 7234
[write_10000] tvsec: 7312
[write_10000] tvsec: 7214
[write_10000] tvsec: 7299
[write_10000] tvsec: 7270
[write_10000] tvsec: 7289
[write_10000] tvsec: 7252
[write_10000] tvsec: 7309
[write_10000] tvsec: 7117
[write_10000] tvsec: 7036
[write_1000] tvsec: 13675605
[write_1000] tvsec: 23598762
[write_1000] tvsec: 27792370
[write_1000] tvsec: 13873598
[write_1000] tvsec: 13868172
[write_1000] tvsec: 18031020
[write_1000] tvsec: 13872566
[write_1000] tvsec: 18028868
[write_1000] tvsec: 13866235
[write_1000] tvsec: 13866990
[write_1000] tvsec: 27756433
[write_1000] tvsec: 13867021
[write_1000] tvsec: 13867212
[write_1000] tvsec: 27757265
[write_1000] tvsec: 13847884
[write_1000] tvsec: 13867737
[write_1000] tvsec: 20813356
[write_1000] tvsec: 22216298
[write_1000] tvsec: 22214258
[write_1000] tvsec: 22195147
[write_1000] tvsec: 22205693
[write_1000] tvsec: 22212114
[write_1000] tvsec: 22196959
[write_1000] tvsec: 22197858
[write_1000] tvsec: 79154134
[write_1000] tvsec: 8335462
[write_1000] tvsec: 8309185
[write_1000] tvsec: 8322688
[write_1000] tvsec: 18041932
[write_1000] tvsec: 8305568
[write_1000] tvsec: 8311110
[write_1000] tvsec: 9697024
[write_1000] tvsec: 6946393
[write_1000] tvsec: 8301600
[write_1000] tvsec: 8311735
[write_1000] tvsec: 9706973
[write_1000] tvsec: 6920622
[write_1000] tvsec: 8307836
[write_1000] tvsec: 8318473
[write_1000] tvsec: 9700046
[write_1000] tvsec: 6937715
[write_1000] tvsec: 8316269
[write_1000] tvsec: 11101817
[write_1000] tvsec: 11098693
[write_1000] tvsec: 11104762
[write_1000] tvsec: 11102329
[write_1000] tvsec: 11103673
[write_1000] tvsec: 11107945
[write_1000] tvsec: 11097970
[write_1000] tvsec: 11097900
[write_1000] tvsec: 11100301
[write_1000] tvsec: 11085808
[write_1000] tvsec: 11127231
[write_1000] tvsec: 11057471
[write_1000] tvsec: 11088911
[write_1000] tvsec: 11089133
[write_1000] tvsec: 11090986
[write_1000] tvsec: 11089078
[write_1000] tvsec: 11107252
[write_1000] tvsec: 11084750
[write_1000] tvsec: 12474654
[write_1000] tvsec: 13872009
[write_1000] tvsec: 18031394
[write_1000] tvsec: 13870463
[write_1000] tvsec: 18021882
[write_1000] tvsec: 13894836
[write_1000] tvsec: 13865933
[write_1000] tvsec: 18035367
[write_1000] tvsec: 13863901
[write_1000] tvsec: 18048604
[write_1000] tvsec: 13864801
[write_1000] tvsec: 13875343
[write_1000] tvsec: 18029257
[write_1000] tvsec: 13865518
[write_1000] tvsec: 18031842
[write_1000] tvsec: 13868008
[write_1000] tvsec: 13866593
[write_1000] tvsec: 18034621
[write_1000] tvsec: 13866350
[write_1000] tvsec: 22210033
[write_1000] tvsec: 22197960
[write_1000] tvsec: 30544635
[write_1000] tvsec: 22213449
[write_1000] tvsec: 22218195
[write_1000] tvsec: 22205045
[write_1000] tvsec: 22208538
[write_1000] tvsec: 22196200
[write_1000] tvsec: 84520909
[write_1000] tvsec: 29898760
[write_1000] tvsec: 7083141
[write_1000] tvsec: 6823260
[write_1000] tvsec: 6825948
[write_1000] tvsec: 8507777
[write_1000] tvsec: 17933493
[write_1000] tvsec: 6828246
[write_1000] tvsec: 8512266
[write_1000] tvsec: 17928373
[write_1000] tvsec: 6829526
[write_1000] tvsec: 8502806
[write_1000] tvsec: 17941997
[write_1000] tvsec: 6062
[write_1000] tvsec: 3542
[write_1000] tvsec: 3645
[write_1000] tvsec: 3486
[write_1000] tvsec: 3547
[write_1000] tvsec: 3644
[write_1000] tvsec: 3575
[write_1000] tvsec: 3579
[write_1000] tvsec: 3629
[write_1000] tvsec: 3715
[write_1000] tvsec: 3627
[write_1000] tvsec: 3635
[write_1000] tvsec: 3633
[write_1000] tvsec: 3628
[write_1000] tvsec: 3593
[write_1000] tvsec: 3521
[write_1000] tvsec: 3572
[write_1000] tvsec: 3609
[write_1000] tvsec: 3633
[write_1000] tvsec: 3674
[write_1000] tvsec: 3616
[write_1000] tvsec: 3587
[write_1000] tvsec: 3624
[write_1000] tvsec: 3581
[write_1000] tvsec: 3548
[write_1000] tvsec: 3648
[write_1000] tvsec: 3576
[write_1000] tvsec: 3605
[write_1000] tvsec: 3596
[write_1000] tvsec: 3655
[write_1000] tvsec: 3628
[write_1000] tvsec: 3594
[write_1000] tvsec: 3597
[write_1000] tvsec: 3622
[write_1000] tvsec: 3638
[write_1000] tvsec: 3619
[write_1000] tvsec: 3654
[write_1000] tvsec: 3523
[write_1000] tvsec: 3858
[write_1000] tvsec: 4246
[write_1000] tvsec: 3833
[write_1000] tvsec: 3884
[write_1000] tvsec: 3860
[write_1000] tvsec: 3891
[write_1000] tvsec: 3898
[write_1000] tvsec: 4051
[write_1000] tvsec: 3893
[write_1000] tvsec: 3821
[write_1000] tvsec: 4013
[write_1000] tvsec: 4040
[write_1000] tvsec: 3872
[write_1000] tvsec: 3772
[write_1000] tvsec: 3846
[write_1000] tvsec: 3940
[write_1000] tvsec: 3986
[write_1000] tvsec: 3774
[write_1000] tvsec: 3806
[write_1000] tvsec: 3776
[write_1000] tvsec: 3840
[write_1000] tvsec: 3807
[write_1000] tvsec: 3807
[write_1000] tvsec: 3856
[write_1000] tvsec: 3894
[write_1000] tvsec: 3782
[write_1000] tvsec: 3771
[write_1000] tvsec: 3840
[write_1000] tvsec: 3949
[write_1000] tvsec: 3849
[write_1000] tvsec: 3914
[write_1000] tvsec: 3819
[write_1000] tvsec: 3873
[write_1000] tvsec: 3835
[write_1000] tvsec: 3838
[write_1000] tvsec: 3774
[write_1000] tvsec: 3814
[write_1000] tvsec: 3945
[write_1000] tvsec: 3885
[write_1000] tvsec: 3755
[write_1000] tvsec: 3920
[write_1000] tvsec: 3799
[write_1000] tvsec: 3877
[write_1000] tvsec: 4009
[write_1000] tvsec: 3838
[write_1000] tvsec: 3936
[write_1000] tvsec: 3900
[write_1000] tvsec: 3720
[write_1000] tvsec: 3846
[write_1000] tvsec: 3781
[write_1000] tvsec: 3893
[write_1000] tvsec: 3966
[write_1000] tvsec: 3873
[write_1000] tvsec: 3823
[write_1000] tvsec: 3748
[write_1000] tvsec: 3786
[write_1000] tvsec: 3872
[write_1000] tvsec: 3915
[write_1000] tvsec: 3900
[write_1000] tvsec: 3912
[write_1000] tvsec: 3873
[write_1000] tvsec: 3920
[write_100000] tvsec: 40403242
[write_100000] tvsec: 22219694
[write_100000] tvsec: 11096989
[write_100000] tvsec: 22243943
[write_100000] tvsec: 11090766
[write_100000] tvsec: 11108047
[write_100000] tvsec: 11047755
[write_100000] tvsec: 11138833
[write_100000] tvsec: 11090905
[write_100000] tvsec: 11102181
[write_100000] tvsec: 11063594
[write_100000] tvsec: 11088197
[write_100000] tvsec: 11103022
[write_100000] tvsec: 11089954
[write_100000] tvsec: 11103320
[write_100000] tvsec: 11131195
[write_100000] tvsec: 11092184
[write_100000] tvsec: 12512429
[write_100000] tvsec: 13915522
[write_100000] tvsec: 13968179
[write_100000] tvsec: 16525945
[write_100000] tvsec: 13952547
[write_100000] tvsec: 13909569
[write_100000] tvsec: 16506100
[write_100000] tvsec: 13947831
[write_100000] tvsec: 13925454
[write_100000] tvsec: 16504740
[write_100000] tvsec: 13950867
[write_100000] tvsec: 13937101
[write_100000] tvsec: 16521283
[write_100000] tvsec: 13945119
[write_100000] tvsec: 13924519
[write_100000] tvsec: 16477327
[write_100000] tvsec: 697158740
[write_100000] tvsec: 8528216
[write_100000] tvsec: 8266170
[write_100000] tvsec: 8232536
[write_100000] tvsec: 8257205
[write_100000] tvsec: 8516828
[write_100000] tvsec: 8264531
[write_100000] tvsec: 8248101
[write_100000] tvsec: 8250019
[write_100000] tvsec: 8528691
[write_100000] tvsec: 8221448
[write_100000] tvsec: 8257396
[write_100000] tvsec: 11092104
[write_100000] tvsec: 11091640
[write_100000] tvsec: 11060916
[write_100000] tvsec: 11113127
[write_100000] tvsec: 11090669
[write_100000] tvsec: 11088813
[write_100000] tvsec: 11089183
[write_100000] tvsec: 11090714
[write_100000] tvsec: 11100705
[write_100000] tvsec: 11106669
[write_100000] tvsec: 11087717
[write_100000] tvsec: 11087433
[write_100000] tvsec: 11086979
[write_100000] tvsec: 11106678
[write_100000] tvsec: 11106073
[write_100000] tvsec: 11064542
[write_100000] tvsec: 11108351
[write_100000] tvsec: 11096156
[write_100000] tvsec: 12512313
[write_100000] tvsec: 13918179
[write_100000] tvsec: 17959923
[write_100000] tvsec: 13958818
[write_100000] tvsec: 13926624
[write_100000] tvsec: 16517270
[write_100000] tvsec: 13946714
[write_100000] tvsec: 13946285
[write_100000] tvsec: 16506431
[write_100000] tvsec: 13946221
[write_100000] tvsec: 13940369
[write_100000] tvsec: 16500794
[write_100000] tvsec: 13962100
[write_100000] tvsec: 13896881
[write_100000] tvsec: 16573819
[write_100000] tvsec: 13934766
[write_100000] tvsec: 13898115
[write_100000] tvsec: 16534575
[write_100000] tvsec: 13960426
[write_100000] tvsec: 22213985
[write_100000] tvsec: 22217259
[write_100000] tvsec: 22209424
[write_100000] tvsec: 22171355
[write_100000] tvsec: 22243224
[write_100000] tvsec: 22199735
[write_100000] tvsec: 22205706
[write_100000] tvsec: 22207472
[write_100000] tvsec: 87346842
[write_100000] tvsec: 29999506
[write_100000] tvsec: 8284561
[write_100000] tvsec: 8340362
[write_100000] tvsec: 9715679
[write_100000] tvsec: 11100613
[write_100000] tvsec: 11099499
[write_100000] tvsec: 11093359
[write_100000] tvsec: 11108384
[write_100000] tvsec: 11097284
[write_100000] tvsec: 72037
[write_100000] tvsec: 98701
[write_100000] tvsec: 96857
[write_100000] tvsec: 69174
[write_100000] tvsec: 82058
[write_100000] tvsec: 80785
[write_100000] tvsec: 68581
[write_100000] tvsec: 40963
[write_100000] tvsec: 63167
[write_100000] tvsec: 41266
[write_100000] tvsec: 41063
[write_100000] tvsec: 41146
[write_100000] tvsec: 40959
[write_100000] tvsec: 41064
[write_100000] tvsec: 40990
[write_100000] tvsec: 41126
[write_100000] tvsec: 41250
[write_100000] tvsec: 41169
[write_100000] tvsec: 40987
[write_100000] tvsec: 41158
[write_100000] tvsec: 41077
[write_100000] tvsec: 41263
[write_100000] tvsec: 41039
[write_100000] tvsec: 41238
[write_100000] tvsec: 41232
[write_100000] tvsec: 40992
[write_100000] tvsec: 41201
[write_100000] tvsec: 41013
[write_100000] tvsec: 41010
[write_100000] tvsec: 40956
[write_100000] tvsec: 41172
[write_100000] tvsec: 41058
[write_100000] tvsec: 41013
[write_100000] tvsec: 40973
[write_100000] tvsec: 41189
[write_100000] tvsec: 41008
[write_100000] tvsec: 41136
[write_100000] tvsec: 41238
[write_100000] tvsec: 41107
[write_100000] tvsec: 40856
[write_100000] tvsec: 40965
[write_100000] tvsec: 41054
[write_100000] tvsec: 41197
[write_100000] tvsec: 41028
[write_100000] tvsec: 41078
[write_100000] tvsec: 41124
[write_100000] tvsec: 40858
[write_100000] tvsec: 41093
[write_100000] tvsec: 41103
[write_100000] tvsec: 41103
[write_100000] tvsec: 41007
[write_100000] tvsec: 41086
[write_100000] tvsec: 41151
[write_100000] tvsec: 40928
[write_100000] tvsec: 40931
[write_100000] tvsec: 41143
[write_100000] tvsec: 41186
[write_100000] tvsec: 41051
[write_100000] tvsec: 41319
[write_100000] tvsec: 41014
[write_100000] tvsec: 41083
[write_100000] tvsec: 40849
[write_100000] tvsec: 41098
[write_100000] tvsec: 40970
[write_100000] tvsec: 41121
[write_100000] tvsec: 40951
[write_100000] tvsec: 41037
[write_100000] tvsec: 41102
[write_100000] tvsec: 41264
[write_100000] tvsec: 41145
[write_100000] tvsec: 41145
[write_100000] tvsec: 41129
[write_100000] tvsec: 41128
[write_100000] tvsec: 41043
[write_100000] tvsec: 41182
[write_100000] tvsec: 40947
[write_100000] tvsec: 41049
[write_100000] tvsec: 40860
[write_100000] tvsec: 41029
[write_100000] tvsec: 41106
[write_100000] tvsec: 40923
[write_100000] tvsec: 41193
[write_100000] tvsec: 41069
[write_100000] tvsec: 40967
[write_100000] tvsec: 40837
[write_100000] tvsec: 40876
[write_100000] tvsec: 40831
[write_100000] tvsec: 40897
[write_100000] tvsec: 41213
[write_100000] tvsec: 40966
[write_100000] tvsec: 41147
[write_100000] tvsec: 63550
[write_100000] tvsec: 41142
[write_100000] tvsec: 41100
[write_100000] tvsec: 41175
[write_100000] tvsec: 41035
[write_100000] tvsec: 40986
[write_100000] tvsec: 40968
[write_100000] tvsec: 40945
[write_100000] tvsec: 41051
done!
[3] tvsec: 5112884490440797 0
[5] tvsec: 5112884490669635 0
[6] tvsec: 5112885462653721 0
[4] tvsec: 5112885463287299 0
[99] tvsec: 5112891236481066 0
[7240,2787052480:17:44:31.320285] Native Client module will be loaded at base address 0x0000001100000000
NaClSelLdrMain 137
NaClSelLdrMain 143
NaClSelLdrMain 165
TODO Should be fixed
>>>> [put this address in sel_ldr.c file] syscallseg: c001a71b0
NaClSyscallSeg: c0000f14c
NaClCreateMainThread 565 argc: 1 argc * sizeof(argv len): 8
copying arg 0  0x563e8d7f2945 -> 0x1fffeffe8 (9)
system stack ptr : 00000001fffeffb8
  user stack ptr : 00000001fffeffb8
  user break_addr: 0000000010434058
10434058 10434058 0
NaClAppThreadMake 194
[write_10000] tvsec: 43753572
[write_10000] tvsec: 29157011
[write_10000] tvsec: 7094087
[write_10000] tvsec: 8264039
[write_10000] tvsec: 6866223
[write_10000] tvsec: 7102990
[write_10000] tvsec: 8227342
[write_10000] tvsec: 6863969
[write_10000] tvsec: 7063398
[write_10000] tvsec: 17983609
[write_10000] tvsec: 6790597
[write_10000] tvsec: 8571952
[write_10000] tvsec: 8229823
[write_10000] tvsec: 6845994
[write_10000] tvsec: 7067960
[write_10000] tvsec: 6867517
[write_10000] tvsec: 6807899
[write_10000] tvsec: 8552032
[write_10000] tvsec: 9664914
[write_10000] tvsec: 9706055
[write_10000] tvsec: 9640781
[write_10000] tvsec: 9703575
[write_10000] tvsec: 9662986
[write_10000] tvsec: 11133033
[write_10000] tvsec: 11072353
[write_10000] tvsec: 11136469
[write_10000] tvsec: 11069019
[write_10000] tvsec: 11101866
[write_10000] tvsec: 11138174
[write_10000] tvsec: 11068694
[write_10000] tvsec: 11133428
[write_10000] tvsec: 11068481
[write_10000] tvsec: 11137197
[write_10000] tvsec: 11086408
[write_10000] tvsec: 11129178
[write_10000] tvsec: 11079683
[write_10000] tvsec: 12505625
[write_10000] tvsec: 12541709
[write_10000] tvsec: 12553020
[write_10000] tvsec: 12520303
[write_10000] tvsec: 23622829
[write_10000] tvsec: 16516056
[write_10000] tvsec: 12540912
[write_10000] tvsec: 12534610
[write_10000] tvsec: 12523499
[write_10000] tvsec: 23628248
[write_10000] tvsec: 16512988
[write_10000] tvsec: 12527644
[write_10000] tvsec: 12543322
[write_10000] tvsec: 12516113
[write_10000] tvsec: 23630363
[write_10000] tvsec: 16519330
[write_10000] tvsec: 12528621
[write_10000] tvsec: 12531318
[write_10000] tvsec: 20787379
[write_10000] tvsec: 15369802
[write_10000] tvsec: 19370068
[write_10000] tvsec: 20790939
[write_10000] tvsec: 15364593
[write_10000] tvsec: 19382135
[write_10000] tvsec: 20777365
[write_10000] tvsec: 15370596
[write_10000] tvsec: 73479753
[write_10000] tvsec: 6856128
[write_10000] tvsec: 8513310
[write_10000] tvsec: 6829271
[write_10000] tvsec: 6837410
[write_10000] tvsec: 8491549
[write_10000] tvsec: 6870950
[write_10000] tvsec: 6834348
[write_10000] tvsec: 8519194
[write_10000] tvsec: 6840573
[write_10000] tvsec: 6838734
[write_10000] tvsec: 8505050
[write_10000] tvsec: 6836786
[write_10000] tvsec: 6836632
[write_10000] tvsec: 8521569
[write_10000] tvsec: 6838305
[write_10000] tvsec: 6833535
[write_10000] tvsec: 8529579
[write_10000] tvsec: 9689851
[write_10000] tvsec: 9671209
[write_10000] tvsec: 9681236
[write_10000] tvsec: 9671899
[write_10000] tvsec: 9688399
[write_10000] tvsec: 11102571
[write_10000] tvsec: 11113378
[write_10000] tvsec: 11092478
[write_10000] tvsec: 11105650
[write_10000] tvsec: 11069576
[write_10000] tvsec: 11137851
[write_10000] tvsec: 11103078
[write_10000] tvsec: 11101295
[write_10000] tvsec: 11102010
[write_10000] tvsec: 11116912
[write_10000] tvsec: 11105306
[write_10000] tvsec: 11098296
[write_10000] tvsec: 11106908
[write_10000] tvsec: 12511251
[write_10000] tvsec: 12530088
[write_10000] tvsec: 24868
[write_10000] tvsec: 19995
[write_10000] tvsec: 7104
[write_10000] tvsec: 7714
[write_10000] tvsec: 21003
[write_10000] tvsec: 20151
[write_10000] tvsec: 22583
[write_10000] tvsec: 22474
[write_10000] tvsec: 7059
[write_10000] tvsec: 8899
[write_10000] tvsec: 7699
[write_10000] tvsec: 7482
[write_10000] tvsec: 7363
[write_10000] tvsec: 7434
[write_10000] tvsec: 7303
[write_10000] tvsec: 7335
[write_10000] tvsec: 7295
[write_10000] tvsec: 7620
[write_10000] tvsec: 7435
[write_10000] tvsec: 7654
[write_10000] tvsec: 7347
[write_10000] tvsec: 7386
[write_10000] tvsec: 22803
[write_10000] tvsec: 7186
[write_10000] tvsec: 20385
[write_10000] tvsec: 7130
[write_10000] tvsec: 7208
[write_10000] tvsec: 7438
[write_10000] tvsec: 6960
[write_10000] tvsec: 7583
[write_10000] tvsec: 22495
[write_10000] tvsec: 7189
[write_10000] tvsec: 7170
[write_10000] tvsec: 7166
[write_10000] tvsec: 7169
[write_10000] tvsec: 7238
[write_10000] tvsec: 7196
[write_10000] tvsec: 7154
[write_10000] tvsec: 7199
[write_10000] tvsec: 7246
[write_10000] tvsec: 7158
[write_10000] tvsec: 7128
[write_10000] tvsec: 7138
[write_10000] tvsec: 7132
[write_10000] tvsec: 7176
[write_10000] tvsec: 7173
[write_10000] tvsec: 7097
[write_10000] tvsec: 7231
[write_10000] tvsec: 7200
[write_10000] tvsec: 7140
[write_10000] tvsec: 7143
[write_10000] tvsec: 7174
[write_10000] tvsec: 7181
[write_10000] tvsec: 7170
[write_10000] tvsec: 7192
[write_10000] tvsec: 7140
[write_10000] tvsec: 7130
[write_10000] tvsec: 7176
[write_10000] tvsec: 7132
[write_10000] tvsec: 7167
[write_10000] tvsec: 7185
[write_10000] tvsec: 7171
[write_10000] tvsec: 7157
[write_10000] tvsec: 7199
[write_10000] tvsec: 7185
[write_10000] tvsec: 7162
[write_10000] tvsec: 7131
[write_10000] tvsec: 7194
[write_10000] tvsec: 7179
[write_10000] tvsec: 7205
[write_10000] tvsec: 7164
[write_10000] tvsec: 7170
[write_10000] tvsec: 7142
[write_10000] tvsec: 7187
[write_10000] tvsec: 7251
[write_10000] tvsec: 7172
[write_10000] tvsec: 7127
[write_10000] tvsec: 7227
[write_10000] tvsec: 7114
[write_10000] tvsec: 7191
[write_10000] tvsec: 7200
[write_10000] tvsec: 7162
[write_10000] tvsec: 7123
[write_10000] tvsec: 7130
[write_10000] tvsec: 7222
[write_10000] tvsec: 7187
[write_10000] tvsec: 7155
[write_10000] tvsec: 7236
[write_10000] tvsec: 7157
[write_10000] tvsec: 7176
[write_10000] tvsec: 7171
[write_10000] tvsec: 7230
[write_10000] tvsec: 7205
[write_10000] tvsec: 7131
[write_10000] tvsec: 7221
[write_10000] tvsec: 7202
[write_10000] tvsec: 7283
[write_10000] tvsec: 7174
[write_10000] tvsec: 7075
[write_10000] tvsec: 7021
[write_1000] tvsec: 13621720
[write_1000] tvsec: 16521266
[write_1000] tvsec: 12530073
[write_1000] tvsec: 12532748
[write_1000] tvsec: 12530644
[write_1000] tvsec: 12512149
[write_1000] tvsec: 16518363
[write_1000] tvsec: 12538017
[write_1000] tvsec: 12529422
[write_1000] tvsec: 12540846
[write_1000] tvsec: 12499269
[write_1000] tvsec: 16521998
[write_1000] tvsec: 12532891
[write_1000] tvsec: 12529007
[write_1000] tvsec: 12540098
[write_1000] tvsec: 12506479
[write_1000] tvsec: 19384104
[write_1000] tvsec: 20793472
[write_1000] tvsec: 15365545
[write_1000] tvsec: 19373809
[write_1000] tvsec: 20786099
[write_1000] tvsec: 15372894
[write_1000] tvsec: 19369895
[write_1000] tvsec: 20786636
[write_1000] tvsec: 73493095
[write_1000] tvsec: 8536975
[write_1000] tvsec: 6838131
[write_1000] tvsec: 6841104
[write_1000] tvsec: 8522644
[write_1000] tvsec: 6826169
[write_1000] tvsec: 6834530
[write_1000] tvsec: 8522488
[write_1000] tvsec: 6838201
[write_1000] tvsec: 6842177
[write_1000] tvsec: 8524799
[write_1000] tvsec: 6842309
[write_1000] tvsec: 6811828
[write_1000] tvsec: 8544505
[write_1000] tvsec: 6840242
[write_1000] tvsec: 6841363
[write_1000] tvsec: 8520349
[write_1000] tvsec: 6838222
[write_1000] tvsec: 9673512
[write_1000] tvsec: 9696486
[write_1000] tvsec: 11115797
[write_1000] tvsec: 11092215
[write_1000] tvsec: 11106616
[write_1000] tvsec: 11104589
[write_1000] tvsec: 11102187
[write_1000] tvsec: 11103760
[write_1000] tvsec: 11108142
[write_1000] tvsec: 11103988
[write_1000] tvsec: 11102231
[write_1000] tvsec: 11074751
[write_1000] tvsec: 11136458
[write_1000] tvsec: 11101854
[write_1000] tvsec: 11101566
[write_1000] tvsec: 11107094
[write_1000] tvsec: 11072213
[write_1000] tvsec: 11137016
[write_1000] tvsec: 12512771
[write_1000] tvsec: 12530317
[write_1000] tvsec: 12539401
[write_1000] tvsec: 12532078
[write_1000] tvsec: 12509107
[write_1000] tvsec: 16523193
[write_1000] tvsec: 12533817
[write_1000] tvsec: 12529918
[write_1000] tvsec: 12532608
[write_1000] tvsec: 12516456
[write_1000] tvsec: 16517986
[write_1000] tvsec: 12537121
[write_1000] tvsec: 12529438
[write_1000] tvsec: 12533602
[write_1000] tvsec: 12515892
[write_1000] tvsec: 16515739
[write_1000] tvsec: 12534673
[write_1000] tvsec: 12534242
[write_1000] tvsec: 12529941
[write_1000] tvsec: 20788035
[write_1000] tvsec: 20787160
[write_1000] tvsec: 15373159
[write_1000] tvsec: 19403184
[write_1000] tvsec: 20758855
[write_1000] tvsec: 15369578
[write_1000] tvsec: 19370994
[write_1000] tvsec: 20788667
[write_1000] tvsec: 95651409
[write_1000] tvsec: 30098437
[write_1000] tvsec: 8318882
[write_1000] tvsec: 6938798
[write_1000] tvsec: 6938834
[write_1000] tvsec: 8324407
[write_1000] tvsec: 6938154
[write_1000] tvsec: 6938199
[write_1000] tvsec: 8326136
[write_1000] tvsec: 6931054
[write_1000] tvsec: 6943482
[write_1000] tvsec: 8321920
[write_1000] tvsec: 6937417
[write_1000] tvsec: 19872
[write_1000] tvsec: 4097
[write_1000] tvsec: 19056
[write_1000] tvsec: 3749
[write_1000] tvsec: 4138
[write_1000] tvsec: 3995
[write_1000] tvsec: 3670
[write_1000] tvsec: 3653
[write_1000] tvsec: 3731
[write_1000] tvsec: 4096
[write_1000] tvsec: 4136
[write_1000] tvsec: 4145
[write_1000] tvsec: 4272
[write_1000] tvsec: 4128
[write_1000] tvsec: 4138
[write_1000] tvsec: 4032
[write_1000] tvsec: 4254
[write_1000] tvsec: 4169
[write_1000] tvsec: 4173
[write_1000] tvsec: 4172
[write_1000] tvsec: 4117
[write_1000] tvsec: 4153
[write_1000] tvsec: 4090
[write_1000] tvsec: 4226
[write_1000] tvsec: 4134
[write_1000] tvsec: 4168
[write_1000] tvsec: 4079
[write_1000] tvsec: 4178
[write_1000] tvsec: 4143
[write_1000] tvsec: 4140
[write_1000] tvsec: 4203
[write_1000] tvsec: 4165
[write_1000] tvsec: 4155
[write_1000] tvsec: 4198
[write_1000] tvsec: 4125
[write_1000] tvsec: 4114
[write_1000] tvsec: 4154
[write_1000] tvsec: 4424
[write_1000] tvsec: 4045
[write_1000] tvsec: 4262
[write_1000] tvsec: 4244
[write_1000] tvsec: 3915
[write_1000] tvsec: 3866
[write_1000] tvsec: 4244
[write_1000] tvsec: 3917
[write_1000] tvsec: 4185
[write_1000] tvsec: 4052
[write_1000] tvsec: 4078
[write_1000] tvsec: 4120
[write_1000] tvsec: 4088
[write_1000] tvsec: 4115
[write_1000] tvsec: 4086
[write_1000] tvsec: 4029
[write_1000] tvsec: 3998
[write_1000] tvsec: 4179
[write_1000] tvsec: 4131
[write_1000] tvsec: 4047
[write_1000] tvsec: 4025
[write_1000] tvsec: 4124
[write_1000] tvsec: 3913
[write_1000] tvsec: 4010
[write_1000] tvsec: 4010
[write_1000] tvsec: 4022
[write_1000] tvsec: 3906
[write_1000] tvsec: 3870
[write_1000] tvsec: 3964
[write_1000] tvsec: 3945
[write_1000] tvsec: 3971
[write_1000] tvsec: 4157
[write_1000] tvsec: 4044
[write_1000] tvsec: 4131
[write_1000] tvsec: 3804
[write_1000] tvsec: 3974
[write_1000] tvsec: 4029
[write_1000] tvsec: 4059
[write_1000] tvsec: 3914
[write_1000] tvsec: 4127
[write_1000] tvsec: 4125
[write_1000] tvsec: 4092
[write_1000] tvsec: 4124
[write_1000] tvsec: 4036
[write_1000] tvsec: 4185
[write_1000] tvsec: 4084
[write_1000] tvsec: 4030
[write_1000] tvsec: 4128
[write_1000] tvsec: 3962
[write_1000] tvsec: 4000
[write_1000] tvsec: 3977
[write_1000] tvsec: 3975
[write_1000] tvsec: 3830
[write_1000] tvsec: 3996
[write_1000] tvsec: 3947
[write_1000] tvsec: 4029
[write_1000] tvsec: 4129
[write_1000] tvsec: 4086
[write_1000] tvsec: 4120
[write_1000] tvsec: 3981
[write_1000] tvsec: 3939
[write_1000] tvsec: 4116
[write_1000] tvsec: 4021
[write_100000] tvsec: 52991790
[write_100000] tvsec: 11095252
[write_100000] tvsec: 11109880
[write_100000] tvsec: 11127510
[write_100000] tvsec: 11086655
[write_100000] tvsec: 11093055
[write_100000] tvsec: 11090368
[write_100000] tvsec: 11064082
[write_100000] tvsec: 11127623
[write_100000] tvsec: 11087510
[write_100000] tvsec: 11093992
[write_100000] tvsec: 11087164
[write_100000] tvsec: 11102575
[write_100000] tvsec: 11062069
[write_100000] tvsec: 11116990
[write_100000] tvsec: 11089156
[write_100000] tvsec: 11092777
[write_100000] tvsec: 12476810
[write_100000] tvsec: 18002921
[write_100000] tvsec: 13912834
[write_100000] tvsec: 13874165
[write_100000] tvsec: 18028643
[write_100000] tvsec: 13867703
[write_100000] tvsec: 18034091
[write_100000] tvsec: 13863066
[write_100000] tvsec: 13842538
[write_100000] tvsec: 18077968
[write_100000] tvsec: 13864511
[write_100000] tvsec: 18048465
[write_100000] tvsec: 13866242
[write_100000] tvsec: 13886006
[write_100000] tvsec: 18014441
[write_100000] tvsec: 13874835
[write_100000] tvsec: 18026734
[write_100000] tvsec: 13876417
[write_100000] tvsec: 13871034
[write_100000] tvsec: 20810865
[write_100000] tvsec: 22175304
[write_100000] tvsec: 22241010
[write_100000] tvsec: 22176373
[write_100000] tvsec: 22246088
[write_100000] tvsec: 22211885
[write_100000] tvsec: 22198741
[write_100000] tvsec: 22200986
[write_100000] tvsec: 94043257
[write_100000] tvsec: 30127959
[write_100000] tvsec: 8263510
[write_100000] tvsec: 8510146
[write_100000] tvsec: 8260552
[write_100000] tvsec: 8225545
[write_100000] tvsec: 8255556
[write_100000] tvsec: 8513238
[write_100000] tvsec: 8261291
[write_100000] tvsec: 8205143
[write_100000] tvsec: 8282746
[write_100000] tvsec: 8504211
[write_100000] tvsec: 15128522
[write_100000] tvsec: 11032632
[write_100000] tvsec: 11114596
[write_100000] tvsec: 11098402
[write_100000] tvsec: 11085270
[write_100000] tvsec: 11060523
[write_100000] tvsec: 11128894
[write_100000] tvsec: 11111643
[write_100000] tvsec: 11087285
[write_100000] tvsec: 11058309
[write_100000] tvsec: 11131585
[write_100000] tvsec: 11087197
[write_100000] tvsec: 11090489
[write_100000] tvsec: 11091964
[write_100000] tvsec: 11089809
[write_100000] tvsec: 11083142
[write_100000] tvsec: 11092308
[write_100000] tvsec: 11061131
[write_100000] tvsec: 12524481
[write_100000] tvsec: 13951353
[write_100000] tvsec: 13928277
[write_100000] tvsec: 16501600
[write_100000] tvsec: 13963881
[write_100000] tvsec: 13926444
[write_100000] tvsec: 16516865
[write_100000] tvsec: 13965492
[write_100000] tvsec: 13920587
[write_100000] tvsec: 16510041
[write_100000] tvsec: 13957922
[write_100000] tvsec: 13938579
[write_100000] tvsec: 16505275
[write_100000] tvsec: 13962954
[write_100000] tvsec: 13928661
[write_100000] tvsec: 16515139
[write_100000] tvsec: 13916235
[write_100000] tvsec: 13934338
[write_100000] tvsec: 16531184
[write_100000] tvsec: 16803333
[write_100000] tvsec: 19357987
[write_100000] tvsec: 22198849
[write_100000] tvsec: 22201437
[write_100000] tvsec: 22217598
[write_100000] tvsec: 22208259
[write_100000] tvsec: 22203818
[write_100000] tvsec: 86289
[write_100000] tvsec: 97510
[write_100000] tvsec: 67748
[write_100000] tvsec: 68871
[write_100000] tvsec: 67976
[write_100000] tvsec: 67732
[write_100000] tvsec: 55588
[write_100000] tvsec: 40301
[write_100000] tvsec: 40262
[write_100000] tvsec: 40300
[write_100000] tvsec: 40213
[write_100000] tvsec: 40422
[write_100000] tvsec: 40197
[write_100000] tvsec: 40373
[write_100000] tvsec: 40257
[write_100000] tvsec: 40383
[write_100000] tvsec: 40330
[write_100000] tvsec: 40292
[write_100000] tvsec: 40372
[write_100000] tvsec: 40420
[write_100000] tvsec: 40327
[write_100000] tvsec: 40229
[write_100000] tvsec: 40376
[write_100000] tvsec: 40316
[write_100000] tvsec: 40385
[write_100000] tvsec: 40161
[write_100000] tvsec: 40285
[write_100000] tvsec: 40182
[write_100000] tvsec: 40342
[write_100000] tvsec: 40162
[write_100000] tvsec: 40192
[write_100000] tvsec: 40177
[write_100000] tvsec: 40295
[write_100000] tvsec: 40248
[write_100000] tvsec: 40252
[write_100000] tvsec: 40203
[write_100000] tvsec: 40415
[write_100000] tvsec: 40196
[write_100000] tvsec: 40333
[write_100000] tvsec: 40363
[write_100000] tvsec: 40274
[write_100000] tvsec: 40156
[write_100000] tvsec: 40401
[write_100000] tvsec: 40320
[write_100000] tvsec: 40285
[write_100000] tvsec: 40360
[write_100000] tvsec: 40214
[write_100000] tvsec: 40182
[write_100000] tvsec: 40187
[write_100000] tvsec: 40223
[write_100000] tvsec: 40395
[write_100000] tvsec: 40313
[write_100000] tvsec: 40410
[write_100000] tvsec: 40259
[write_100000] tvsec: 40201
[write_100000] tvsec: 40267
[write_100000] tvsec: 40325
[write_100000] tvsec: 40280
[write_100000] tvsec: 40258
[write_100000] tvsec: 40249
[write_100000] tvsec: 40309
[write_100000] tvsec: 40281
[write_100000] tvsec: 40276
[write_100000] tvsec: 40256
[write_100000] tvsec: 40242
[write_100000] tvsec: 40283
[write_100000] tvsec: 40249
[write_100000] tvsec: 40528
[write_100000] tvsec: 40179
[write_100000] tvsec: 40169
[write_100000] tvsec: 40283
[write_100000] tvsec: 54813
[write_100000] tvsec: 40452
[write_100000] tvsec: 40305
[write_100000] tvsec: 40337
[write_100000] tvsec: 40490
[write_100000] tvsec: 40490
[write_100000] tvsec: 40224
[write_100000] tvsec: 40435
[write_100000] tvsec: 40222
[write_100000] tvsec: 40336
[write_100000] tvsec: 40198
[write_100000] tvsec: 40243
[write_100000] tvsec: 40328
[write_100000] tvsec: 40327
[write_100000] tvsec: 40255
[write_100000] tvsec: 40434
[write_100000] tvsec: 40151
[write_100000] tvsec: 40333
[write_100000] tvsec: 40275
[write_100000] tvsec: 40269
[write_100000] tvsec: 40199
[write_100000] tvsec: 40337
[write_100000] tvsec: 40308
[write_100000] tvsec: 40375
[write_100000] tvsec: 40284
[write_100000] tvsec: 40450
[write_100000] tvsec: 40332
[write_100000] tvsec: 40300
[write_100000] tvsec: 40295
done!
[3] tvsec: 5112894382058668 0
[5] tvsec: 5112894382683698 0
[6] tvsec: 5112895386493392 0
[4] tvsec: 5112895386727226 0
[99] tvsec: 5112900181443328 0
[7247,827431872:17:44:40.253655] Native Client module will be loaded at base address 0x0000001100000000
NaClSelLdrMain 137
NaClSelLdrMain 143
NaClSelLdrMain 165
TODO Should be fixed
>>>> [put this address in sel_ldr.c file] syscallseg: c001a71b0
NaClSyscallSeg: c0000f14c
NaClCreateMainThread 565 argc: 1 argc * sizeof(argv len): 8
copying arg 0  0x55bb6eaf9945 -> 0x1fffeffe8 (9)
system stack ptr : 00000001fffeffb8
  user stack ptr : 00000001fffeffb8
  user break_addr: 0000000010434058
10434058 10434058 0
NaClAppThreadMake 194
[write_10000] tvsec: 45772045
[write_10000] tvsec: 30395228
[write_10000] tvsec: 8335216
[write_10000] tvsec: 9676160
[write_10000] tvsec: 6939483
[write_10000] tvsec: 8320368
[write_10000] tvsec: 8330537
[write_10000] tvsec: 9714510
[write_10000] tvsec: 18050171
[write_10000] tvsec: 8319002
[write_10000] tvsec: 8332394
[write_10000] tvsec: 9724158
[write_10000] tvsec: 17999438
[write_10000] tvsec: 8343700
[write_10000] tvsec: 8351929
[write_10000] tvsec: 9688839
[write_10000] tvsec: 18039979
[write_10000] tvsec: 18078313
[write_10000] tvsec: 11079574
[write_10000] tvsec: 11129778
[write_10000] tvsec: 11103492
[write_10000] tvsec: 11104105
[write_10000] tvsec: 11104636
[write_10000] tvsec: 11095062
[write_10000] tvsec: 11103140
[write_10000] tvsec: 11105381
[write_10000] tvsec: 11103890
[write_10000] tvsec: 11068627
[write_10000] tvsec: 11131953
[write_10000] tvsec: 11072404
[write_10000] tvsec: 11108320
[write_10000] tvsec: 11104330
[write_10000] tvsec: 11133944
[write_10000] tvsec: 11099119
[write_10000] tvsec: 11099499
[write_10000] tvsec: 11073424
[write_10000] tvsec: 13877986
[write_10000] tvsec: 13904480
[write_10000] tvsec: 18025345
[write_10000] tvsec: 13907989
[write_10000] tvsec: 18022508
[write_10000] tvsec: 13901351
[write_10000] tvsec: 13876541
[write_10000] tvsec: 18050255
[write_10000] tvsec: 13855226
[write_10000] tvsec: 18047384
[write_10000] tvsec: 13908717
[write_10000] tvsec: 13852351
[write_10000] tvsec: 18053469
[write_10000] tvsec: 13860797
[write_10000] tvsec: 18077254
[write_10000] tvsec: 13854475
[write_10000] tvsec: 13880576
[write_10000] tvsec: 18043191
[write_10000] tvsec: 22218770
[write_10000] tvsec: 22237995
[write_10000] tvsec: 22189519
[write_10000] tvsec: 22238935
[write_10000] tvsec: 22183428
[write_10000] tvsec: 22245056
[write_10000] tvsec: 22186842
[write_10000] tvsec: 22240608
[write_10000] tvsec: 70781715
[write_10000] tvsec: 18062724
[write_10000] tvsec: 8353120
[write_10000] tvsec: 9668290
[write_10000] tvsec: 18047322
[write_10000] tvsec: 8358359
[write_10000] tvsec: 8290997
[write_10000] tvsec: 9713630
[write_10000] tvsec: 6970980
[write_10000] tvsec: 8300110
[write_10000] tvsec: 8311512
[write_10000] tvsec: 9707588
[write_10000] tvsec: 6938786
[write_10000] tvsec: 18066434
[write_10000] tvsec: 8303264
[write_10000] tvsec: 6961233
[write_10000] tvsec: 8285947
[write_10000] tvsec: 8339547
[write_10000] tvsec: 11075403
[write_10000] tvsec: 11108559
[write_10000] tvsec: 11083235
[write_10000] tvsec: 11128209
[write_10000] tvsec: 11077356
[write_10000] tvsec: 11127708
[write_10000] tvsec: 11077751
[write_10000] tvsec: 11113530
[write_10000] tvsec: 11075702
[write_10000] tvsec: 11103065
[write_10000] tvsec: 11131816
[write_10000] tvsec: 11071984
[write_10000] tvsec: 11117318
[write_10000] tvsec: 11106311
[write_10000] tvsec: 11058656
[write_10000] tvsec: 11128815
[write_10000] tvsec: 11077790
[write_10000] tvsec: 11136472
[write_10000] tvsec: 13844889
[write_10000] tvsec: 13872415
[write_10000] tvsec: 9761
[write_10000] tvsec: 7524
[write_10000] tvsec: 7190
[write_10000] tvsec: 22032
[write_10000] tvsec: 7367
[write_10000] tvsec: 6968
[write_10000] tvsec: 7156
[write_10000] tvsec: 7382
[write_10000] tvsec: 20046
[write_10000] tvsec: 7905
[write_10000] tvsec: 22411
[write_10000] tvsec: 7211
[write_10000] tvsec: 19980
[write_10000] tvsec: 6982
[write_10000] tvsec: 7246
[write_10000] tvsec: 7028
[write_10000] tvsec: 6985
[write_10000] tvsec: 7192
[write_10000] tvsec: 7162
[write_10000] tvsec: 7136
[write_10000] tvsec: 7230
[write_10000] tvsec: 7224
[write_10000] tvsec: 7172
[write_10000] tvsec: 7170
[write_10000] tvsec: 7182
[write_10000] tvsec: 7120
[write_10000] tvsec: 7219
[write_10000] tvsec: 7141
[write_10000] tvsec: 20260
[write_10000] tvsec: 7040
[write_10000] tvsec: 20107
[write_10000] tvsec: 7091
[write_10000] tvsec: 20129
[write_10000] tvsec: 7061
[write_10000] tvsec: 20280
[write_10000] tvsec: 7131
[write_10000] tvsec: 6921
[write_10000] tvsec: 7373
[write_10000] tvsec: 7118
[write_10000] tvsec: 7090
[write_10000] tvsec: 7168
[write_10000] tvsec: 7081
[write_10000] tvsec: 7133
[write_10000] tvsec: 7123
[write_10000] tvsec: 7121
[write_10000] tvsec: 7175
[write_10000] tvsec: 7089
[write_10000] tvsec: 7090
[write_10000] tvsec: 7110
[write_10000] tvsec: 7112
[write_10000] tvsec: 7102
[write_10000] tvsec: 7051
[write_10000] tvsec: 7184
[write_10000] tvsec: 7094
[write_10000] tvsec: 7140
[write_10000] tvsec: 7107
[write_10000] tvsec: 7105
[write_10000] tvsec: 7073
[write_10000] tvsec: 7116
[write_10000] tvsec: 7257
[write_10000] tvsec: 7452
[write_10000] tvsec: 7425
[write_10000] tvsec: 7414
[write_10000] tvsec: 7404
[write_10000] tvsec: 7439
[write_10000] tvsec: 7357
[write_10000] tvsec: 7455
[write_10000] tvsec: 7350
[write_10000] tvsec: 7340
[write_10000] tvsec: 7417
[write_10000] tvsec: 7438
[write_10000] tvsec: 7342
[write_10000] tvsec: 7407
[write_10000] tvsec: 7409
[write_10000] tvsec: 7428
[write_10000] tvsec: 7351
[write_10000] tvsec: 7448
[write_10000] tvsec: 7340
[write_10000] tvsec: 7460
[write_10000] tvsec: 7395
[write_10000] tvsec: 7389
[write_10000] tvsec: 7254
[write_10000] tvsec: 7405
[write_10000] tvsec: 7345
[write_10000] tvsec: 7393
[write_10000] tvsec: 7432
[write_10000] tvsec: 7392
[write_10000] tvsec: 7305
[write_10000] tvsec: 7450
[write_10000] tvsec: 7427
[write_10000] tvsec: 7382
[write_10000] tvsec: 7351
[write_10000] tvsec: 7362
[write_10000] tvsec: 7424
[write_10000] tvsec: 7330
[write_10000] tvsec: 7360
[write_10000] tvsec: 20753
[write_10000] tvsec: 7261
[write_10000] tvsec: 6900
[write_10000] tvsec: 7108
[write_1000] tvsec: 17625064
[write_1000] tvsec: 23602055
[write_1000] tvsec: 12493348
[write_1000] tvsec: 12529011
[write_1000] tvsec: 16649225
[write_1000] tvsec: 13894786
[write_1000] tvsec: 23597912
[write_1000] tvsec: 12499343
[write_1000] tvsec: 16657582
[write_1000] tvsec: 23601260
[write_1000] tvsec: 23611498
[write_1000] tvsec: 23605388
[write_1000] tvsec: 23604577
[write_1000] tvsec: 16656922
[write_1000] tvsec: 13883048
[write_1000] tvsec: 23608109
[write_1000] tvsec: 30547655
[write_1000] tvsec: 22207274
[write_1000] tvsec: 22224932
[write_1000] tvsec: 26381727
[write_1000] tvsec: 20822470
[write_1000] tvsec: 19437256
[write_1000] tvsec: 22209412
[write_1000] tvsec: 26380969
[write_1000] tvsec: 80518424
[write_1000] tvsec: 6941124
[write_1000] tvsec: 18046668
[write_1000] tvsec: 19439529
[write_1000] tvsec: 6937002
[write_1000] tvsec: 6938178
[write_1000] tvsec: 19423847
[write_1000] tvsec: 6947407
[write_1000] tvsec: 6926079
[write_1000] tvsec: 8291508
[write_1000] tvsec: 6928026
[write_1000] tvsec: 6955763
[write_1000] tvsec: 8326692
[write_1000] tvsec: 6947709
[write_1000] tvsec: 6938170
[write_1000] tvsec: 19433902
[write_1000] tvsec: 6940615
[write_1000] tvsec: 6938741
[write_1000] tvsec: 20821645
[write_1000] tvsec: 11110137
[write_1000] tvsec: 11099516
[write_1000] tvsec: 11102671
[write_1000] tvsec: 11109991
[write_1000] tvsec: 11099230
[write_1000] tvsec: 11110149
[write_1000] tvsec: 11105375
[write_1000] tvsec: 11103841
[write_1000] tvsec: 11108685
[write_1000] tvsec: 11101902
[write_1000] tvsec: 11098850
[write_1000] tvsec: 11093430
[write_1000] tvsec: 11100664
[write_1000] tvsec: 11107064
[write_1000] tvsec: 11101660
[write_1000] tvsec: 11109671
[write_1000] tvsec: 11102256
[write_1000] tvsec: 12493771
[write_1000] tvsec: 23601153
[write_1000] tvsec: 23606582
[write_1000] tvsec: 23609686
[write_1000] tvsec: 12494788
[write_1000] tvsec: 16656281
[write_1000] tvsec: 13881767
[write_1000] tvsec: 23605778
[write_1000] tvsec: 23602589
[write_1000] tvsec: 16660267
[write_1000] tvsec: 13880723
[write_1000] tvsec: 12481592
[write_1000] tvsec: 12525386
[write_1000] tvsec: 27750933
[write_1000] tvsec: 23603915
[write_1000] tvsec: 13877069
[write_1000] tvsec: 12477928
[write_1000] tvsec: 27778322
[write_1000] tvsec: 13859683
[write_1000] tvsec: 20816271
[write_1000] tvsec: 22209991
[write_1000] tvsec: 22198123
[write_1000] tvsec: 22204551
[write_1000] tvsec: 22214471
[write_1000] tvsec: 22217470
[write_1000] tvsec: 22196067
[write_1000] tvsec: 22204079
[write_1000] tvsec: 77122749
[write_1000] tvsec: 29031132
[write_1000] tvsec: 6835120
[write_1000] tvsec: 8510534
[write_1000] tvsec: 6824743
[write_1000] tvsec: 6822697
[write_1000] tvsec: 8514595
[write_1000] tvsec: 6819863
[write_1000] tvsec: 6836838
[write_1000] tvsec: 8514425
[write_1000] tvsec: 6826610
[write_1000] tvsec: 6812699
[write_1000] tvsec: 8515701
[write_1000] tvsec: 6026
[write_1000] tvsec: 3842
[write_1000] tvsec: 3782
[write_1000] tvsec: 3834
[write_1000] tvsec: 3798
[write_1000] tvsec: 3923
[write_1000] tvsec: 4000
[write_1000] tvsec: 3747
[write_1000] tvsec: 3813
[write_1000] tvsec: 3798
[write_1000] tvsec: 3805
[write_1000] tvsec: 3790
[write_1000] tvsec: 3837
[write_1000] tvsec: 19110
[write_1000] tvsec: 3791
[write_1000] tvsec: 3730
[write_1000] tvsec: 3672
[write_1000] tvsec: 3714
[write_1000] tvsec: 3808
[write_1000] tvsec: 3794
[write_1000] tvsec: 3711
[write_1000] tvsec: 3586
[write_1000] tvsec: 3700
[write_1000] tvsec: 3718
[write_1000] tvsec: 3602
[write_1000] tvsec: 3639
[write_1000] tvsec: 18695
[write_1000] tvsec: 16477
[write_1000] tvsec: 3752
[write_1000] tvsec: 3618
[write_1000] tvsec: 3715
[write_1000] tvsec: 3636
[write_1000] tvsec: 3882
[write_1000] tvsec: 17112
[write_1000] tvsec: 3804
[write_1000] tvsec: 3810
[write_1000] tvsec: 3915
[write_1000] tvsec: 3884
[write_1000] tvsec: 3818
[write_1000] tvsec: 3878
[write_1000] tvsec: 3755
[write_1000] tvsec: 3858
[write_1000] tvsec: 3988
[write_1000] tvsec: 3906
[write_1000] tvsec: 3917
[write_1000] tvsec: 4054
[write_1000] tvsec: 3931
[write_1000] tvsec: 3954
[write_1000] tvsec: 3985
[write_1000] tvsec: 3954
[write_1000] tvsec: 3908
[write_1000] tvsec: 3951
[write_1000] tvsec: 3904
[write_1000] tvsec: 3954
[write_1000] tvsec: 3888
[write_1000] tvsec: 3931
[write_1000] tvsec: 3798
[write_1000] tvsec: 3980
[write_1000] tvsec: 3875
[write_1000] tvsec: 3913
[write_1000] tvsec: 3965
[write_1000] tvsec: 3905
[write_1000] tvsec: 3917
[write_1000] tvsec: 4040
[write_1000] tvsec: 3950
[write_1000] tvsec: 3973
[write_1000] tvsec: 3837
[write_1000] tvsec: 3912
[write_1000] tvsec: 3884
[write_1000] tvsec: 3956
[write_1000] tvsec: 3999
[write_1000] tvsec: 3888
[write_1000] tvsec: 3865
[write_1000] tvsec: 3921
[write_1000] tvsec: 3974
[write_1000] tvsec: 3969
[write_1000] tvsec: 3914
[write_1000] tvsec: 3944
[write_1000] tvsec: 3880
[write_1000] tvsec: 17274
[write_1000] tvsec: 3784
[write_1000] tvsec: 3862
[write_1000] tvsec: 3775
[write_1000] tvsec: 3838
[write_1000] tvsec: 3929
[write_1000] tvsec: 3800
[write_1000] tvsec: 3721
[write_1000] tvsec: 16778
[write_1000] tvsec: 19625
[write_1000] tvsec: 3727
[write_1000] tvsec: 3771
[write_1000] tvsec: 16941
[write_1000] tvsec: 18972
[write_1000] tvsec: 3707
[write_1000] tvsec: 16644
[write_1000] tvsec: 19474
[write_1000] tvsec: 3711
[write_1000] tvsec: 3767
[write_1000] tvsec: 3756
[write_1000] tvsec: 3745
[write_100000] tvsec: 35801248
[write_100000] tvsec: 22245781
[write_100000] tvsec: 11104497
[write_100000] tvsec: 22213602
[write_100000] tvsec: 22214772
[write_100000] tvsec: 22217795
[write_100000] tvsec: 22212375
[write_100000] tvsec: 22214823
[write_100000] tvsec: 22215514
[write_100000] tvsec: 22213143
[write_100000] tvsec: 22221179
[write_100000] tvsec: 11104229
[write_100000] tvsec: 11105151
[write_100000] tvsec: 11104325
[write_100000] tvsec: 11109202
[write_100000] tvsec: 11101271
[write_100000] tvsec: 11108212
[write_100000] tvsec: 12506200
[write_100000] tvsec: 13959773
[write_100000] tvsec: 13937706
[write_100000] tvsec: 16522269
[write_100000] tvsec: 13958461
[write_100000] tvsec: 13942855
[write_100000] tvsec: 16522722
[write_100000] tvsec: 13960523
[write_100000] tvsec: 13942082
[write_100000] tvsec: 16527689
[write_100000] tvsec: 13954784
[write_100000] tvsec: 13932002
[write_100000] tvsec: 16520935
[write_100000] tvsec: 13960988
[write_100000] tvsec: 13941080
[write_100000] tvsec: 16519884
[write_100000] tvsec: 13959817
[write_100000] tvsec: 13942784
[write_100000] tvsec: 16519333
[write_100000] tvsec: 16785588
[write_100000] tvsec: 19379553
[write_100000] tvsec: 22199579
[write_100000] tvsec: 22207599
[write_100000] tvsec: 22212967
[write_100000] tvsec: 22213088
[write_100000] tvsec: 22217611
[write_100000] tvsec: 22215905
[write_100000] tvsec: 97125229
[write_100000] tvsec: 29954882
[write_100000] tvsec: 8309163
[write_100000] tvsec: 8324683
[write_100000] tvsec: 11108558
[write_100000] tvsec: 11101685
[write_100000] tvsec: 11103688
[write_100000] tvsec: 11104617
[write_100000] tvsec: 11101380
[write_100000] tvsec: 11092660
[write_100000] tvsec: 11104659
[write_100000] tvsec: 11090613
[write_100000] tvsec: 12476886
[write_100000] tvsec: 11104039
[write_100000] tvsec: 11094282
[write_100000] tvsec: 11096290
[write_100000] tvsec: 11103703
[write_100000] tvsec: 11108352
[write_100000] tvsec: 11099338
[write_100000] tvsec: 11106720
[write_100000] tvsec: 11105121
[write_100000] tvsec: 11101929
[write_100000] tvsec: 11105721
[write_100000] tvsec: 11098855
[write_100000] tvsec: 11105206
[write_100000] tvsec: 11110816
[write_100000] tvsec: 11101145
[write_100000] tvsec: 11102804
[write_100000] tvsec: 11108353
[write_100000] tvsec: 11104434
[write_100000] tvsec: 12482903
[write_100000] tvsec: 13888282
[write_100000] tvsec: 13883041
[write_100000] tvsec: 18045302
[write_100000] tvsec: 13883326
[write_100000] tvsec: 18047880
[write_100000] tvsec: 13882682
[write_100000] tvsec: 13885992
[write_100000] tvsec: 18046020
[write_100000] tvsec: 13870109
[write_100000] tvsec: 18050490
[write_100000] tvsec: 13901065
[write_100000] tvsec: 13859080
[write_100000] tvsec: 18037108
[write_100000] tvsec: 13880697
[write_100000] tvsec: 18048675
[write_100000] tvsec: 13870973
[write_100000] tvsec: 13869370
[write_100000] tvsec: 18042658
[write_100000] tvsec: 22223540
[write_100000] tvsec: 22212829
[write_100000] tvsec: 22197566
[write_100000] tvsec: 22205689
[write_100000] tvsec: 22210731
[write_100000] tvsec: 22218632
[write_100000] tvsec: 22202253
[write_100000] tvsec: 70203
[write_100000] tvsec: 84971
[write_100000] tvsec: 85796
[write_100000] tvsec: 69884
[write_100000] tvsec: 69215
[write_100000] tvsec: 68963
[write_100000] tvsec: 56274
[write_100000] tvsec: 41323
[write_100000] tvsec: 41197
[write_100000] tvsec: 41031
[write_100000] tvsec: 41204
[write_100000] tvsec: 41122
[write_100000] tvsec: 41184
[write_100000] tvsec: 41244
[write_100000] tvsec: 41262
[write_100000] tvsec: 41204
[write_100000] tvsec: 41182
[write_100000] tvsec: 41198
[write_100000] tvsec: 41142
[write_100000] tvsec: 41201
[write_100000] tvsec: 41100
[write_100000] tvsec: 41193
[write_100000] tvsec: 41176
[write_100000] tvsec: 41286
[write_100000] tvsec: 41183
[write_100000] tvsec: 41153
[write_100000] tvsec: 41188
[write_100000] tvsec: 41266
[write_100000] tvsec: 41180
[write_100000] tvsec: 41243
[write_100000] tvsec: 41121
[write_100000] tvsec: 41075
[write_100000] tvsec: 41192
[write_100000] tvsec: 41134
[write_100000] tvsec: 41298
[write_100000] tvsec: 41185
[write_100000] tvsec: 41353
[write_100000] tvsec: 40975
[write_100000] tvsec: 41070
[write_100000] tvsec: 41149
[write_100000] tvsec: 41235
[write_100000] tvsec: 41086
[write_100000] tvsec: 41197
[write_100000] tvsec: 41079
[write_100000] tvsec: 41186
[write_100000] tvsec: 41081
[write_100000] tvsec: 41195
[write_100000] tvsec: 41082
[write_100000] tvsec: 41223
[write_100000] tvsec: 41234
[write_100000] tvsec: 41120
[write_100000] tvsec: 48557
[write_100000] tvsec: 41307
[write_100000] tvsec: 41196
[write_100000] tvsec: 41255
[write_100000] tvsec: 41128
[write_100000] tvsec: 40991
[write_100000] tvsec: 41250
[write_100000] tvsec: 41148
[write_100000] tvsec: 41172
[write_100000] tvsec: 41199
[write_100000] tvsec: 41010
[write_100000] tvsec: 41320
[write_100000] tvsec: 41270
[write_100000] tvsec: 41076
[write_100000] tvsec: 41183
[write_100000] tvsec: 41086
[write_100000] tvsec: 41231
[write_100000] tvsec: 41170
[write_100000] tvsec: 41194
[write_100000] tvsec: 41188
[write_100000] tvsec: 41138
[write_100000] tvsec: 41254
[write_100000] tvsec: 41220
[write_100000] tvsec: 41011
[write_100000] tvsec: 41117
[write_100000] tvsec: 41185
[write_100000] tvsec: 41111
[write_100000] tvsec: 41109
[write_100000] tvsec: 41164
[write_100000] tvsec: 41240
[write_100000] tvsec: 41179
[write_100000] tvsec: 41269
[write_100000] tvsec: 41169
[write_100000] tvsec: 41279
[write_100000] tvsec: 41279
[write_100000] tvsec: 41100
[write_100000] tvsec: 41254
[write_100000] tvsec: 41190
[write_100000] tvsec: 41324
[write_100000] tvsec: 41288
[write_100000] tvsec: 41160
[write_100000] tvsec: 41090
[write_100000] tvsec: 41164
[write_100000] tvsec: 41053
[write_100000] tvsec: 41179
[write_100000] tvsec: 41252
[write_100000] tvsec: 41184
[write_100000] tvsec: 41105
[write_100000] tvsec: 41213
done!
[3] tvsec: 5112903320092080 0
[5] tvsec: 5112903320317062 0
[6] tvsec: 5112904279784140 0
[4] tvsec: 5112904280412466 0
[99] tvsec: 5112909618396818 0
[7254,4233386944:17:44:49.731457] Native Client module will be loaded at base address 0x0000001100000000
NaClSelLdrMain 137
NaClSelLdrMain 143
NaClSelLdrMain 165
TODO Should be fixed
>>>> [put this address in sel_ldr.c file] syscallseg: c001a71b0
NaClSyscallSeg: c0000f14c
NaClCreateMainThread 565 argc: 1 argc * sizeof(argv len): 8
copying arg 0  0x561f32ae9945 -> 0x1fffeffe8 (9)
system stack ptr : 00000001fffeffb8
  user stack ptr : 00000001fffeffb8
  user break_addr: 0000000010434058
10434058 10434058 0
NaClAppThreadMake 194
[write_10000] tvsec: 35321338
[write_10000] tvsec: 7790049
[write_10000] tvsec: 8228302
[write_10000] tvsec: 8553990
[write_10000] tvsec: 8237672
[write_10000] tvsec: 6870806
[write_10000] tvsec: 7063592
[write_10000] tvsec: 6841458
[write_10000] tvsec: 6814708
[write_10000] tvsec: 8553187
[write_10000] tvsec: 8238606
[write_10000] tvsec: 6859291
[write_10000] tvsec: 7058908
[write_10000] tvsec: 17977080
[write_10000] tvsec: 6809537
[write_10000] tvsec: 12550561
[write_10000] tvsec: 11076307
[write_10000] tvsec: 11112532
[write_10000] tvsec: 11079984
[write_10000] tvsec: 11132973
[write_10000] tvsec: 11076330
[write_10000] tvsec: 11132562
[write_10000] tvsec: 11070929
[write_10000] tvsec: 11100055
[write_10000] tvsec: 11109856
[write_10000] tvsec: 11111063
[write_10000] tvsec: 11069948
[write_10000] tvsec: 11145287
[write_10000] tvsec: 11098198
[write_10000] tvsec: 11099760
[write_10000] tvsec: 11109884
[write_10000] tvsec: 11096278
[write_10000] tvsec: 11106516
[write_10000] tvsec: 11091600
[write_10000] tvsec: 12478577
[write_10000] tvsec: 12539523
[write_10000] tvsec: 12542291
[write_10000] tvsec: 12501793
[write_10000] tvsec: 23631141
[write_10000] tvsec: 16521495
[write_10000] tvsec: 12525707
[write_10000] tvsec: 12536605
[write_10000] tvsec: 12503964
[write_10000] tvsec: 23647886
[write_10000] tvsec: 16527704
[write_10000] tvsec: 12523983
[write_10000] tvsec: 12501646
[write_10000] tvsec: 12561307
[write_10000] tvsec: 23593109
[write_10000] tvsec: 16544019
[write_10000] tvsec: 12545820
[write_10000] tvsec: 12521318
[write_10000] tvsec: 20786645
[write_10000] tvsec: 15368312
[write_10000] tvsec: 19377712
[write_10000] tvsec: 20791653
[write_10000] tvsec: 15359278
[write_10000] tvsec: 19376673
[write_10000] tvsec: 20788715
[write_10000] tvsec: 15371130
[write_10000] tvsec: 84073909
[write_10000] tvsec: 30470993
[write_10000] tvsec: 18047369
[write_10000] tvsec: 8327531
[write_10000] tvsec: 6938410
[write_10000] tvsec: 8315378
[write_10000] tvsec: 8327794
[write_10000] tvsec: 9684488
[write_10000] tvsec: 18049604
[write_10000] tvsec: 8355423
[write_10000] tvsec: 8288549
[write_10000] tvsec: 9716767
[write_10000] tvsec: 6965221
[write_10000] tvsec: 8285844
[write_10000] tvsec: 8344239
[write_10000] tvsec: 9727111
[write_10000] tvsec: 6900090
[write_10000] tvsec: 8307259
[write_10000] tvsec: 11123000
[write_10000] tvsec: 11092706
[write_10000] tvsec: 11084243
[write_10000] tvsec: 11090467
[write_10000] tvsec: 11086403
[write_10000] tvsec: 11081733
[write_10000] tvsec: 11096577
[write_10000] tvsec: 11085923
[write_10000] tvsec: 11090869
[write_10000] tvsec: 11090063
[write_10000] tvsec: 11100860
[write_10000] tvsec: 11102300
[write_10000] tvsec: 11103375
[write_10000] tvsec: 11084735
[write_10000] tvsec: 11111254
[write_10000] tvsec: 11083150
[write_10000] tvsec: 11089293
[write_10000] tvsec: 11092374
[write_10000] tvsec: 13888740
[write_10000] tvsec: 18034097
[write_10000] tvsec: 13878727
[write_10000] tvsec: 13869567
[write_10000] tvsec: 10280
[write_10000] tvsec: 7205
[write_10000] tvsec: 7010
[write_10000] tvsec: 7178
[write_10000] tvsec: 20052
[write_10000] tvsec: 6919
[write_10000] tvsec: 22291
[write_10000] tvsec: 21649
[write_10000] tvsec: 6969
[write_10000] tvsec: 8021
[write_10000] tvsec: 20533
[write_10000] tvsec: 20070
[write_10000] tvsec: 22297
[write_10000] tvsec: 7137
[write_10000] tvsec: 6962
[write_10000] tvsec: 22162
[write_10000] tvsec: 7169
[write_10000] tvsec: 7022
[write_10000] tvsec: 6975
[write_10000] tvsec: 7080
[write_10000] tvsec: 7253
[write_10000] tvsec: 7038
[write_10000] tvsec: 22438
[write_10000] tvsec: 7464
[write_10000] tvsec: 7288
[write_10000] tvsec: 7138
[write_10000] tvsec: 7189
[write_10000] tvsec: 22272
[write_10000] tvsec: 7095
[write_10000] tvsec: 7082
[write_10000] tvsec: 6947
[write_10000] tvsec: 7846
[write_10000] tvsec: 7221
[write_10000] tvsec: 7215
[write_10000] tvsec: 7217
[write_10000] tvsec: 7254
[write_10000] tvsec: 7171
[write_10000] tvsec: 7256
[write_10000] tvsec: 7131
[write_10000] tvsec: 7008
[write_10000] tvsec: 7444
[write_10000] tvsec: 7131
[write_10000] tvsec: 7103
[write_10000] tvsec: 7075
[write_10000] tvsec: 7224
[write_10000] tvsec: 7140
[write_10000] tvsec: 7138
[write_10000] tvsec: 7090
[write_10000] tvsec: 7143
[write_10000] tvsec: 7079
[write_10000] tvsec: 7171
[write_10000] tvsec: 7138
[write_10000] tvsec: 7087
[write_10000] tvsec: 7097
[write_10000] tvsec: 7089
[write_10000] tvsec: 7220
[write_10000] tvsec: 7123
[write_10000] tvsec: 7116
[write_10000] tvsec: 7115
[write_10000] tvsec: 7012
[write_10000] tvsec: 7127
[write_10000] tvsec: 7093
[write_10000] tvsec: 7086
[write_10000] tvsec: 7139
[write_10000] tvsec: 7164
[write_10000] tvsec: 7108
[write_10000] tvsec: 7147
[write_10000] tvsec: 7122
[write_10000] tvsec: 7118
[write_10000] tvsec: 7173
[write_10000] tvsec: 7148
[write_10000] tvsec: 7122
[write_10000] tvsec: 7107
[write_10000] tvsec: 7123
[write_10000] tvsec: 7137
[write_10000] tvsec: 7060
[write_10000] tvsec: 7138
[write_10000] tvsec: 7115
[write_10000] tvsec: 7129
[write_10000] tvsec: 7089
[write_10000] tvsec: 7108
[write_10000] tvsec: 7113
[write_10000] tvsec: 7123
[write_10000] tvsec: 7154
[write_10000] tvsec: 7100
[write_10000] tvsec: 7113
[write_10000] tvsec: 7112
[write_10000] tvsec: 7120
[write_10000] tvsec: 7153
[write_10000] tvsec: 7075
[write_10000] tvsec: 7121
[write_10000] tvsec: 7223
[write_10000] tvsec: 7168
[write_10000] tvsec: 7081
[write_10000] tvsec: 6998
[write_10000] tvsec: 7166
[write_10000] tvsec: 7133
[write_10000] tvsec: 7143
[write_10000] tvsec: 6910
[write_10000] tvsec: 6987
[write_1000] tvsec: 16249564
[write_1000] tvsec: 23600236
[write_1000] tvsec: 23642989
[write_1000] tvsec: 23602296
[write_1000] tvsec: 27758275
[write_1000] tvsec: 13857153
[write_1000] tvsec: 13874735
[write_1000] tvsec: 16649207
[write_1000] tvsec: 13861189
[write_1000] tvsec: 13853038
[write_1000] tvsec: 16668457
[write_1000] tvsec: 13871461
[write_1000] tvsec: 13834404
[write_1000] tvsec: 27757641
[write_1000] tvsec: 16646418
[write_1000] tvsec: 20831424
[write_1000] tvsec: 30555461
[write_1000] tvsec: 22214012
[write_1000] tvsec: 22183245
[write_1000] tvsec: 22224970
[write_1000] tvsec: 22221148
[write_1000] tvsec: 22184362
[write_1000] tvsec: 70845175
[write_1000] tvsec: 18026736
[write_1000] tvsec: 8321242
[write_1000] tvsec: 9746410
[write_1000] tvsec: 6901534
[write_1000] tvsec: 8362082
[write_1000] tvsec: 8291019
[write_1000] tvsec: 9708258
[write_1000] tvsec: 6966517
[write_1000] tvsec: 8302566
[write_1000] tvsec: 8350623
[write_1000] tvsec: 9682526
[write_1000] tvsec: 6970014
[write_1000] tvsec: 18045015
[write_1000] tvsec: 8298473
[write_1000] tvsec: 6937116
[write_1000] tvsec: 8349404
[write_1000] tvsec: 8296008
[write_1000] tvsec: 11099724
[write_1000] tvsec: 11128888
[write_1000] tvsec: 11078007
[write_1000] tvsec: 11107646
[write_1000] tvsec: 11127152
[write_1000] tvsec: 11103233
[write_1000] tvsec: 11071196
[write_1000] tvsec: 11136823
[write_1000] tvsec: 11077004
[write_1000] tvsec: 11128828
[write_1000] tvsec: 11042874
[write_1000] tvsec: 11113543
[write_1000] tvsec: 11104986
[write_1000] tvsec: 11106527
[write_1000] tvsec: 11114347
[write_1000] tvsec: 11086757
[write_1000] tvsec: 11089810
[write_1000] tvsec: 11144791
[write_1000] tvsec: 12493011
[write_1000] tvsec: 13881564
[write_1000] tvsec: 13879353
[write_1000] tvsec: 18047119
[write_1000] tvsec: 13889908
[write_1000] tvsec: 18010342
[write_1000] tvsec: 13908929
[write_1000] tvsec: 13859945
[write_1000] tvsec: 27776781
[write_1000] tvsec: 13879496
[write_1000] tvsec: 13882286
[write_1000] tvsec: 18043360
[write_1000] tvsec: 13874952
[write_1000] tvsec: 18040770
[write_1000] tvsec: 13884742
[write_1000] tvsec: 13872500
[write_1000] tvsec: 18029130
[write_1000] tvsec: 13895112
[write_1000] tvsec: 18041954
[write_1000] tvsec: 16662771
[write_1000] tvsec: 20816937
[write_1000] tvsec: 22217157
[write_1000] tvsec: 30516446
[write_1000] tvsec: 22216298
[write_1000] tvsec: 22209096
[write_1000] tvsec: 22215874
[write_1000] tvsec: 22219943
[write_1000] tvsec: 73722791
[write_1000] tvsec: 29587254
[write_1000] tvsec: 7100018
[write_1000] tvsec: 6815624
[write_1000] tvsec: 6851376
[write_1000] tvsec: 8503457
[write_1000] tvsec: 6828264
[write_1000] tvsec: 6826774
[write_1000] tvsec: 8527325
[write_1000] tvsec: 6825606
[write_1000] tvsec: 6829053
[write_1000] tvsec: 8531033
[write_1000] tvsec: 6828071
[write_1000] tvsec: 6836701
[write_1000] tvsec: 8518585
[write_1000] tvsec: 6062
[write_1000] tvsec: 3719
[write_1000] tvsec: 3608
[write_1000] tvsec: 3624
[write_1000] tvsec: 3704
[write_1000] tvsec: 3671
[write_1000] tvsec: 16561
[write_1000] tvsec: 21509
[write_1000] tvsec: 3797
[write_1000] tvsec: 3664
[write_1000] tvsec: 3665
[write_1000] tvsec: 3928
[write_1000] tvsec: 3819
[write_1000] tvsec: 3753
[write_1000] tvsec: 16834
[write_1000] tvsec: 3534
[write_1000] tvsec: 3840
[write_1000] tvsec: 4100
[write_1000] tvsec: 4064
[write_1000] tvsec: 3947
[write_1000] tvsec: 3816
[write_1000] tvsec: 3933
[write_1000] tvsec: 3981
[write_1000] tvsec: 3965
[write_1000] tvsec: 3837
[write_1000] tvsec: 3921
[write_1000] tvsec: 3957
[write_1000] tvsec: 17132
[write_1000] tvsec: 3870
[write_1000] tvsec: 19516
[write_1000] tvsec: 3998
[write_1000] tvsec: 17367
[write_1000] tvsec: 3884
[write_1000] tvsec: 3957
[write_1000] tvsec: 3915
[write_1000] tvsec: 3952
[write_1000] tvsec: 4041
[write_1000] tvsec: 3885
[write_1000] tvsec: 3947
[write_1000] tvsec: 3972
[write_1000] tvsec: 3929
[write_1000] tvsec: 3924
[write_1000] tvsec: 3999
[write_1000] tvsec: 3950
[write_1000] tvsec: 4015
[write_1000] tvsec: 3911
[write_1000] tvsec: 4127
[write_1000] tvsec: 3935
[write_1000] tvsec: 3991
[write_1000] tvsec: 4038
[write_1000] tvsec: 4051
[write_1000] tvsec: 3895
[write_1000] tvsec: 3986
[write_1000] tvsec: 3913
[write_1000] tvsec: 3952
[write_1000] tvsec: 3904
[write_1000] tvsec: 3959
[write_1000] tvsec: 3898
[write_1000] tvsec: 3964
[write_1000] tvsec: 3963
[write_1000] tvsec: 4012
[write_1000] tvsec: 4093
[write_1000] tvsec: 3969
[write_1000] tvsec: 3947
[write_1000] tvsec: 3968
[write_1000] tvsec: 3918
[write_1000] tvsec: 3937
[write_1000] tvsec: 3976
[write_1000] tvsec: 3998
[write_1000] tvsec: 4002
[write_1000] tvsec: 3979
[write_1000] tvsec: 3924
[write_1000] tvsec: 3994
[write_1000] tvsec: 3925
[write_1000] tvsec: 3999
[write_1000] tvsec: 3990
[write_1000] tvsec: 3989
[write_1000] tvsec: 3916
[write_1000] tvsec: 3934
[write_1000] tvsec: 3967
[write_1000] tvsec: 3895
[write_1000] tvsec: 3947
[write_1000] tvsec: 3858
[write_1000] tvsec: 3936
[write_1000] tvsec: 3952
[write_1000] tvsec: 3953
[write_1000] tvsec: 3949
[write_1000] tvsec: 3958
[write_1000] tvsec: 3990
[write_1000] tvsec: 3925
[write_1000] tvsec: 3975
[write_1000] tvsec: 3978
[write_1000] tvsec: 3972
[write_1000] tvsec: 3973
[write_1000] tvsec: 3942
[write_1000] tvsec: 3957
[write_1000] tvsec: 3905
[write_1000] tvsec: 4006
[write_1000] tvsec: 3923
[write_1000] tvsec: 3948
[write_100000] tvsec: 35929557
[write_100000] tvsec: 11115054
[write_100000] tvsec: 11103194
[write_100000] tvsec: 11124191
[write_100000] tvsec: 11084847
[write_100000] tvsec: 11090275
[write_100000] tvsec: 11094035
[write_100000] tvsec: 11080791
[write_100000] tvsec: 11097419
[write_100000] tvsec: 11086576
[write_100000] tvsec: 11100423
[write_100000] tvsec: 11107829
[write_100000] tvsec: 11067373
[write_100000] tvsec: 11107819
[write_100000] tvsec: 11126865
[write_100000] tvsec: 12492485
[write_100000] tvsec: 13943455
[write_100000] tvsec: 13922809
[write_100000] tvsec: 16505724
[write_100000] tvsec: 13946108
[write_100000] tvsec: 13924748
[write_100000] tvsec: 16516935
[write_100000] tvsec: 13950808
[write_100000] tvsec: 13939907
[write_100000] tvsec: 16506464
[write_100000] tvsec: 13945950
[write_100000] tvsec: 13926812
[write_100000] tvsec: 16489417
[write_100000] tvsec: 13946779
[write_100000] tvsec: 13940926
[write_100000] tvsec: 16521330
[write_100000] tvsec: 13949929
[write_100000] tvsec: 13922836
[write_100000] tvsec: 16519429
[write_100000] tvsec: 16789884
[write_100000] tvsec: 19364791
[write_100000] tvsec: 22220945
[write_100000] tvsec: 22190168
[write_100000] tvsec: 22199993
[write_100000] tvsec: 22189578
[write_100000] tvsec: 22218965
[write_100000] tvsec: 22205238
[write_100000] tvsec: 83328018
[write_100000] tvsec: 29872871
[write_100000] tvsec: 8343008
[write_100000] tvsec: 11055983
[write_100000] tvsec: 11092327
[write_100000] tvsec: 11087814
[write_100000] tvsec: 11084136
[write_100000] tvsec: 11100140
[write_100000] tvsec: 11084495
[write_100000] tvsec: 11085168
[write_100000] tvsec: 11089086
[write_100000] tvsec: 11089762
[write_100000] tvsec: 12479433
[write_100000] tvsec: 11095729
[write_100000] tvsec: 11082641
[write_100000] tvsec: 11086435
[write_100000] tvsec: 11094846
[write_100000] tvsec: 11087394
[write_100000] tvsec: 11107906
[write_100000] tvsec: 11095814
[write_100000] tvsec: 11092660
[write_100000] tvsec: 11089752
[write_100000] tvsec: 11089411
[write_100000] tvsec: 11092093
[write_100000] tvsec: 11088548
[write_100000] tvsec: 11111943
[write_100000] tvsec: 11075875
[write_100000] tvsec: 11092319
[write_100000] tvsec: 11089560
[write_100000] tvsec: 11092597
[write_100000] tvsec: 12475213
[write_100000] tvsec: 13887353
[write_100000] tvsec: 13878791
[write_100000] tvsec: 18029833
[write_100000] tvsec: 13881802
[write_100000] tvsec: 18032516
[write_100000] tvsec: 13862255
[write_100000] tvsec: 13872174
[write_100000] tvsec: 18029650
[write_100000] tvsec: 13873210
[write_100000] tvsec: 18033613
[write_100000] tvsec: 13867324
[write_100000] tvsec: 13883011
[write_100000] tvsec: 18031746
[write_100000] tvsec: 13888740
[write_100000] tvsec: 18041372
[write_100000] tvsec: 13871679
[write_100000] tvsec: 13883636
[write_100000] tvsec: 18031912
[write_100000] tvsec: 22208096
[write_100000] tvsec: 22199404
[write_100000] tvsec: 22215498
[write_100000] tvsec: 22218757
[write_100000] tvsec: 22213222
[write_100000] tvsec: 22212225
[write_100000] tvsec: 22198644
[write_100000] tvsec: 22212424
[write_100000] tvsec: 96326747
[write_100000] tvsec: 43892
[write_100000] tvsec: 84213
[write_100000] tvsec: 81457
[write_100000] tvsec: 83063
[write_100000] tvsec: 56309
[write_100000] tvsec: 68801
[write_100000] tvsec: 68688
[write_100000] tvsec: 68673
[write_100000] tvsec: 41335
[write_100000] tvsec: 41083
[write_100000] tvsec: 41131
[write_100000] tvsec: 41231
[write_100000] tvsec: 41224
[write_100000] tvsec: 40977
[write_100000] tvsec: 41323
[write_100000] tvsec: 41233
[write_100000] tvsec: 41043
[write_100000] tvsec: 41040
[write_100000] tvsec: 41273
[write_100000] tvsec: 41369
[write_100000] tvsec: 41229
[write_100000] tvsec: 41072
[write_100000] tvsec: 40960
[write_100000] tvsec: 63156
[write_100000] tvsec: 54951
[write_100000] tvsec: 41216
[write_100000] tvsec: 41059
[write_100000] tvsec: 41170
[write_100000] tvsec: 41011
[write_100000] tvsec: 41153
[write_100000] tvsec: 41174
[write_100000] tvsec: 41115
[write_100000] tvsec: 41142
[write_100000] tvsec: 41215
[write_100000] tvsec: 41211
[write_100000] tvsec: 41153
[write_100000] tvsec: 41211
[write_100000] tvsec: 41151
[write_100000] tvsec: 41051
[write_100000] tvsec: 41096
[write_100000] tvsec: 41071
[write_100000] tvsec: 41160
[write_100000] tvsec: 41238
[write_100000] tvsec: 41100
[write_100000] tvsec: 41141
[write_100000] tvsec: 41185
[write_100000] tvsec: 41158
[write_100000] tvsec: 41200
[write_100000] tvsec: 41113
[write_100000] tvsec: 40986
[write_100000] tvsec: 41082
[write_100000] tvsec: 41189
[write_100000] tvsec: 40928
[write_100000] tvsec: 41138
[write_100000] tvsec: 41017
[write_100000] tvsec: 41182
[write_100000] tvsec: 41095
[write_100000] tvsec: 41187
[write_100000] tvsec: 41052
[write_100000] tvsec: 41148
[write_100000] tvsec: 41164
[write_100000] tvsec: 41110
[write_100000] tvsec: 41213
[write_100000] tvsec: 41162
[write_100000] tvsec: 41071
[write_100000] tvsec: 41196
[write_100000] tvsec: 41004
[write_100000] tvsec: 41107
[write_100000] tvsec: 41168
[write_100000] tvsec: 41084
[write_100000] tvsec: 41163
[write_100000] tvsec: 41156
[write_100000] tvsec: 41209
[write_100000] tvsec: 41204
[write_100000] tvsec: 41173
[write_100000] tvsec: 41236
[write_100000] tvsec: 41115
[write_100000] tvsec: 41026
[write_100000] tvsec: 41066
[write_100000] tvsec: 41161
[write_100000] tvsec: 41157
[write_100000] tvsec: 41125
[write_100000] tvsec: 41205
[write_100000] tvsec: 41141
[write_100000] tvsec: 41095
[write_100000] tvsec: 41136
[write_100000] tvsec: 41024
[write_100000] tvsec: 41128
[write_100000] tvsec: 41094
[write_100000] tvsec: 41144
[write_100000] tvsec: 41247
[write_100000] tvsec: 41145
[write_100000] tvsec: 41271
[write_100000] tvsec: 41238
[write_100000] tvsec: 41156
[write_100000] tvsec: 41145
[write_100000] tvsec: 41082
[write_100000] tvsec: 41134
[write_100000] tvsec: 41079
[write_100000] tvsec: 41139
done!
[3] tvsec: 5112912787404189 0
[5] tvsec: 5112912787606752 0
[6] tvsec: 5112913761902511 0
[4] tvsec: 5112913762573716 0
[99] tvsec: 5112918903732419 0
